D:\MYWORK\LEADOR\ABSOLUTE_ORIENTATION2015\ABSOLUTE_ORIENTATION2015.4.3-加入SBA\LIB\IMAGELIB\X64\DEBUG\AFFINE.OBJ
D:\MYWORK\LEADOR\ABSOLUTE_ORIENTATION2015\ABSOLUTE_ORIENTATION2015.4.3-加入SBA\LIB\IMAGELIB\X64\DEBUG\BINIMAGE.OBJ
D:\MYWORK\LEADOR\ABSOLUTE_ORIENTATION2015\ABSOLUTE_ORIENTATION2015.4.3-加入SBA\LIB\IMAGELIB\X64\DEBUG\BINVOLUME.OBJ
D:\MYWORK\LEADOR\ABSOLUTE_ORIENTATION2015\ABSOLUTE_ORIENTATION2015.4.3-加入SBA\LIB\IMAGELIB\X64\DEBUG\BMP.OBJ
D:\MYWORK\LEADOR\ABSOLUTE_ORIENTATION2015\ABSOLUTE_ORIENTATION2015.4.3-加入SBA\LIB\IMAGELIB\X64\DEBUG\CANNY.OBJ
D:\MyWork\Leador\absolute_orientation2015\absolute_orientation2015.4.3-加入sba\lib\imagelib\x64\Debug\cl.command.1.tlog
D:\MyWork\Leador\absolute_orientation2015\absolute_orientation2015.4.3-加入sba\lib\imagelib\x64\Debug\CL.read.1.tlog
D:\MyWork\Leador\absolute_orientation2015\absolute_orientation2015.4.3-加入sba\lib\imagelib\x64\Debug\CL.write.1.tlog
D:\MYWORK\LEADOR\ABSOLUTE_ORIENTATION2015\ABSOLUTE_ORIENTATION2015.4.3-加入SBA\LIB\IMAGELIB\X64\DEBUG\COLOR.OBJ
D:\MYWORK\LEADOR\ABSOLUTE_ORIENTATION2015\ABSOLUTE_ORIENTATION2015.4.3-加入SBA\LIB\IMAGELIB\X64\DEBUG\FILEIO.OBJ
D:\MYWORK\LEADOR\ABSOLUTE_ORIENTATION2015\ABSOLUTE_ORIENTATION2015.4.3-加入SBA\LIB\IMAGELIB\X64\DEBUG\FILTER.OBJ
D:\MYWORK\LEADOR\ABSOLUTE_ORIENTATION2015\ABSOLUTE_ORIENTATION2015.4.3-加入SBA\LIB\IMAGELIB\X64\DEBUG\FIT.OBJ
D:\MYWORK\LEADOR\ABSOLUTE_ORIENTATION2015\ABSOLUTE_ORIENTATION2015.4.3-加入SBA\LIB\IMAGELIB\X64\DEBUG\FMATRIX.OBJ
D:\MYWORK\LEADOR\ABSOLUTE_ORIENTATION2015\ABSOLUTE_ORIENTATION2015.4.3-加入SBA\LIB\IMAGELIB\X64\DEBUG\HOMOGRAPHY.OBJ
D:\MYWORK\LEADOR\ABSOLUTE_ORIENTATION2015\ABSOLUTE_ORIENTATION2015.4.3-加入SBA\LIB\IMAGELIB\X64\DEBUG\HORN.OBJ
D:\MYWORK\LEADOR\ABSOLUTE_ORIENTATION2015\ABSOLUTE_ORIENTATION2015.4.3-加入SBA\LIB\IMAGELIB\X64\DEBUG\IMAGE.OBJ
D:\MyWork\Leador\absolute_orientation2015\absolute_orientation2015.4.3-加入sba\lib\imagelib\x64\Debug\imagelib.write.1.tlog
D:\MYWORK\LEADOR\ABSOLUTE_ORIENTATION2015\ABSOLUTE_ORIENTATION2015.4.3-加入SBA\LIB\IMAGELIB\X64\DEBUG\LERP.OBJ
D:\MyWork\Leador\absolute_orientation2015\absolute_orientation2015.4.3-加入sba\lib\imagelib\x64\Debug\lib.command.1.tlog
D:\MyWork\Leador\absolute_orientation2015\absolute_orientation2015.4.3-加入sba\lib\imagelib\x64\Debug\Lib-link.read.1.tlog
D:\MyWork\Leador\absolute_orientation2015\absolute_orientation2015.4.3-加入sba\lib\imagelib\x64\Debug\Lib-link.write.1.tlog
D:\MYWORK\LEADOR\ABSOLUTE_ORIENTATION2015\ABSOLUTE_ORIENTATION2015.4.3-加入SBA\LIB\IMAGELIB\X64\DEBUG\MORPHOLOGY.OBJ
D:\MYWORK\LEADOR\ABSOLUTE_ORIENTATION2015\ABSOLUTE_ORIENTATION2015.4.3-加入SBA\LIB\IMAGELIB\X64\DEBUG\PGM.OBJ
D:\MYWORK\LEADOR\ABSOLUTE_ORIENTATION2015\ABSOLUTE_ORIENTATION2015.4.3-加入SBA\LIB\IMAGELIB\X64\DEBUG\POLY.OBJ
D:\MYWORK\LEADOR\ABSOLUTE_ORIENTATION2015\ABSOLUTE_ORIENTATION2015.4.3-加入SBA\LIB\IMAGELIB\X64\DEBUG\QSORT.OBJ
D:\MYWORK\LEADOR\ABSOLUTE_ORIENTATION2015\ABSOLUTE_ORIENTATION2015.4.3-加入SBA\LIB\IMAGELIB\X64\DEBUG\RESAMPLE.OBJ
D:\MYWORK\LEADOR\ABSOLUTE_ORIENTATION2015\ABSOLUTE_ORIENTATION2015.4.3-加入SBA\LIB\IMAGELIB\X64\DEBUG\TPS.OBJ
D:\MYWORK\LEADOR\ABSOLUTE_ORIENTATION2015\ABSOLUTE_ORIENTATION2015.4.3-加入SBA\LIB\IMAGELIB\X64\DEBUG\TRANSFORM.OBJ
D:\MYWORK\LEADOR\ABSOLUTE_ORIENTATION2015\ABSOLUTE_ORIENTATION2015.4.3-加入SBA\LIB\IMAGELIB\X64\DEBUG\TRIANGLE.OBJ
D:\MYWORK\LEADOR\ABSOLUTE_ORIENTATION2015\ABSOLUTE_ORIENTATION2015.4.3-加入SBA\LIB\IMAGELIB\X64\DEBUG\TRIANGULATE.OBJ
D:\MYWORK\LEADOR\ABSOLUTE_ORIENTATION2015\ABSOLUTE_ORIENTATION2015.4.3-加入SBA\LIB\IMAGELIB\X64\DEBUG\UTIL.OBJ
D:\MYWORK\LEADOR\ABSOLUTE_ORIENTATION2015\ABSOLUTE_ORIENTATION2015.4.3-加入SBA\LIB\IMAGELIB\X64\DEBUG\VANISH.OBJ
D:\MyWork\Leador\absolute_orientation2015\absolute_orientation2015.4.3-加入sba\lib\imagelib\x64\Debug\vc100.idb
D:\MYWORK\LEADOR\ABSOLUTE_ORIENTATION2015\ABSOLUTE_ORIENTATION2015.4.3-加入SBA\LIB\IMAGELIB\X64\DEBUG\VC100.PDB
D:\MYWORK\LEADOR\ABSOLUTE_ORIENTATION2015\ABSOLUTE_ORIENTATION2015.4.3-加入SBA\X64\DEBUG\IMAGELIB.LIB
