D:\MYWORK\LEADOR\ABSOLUTE_ORIENTATION2015\ABSOLUTE_ORIENTATION2015.4.3-加入SBA\LIB\F2C\X64\DEBUG\ABORT_.OBJ
D:\MYWORK\LEADOR\ABSOLUTE_ORIENTATION2015\ABSOLUTE_ORIENTATION2015.4.3-加入SBA\LIB\F2C\X64\DEBUG\ARITHCHK.OBJ
D:\MYWORK\LEADOR\ABSOLUTE_ORIENTATION2015\ABSOLUTE_ORIENTATION2015.4.3-加入SBA\LIB\F2C\X64\DEBUG\BACKSPAC.OBJ
D:\MYWORK\LEADOR\ABSOLUTE_ORIENTATION2015\ABSOLUTE_ORIENTATION2015.4.3-加入SBA\LIB\F2C\X64\DEBUG\CABS.OBJ
D:\MyWork\Leador\absolute_orientation2015\absolute_orientation2015.4.3-加入sba\lib\f2c\x64\Debug\cl.command.1.tlog
D:\MyWork\Leador\absolute_orientation2015\absolute_orientation2015.4.3-加入sba\lib\f2c\x64\Debug\CL.read.1.tlog
D:\MyWork\Leador\absolute_orientation2015\absolute_orientation2015.4.3-加入sba\lib\f2c\x64\Debug\CL.write.1.tlog
D:\MYWORK\LEADOR\ABSOLUTE_ORIENTATION2015\ABSOLUTE_ORIENTATION2015.4.3-加入SBA\LIB\F2C\X64\DEBUG\CLOSE.OBJ
D:\MYWORK\LEADOR\ABSOLUTE_ORIENTATION2015\ABSOLUTE_ORIENTATION2015.4.3-加入SBA\LIB\F2C\X64\DEBUG\CTYPE.OBJ
D:\MYWORK\LEADOR\ABSOLUTE_ORIENTATION2015\ABSOLUTE_ORIENTATION2015.4.3-加入SBA\LIB\F2C\X64\DEBUG\D_ABS.OBJ
D:\MYWORK\LEADOR\ABSOLUTE_ORIENTATION2015\ABSOLUTE_ORIENTATION2015.4.3-加入SBA\LIB\F2C\X64\DEBUG\D_ACOS.OBJ
D:\MYWORK\LEADOR\ABSOLUTE_ORIENTATION2015\ABSOLUTE_ORIENTATION2015.4.3-加入SBA\LIB\F2C\X64\DEBUG\D_ASIN.OBJ
D:\MYWORK\LEADOR\ABSOLUTE_ORIENTATION2015\ABSOLUTE_ORIENTATION2015.4.3-加入SBA\LIB\F2C\X64\DEBUG\D_ATAN.OBJ
D:\MYWORK\LEADOR\ABSOLUTE_ORIENTATION2015\ABSOLUTE_ORIENTATION2015.4.3-加入SBA\LIB\F2C\X64\DEBUG\D_ATN2.OBJ
D:\MYWORK\LEADOR\ABSOLUTE_ORIENTATION2015\ABSOLUTE_ORIENTATION2015.4.3-加入SBA\LIB\F2C\X64\DEBUG\D_CNJG.OBJ
D:\MYWORK\LEADOR\ABSOLUTE_ORIENTATION2015\ABSOLUTE_ORIENTATION2015.4.3-加入SBA\LIB\F2C\X64\DEBUG\D_COS.OBJ
D:\MYWORK\LEADOR\ABSOLUTE_ORIENTATION2015\ABSOLUTE_ORIENTATION2015.4.3-加入SBA\LIB\F2C\X64\DEBUG\D_COSH.OBJ
D:\MYWORK\LEADOR\ABSOLUTE_ORIENTATION2015\ABSOLUTE_ORIENTATION2015.4.3-加入SBA\LIB\F2C\X64\DEBUG\D_DIM.OBJ
D:\MYWORK\LEADOR\ABSOLUTE_ORIENTATION2015\ABSOLUTE_ORIENTATION2015.4.3-加入SBA\LIB\F2C\X64\DEBUG\D_EXP.OBJ
D:\MYWORK\LEADOR\ABSOLUTE_ORIENTATION2015\ABSOLUTE_ORIENTATION2015.4.3-加入SBA\LIB\F2C\X64\DEBUG\D_IMAG.OBJ
D:\MYWORK\LEADOR\ABSOLUTE_ORIENTATION2015\ABSOLUTE_ORIENTATION2015.4.3-加入SBA\LIB\F2C\X64\DEBUG\D_INT.OBJ
D:\MYWORK\LEADOR\ABSOLUTE_ORIENTATION2015\ABSOLUTE_ORIENTATION2015.4.3-加入SBA\LIB\F2C\X64\DEBUG\D_LG10.OBJ
D:\MYWORK\LEADOR\ABSOLUTE_ORIENTATION2015\ABSOLUTE_ORIENTATION2015.4.3-加入SBA\LIB\F2C\X64\DEBUG\D_LOG.OBJ
D:\MYWORK\LEADOR\ABSOLUTE_ORIENTATION2015\ABSOLUTE_ORIENTATION2015.4.3-加入SBA\LIB\F2C\X64\DEBUG\D_MOD.OBJ
D:\MYWORK\LEADOR\ABSOLUTE_ORIENTATION2015\ABSOLUTE_ORIENTATION2015.4.3-加入SBA\LIB\F2C\X64\DEBUG\D_NINT.OBJ
D:\MYWORK\LEADOR\ABSOLUTE_ORIENTATION2015\ABSOLUTE_ORIENTATION2015.4.3-加入SBA\LIB\F2C\X64\DEBUG\D_PROD.OBJ
D:\MYWORK\LEADOR\ABSOLUTE_ORIENTATION2015\ABSOLUTE_ORIENTATION2015.4.3-加入SBA\LIB\F2C\X64\DEBUG\D_SIGN.OBJ
D:\MYWORK\LEADOR\ABSOLUTE_ORIENTATION2015\ABSOLUTE_ORIENTATION2015.4.3-加入SBA\LIB\F2C\X64\DEBUG\D_SIN.OBJ
D:\MYWORK\LEADOR\ABSOLUTE_ORIENTATION2015\ABSOLUTE_ORIENTATION2015.4.3-加入SBA\LIB\F2C\X64\DEBUG\D_SINH.OBJ
D:\MYWORK\LEADOR\ABSOLUTE_ORIENTATION2015\ABSOLUTE_ORIENTATION2015.4.3-加入SBA\LIB\F2C\X64\DEBUG\D_SQRT.OBJ
D:\MYWORK\LEADOR\ABSOLUTE_ORIENTATION2015\ABSOLUTE_ORIENTATION2015.4.3-加入SBA\LIB\F2C\X64\DEBUG\D_TAN.OBJ
D:\MYWORK\LEADOR\ABSOLUTE_ORIENTATION2015\ABSOLUTE_ORIENTATION2015.4.3-加入SBA\LIB\F2C\X64\DEBUG\D_TANH.OBJ
D:\MYWORK\LEADOR\ABSOLUTE_ORIENTATION2015\ABSOLUTE_ORIENTATION2015.4.3-加入SBA\LIB\F2C\X64\DEBUG\DERF_.OBJ
D:\MYWORK\LEADOR\ABSOLUTE_ORIENTATION2015\ABSOLUTE_ORIENTATION2015.4.3-加入SBA\LIB\F2C\X64\DEBUG\DERFC_.OBJ
D:\MYWORK\LEADOR\ABSOLUTE_ORIENTATION2015\ABSOLUTE_ORIENTATION2015.4.3-加入SBA\LIB\F2C\X64\DEBUG\DFE.OBJ
D:\MYWORK\LEADOR\ABSOLUTE_ORIENTATION2015\ABSOLUTE_ORIENTATION2015.4.3-加入SBA\LIB\F2C\X64\DEBUG\DOLIO.OBJ
D:\MYWORK\LEADOR\ABSOLUTE_ORIENTATION2015\ABSOLUTE_ORIENTATION2015.4.3-加入SBA\LIB\F2C\X64\DEBUG\DTIME_.OBJ
D:\MYWORK\LEADOR\ABSOLUTE_ORIENTATION2015\ABSOLUTE_ORIENTATION2015.4.3-加入SBA\LIB\F2C\X64\DEBUG\DUE.OBJ
D:\MYWORK\LEADOR\ABSOLUTE_ORIENTATION2015\ABSOLUTE_ORIENTATION2015.4.3-加入SBA\LIB\F2C\X64\DEBUG\EF1ASC_.OBJ
D:\MYWORK\LEADOR\ABSOLUTE_ORIENTATION2015\ABSOLUTE_ORIENTATION2015.4.3-加入SBA\LIB\F2C\X64\DEBUG\EF1CMC_.OBJ
D:\MYWORK\LEADOR\ABSOLUTE_ORIENTATION2015\ABSOLUTE_ORIENTATION2015.4.3-加入SBA\LIB\F2C\X64\DEBUG\ENDFILE.OBJ
D:\MYWORK\LEADOR\ABSOLUTE_ORIENTATION2015\ABSOLUTE_ORIENTATION2015.4.3-加入SBA\LIB\F2C\X64\DEBUG\ERF_.OBJ
D:\MYWORK\LEADOR\ABSOLUTE_ORIENTATION2015\ABSOLUTE_ORIENTATION2015.4.3-加入SBA\LIB\F2C\X64\DEBUG\ERFC_.OBJ
D:\MYWORK\LEADOR\ABSOLUTE_ORIENTATION2015\ABSOLUTE_ORIENTATION2015.4.3-加入SBA\LIB\F2C\X64\DEBUG\ERR.OBJ
D:\MYWORK\LEADOR\ABSOLUTE_ORIENTATION2015\ABSOLUTE_ORIENTATION2015.4.3-加入SBA\LIB\F2C\X64\DEBUG\ETIME_.OBJ
D:\MYWORK\LEADOR\ABSOLUTE_ORIENTATION2015\ABSOLUTE_ORIENTATION2015.4.3-加入SBA\LIB\F2C\X64\DEBUG\EXIT_.OBJ
D:\MyWork\Leador\absolute_orientation2015\absolute_orientation2015.4.3-加入sba\lib\f2c\x64\Debug\f2c.write.1.tlog
D:\MYWORK\LEADOR\ABSOLUTE_ORIENTATION2015\ABSOLUTE_ORIENTATION2015.4.3-加入SBA\LIB\F2C\X64\DEBUG\F77_ALOC.OBJ
D:\MYWORK\LEADOR\ABSOLUTE_ORIENTATION2015\ABSOLUTE_ORIENTATION2015.4.3-加入SBA\LIB\F2C\X64\DEBUG\F77VERS.OBJ
D:\MYWORK\LEADOR\ABSOLUTE_ORIENTATION2015\ABSOLUTE_ORIENTATION2015.4.3-加入SBA\LIB\F2C\X64\DEBUG\FMT.OBJ
D:\MYWORK\LEADOR\ABSOLUTE_ORIENTATION2015\ABSOLUTE_ORIENTATION2015.4.3-加入SBA\LIB\F2C\X64\DEBUG\FMTLIB.OBJ
D:\MYWORK\LEADOR\ABSOLUTE_ORIENTATION2015\ABSOLUTE_ORIENTATION2015.4.3-加入SBA\LIB\F2C\X64\DEBUG\FTELL_.OBJ
D:\MYWORK\LEADOR\ABSOLUTE_ORIENTATION2015\ABSOLUTE_ORIENTATION2015.4.3-加入SBA\LIB\F2C\X64\DEBUG\GETARG_.OBJ
D:\MYWORK\LEADOR\ABSOLUTE_ORIENTATION2015\ABSOLUTE_ORIENTATION2015.4.3-加入SBA\LIB\F2C\X64\DEBUG\GETENV_.OBJ
D:\MYWORK\LEADOR\ABSOLUTE_ORIENTATION2015\ABSOLUTE_ORIENTATION2015.4.3-加入SBA\LIB\F2C\X64\DEBUG\H_ABS.OBJ
D:\MYWORK\LEADOR\ABSOLUTE_ORIENTATION2015\ABSOLUTE_ORIENTATION2015.4.3-加入SBA\LIB\F2C\X64\DEBUG\H_DIM.OBJ
D:\MYWORK\LEADOR\ABSOLUTE_ORIENTATION2015\ABSOLUTE_ORIENTATION2015.4.3-加入SBA\LIB\F2C\X64\DEBUG\H_DNNT.OBJ
D:\MYWORK\LEADOR\ABSOLUTE_ORIENTATION2015\ABSOLUTE_ORIENTATION2015.4.3-加入SBA\LIB\F2C\X64\DEBUG\H_INDX.OBJ
D:\MYWORK\LEADOR\ABSOLUTE_ORIENTATION2015\ABSOLUTE_ORIENTATION2015.4.3-加入SBA\LIB\F2C\X64\DEBUG\H_LEN.OBJ
D:\MYWORK\LEADOR\ABSOLUTE_ORIENTATION2015\ABSOLUTE_ORIENTATION2015.4.3-加入SBA\LIB\F2C\X64\DEBUG\H_MOD.OBJ
D:\MYWORK\LEADOR\ABSOLUTE_ORIENTATION2015\ABSOLUTE_ORIENTATION2015.4.3-加入SBA\LIB\F2C\X64\DEBUG\H_NINT.OBJ
D:\MYWORK\LEADOR\ABSOLUTE_ORIENTATION2015\ABSOLUTE_ORIENTATION2015.4.3-加入SBA\LIB\F2C\X64\DEBUG\H_SIGN.OBJ
D:\MYWORK\LEADOR\ABSOLUTE_ORIENTATION2015\ABSOLUTE_ORIENTATION2015.4.3-加入SBA\LIB\F2C\X64\DEBUG\HL_GE.OBJ
D:\MYWORK\LEADOR\ABSOLUTE_ORIENTATION2015\ABSOLUTE_ORIENTATION2015.4.3-加入SBA\LIB\F2C\X64\DEBUG\HL_GT.OBJ
D:\MYWORK\LEADOR\ABSOLUTE_ORIENTATION2015\ABSOLUTE_ORIENTATION2015.4.3-加入SBA\LIB\F2C\X64\DEBUG\HL_LE.OBJ
D:\MYWORK\LEADOR\ABSOLUTE_ORIENTATION2015\ABSOLUTE_ORIENTATION2015.4.3-加入SBA\LIB\F2C\X64\DEBUG\HL_LT.OBJ
D:\MYWORK\LEADOR\ABSOLUTE_ORIENTATION2015\ABSOLUTE_ORIENTATION2015.4.3-加入SBA\LIB\F2C\X64\DEBUG\I_ABS.OBJ
D:\MYWORK\LEADOR\ABSOLUTE_ORIENTATION2015\ABSOLUTE_ORIENTATION2015.4.3-加入SBA\LIB\F2C\X64\DEBUG\I_DIM.OBJ
D:\MYWORK\LEADOR\ABSOLUTE_ORIENTATION2015\ABSOLUTE_ORIENTATION2015.4.3-加入SBA\LIB\F2C\X64\DEBUG\I_DNNT.OBJ
D:\MYWORK\LEADOR\ABSOLUTE_ORIENTATION2015\ABSOLUTE_ORIENTATION2015.4.3-加入SBA\LIB\F2C\X64\DEBUG\I_INDX.OBJ
D:\MYWORK\LEADOR\ABSOLUTE_ORIENTATION2015\ABSOLUTE_ORIENTATION2015.4.3-加入SBA\LIB\F2C\X64\DEBUG\I_LEN.OBJ
D:\MYWORK\LEADOR\ABSOLUTE_ORIENTATION2015\ABSOLUTE_ORIENTATION2015.4.3-加入SBA\LIB\F2C\X64\DEBUG\I_MOD.OBJ
D:\MYWORK\LEADOR\ABSOLUTE_ORIENTATION2015\ABSOLUTE_ORIENTATION2015.4.3-加入SBA\LIB\F2C\X64\DEBUG\I_NINT.OBJ
D:\MYWORK\LEADOR\ABSOLUTE_ORIENTATION2015\ABSOLUTE_ORIENTATION2015.4.3-加入SBA\LIB\F2C\X64\DEBUG\I_SIGN.OBJ
D:\MYWORK\LEADOR\ABSOLUTE_ORIENTATION2015\ABSOLUTE_ORIENTATION2015.4.3-加入SBA\LIB\F2C\X64\DEBUG\I77VERS.OBJ
D:\MYWORK\LEADOR\ABSOLUTE_ORIENTATION2015\ABSOLUTE_ORIENTATION2015.4.3-加入SBA\LIB\F2C\X64\DEBUG\IARGC_.OBJ
D:\MYWORK\LEADOR\ABSOLUTE_ORIENTATION2015\ABSOLUTE_ORIENTATION2015.4.3-加入SBA\LIB\F2C\X64\DEBUG\IIO.OBJ
D:\MYWORK\LEADOR\ABSOLUTE_ORIENTATION2015\ABSOLUTE_ORIENTATION2015.4.3-加入SBA\LIB\F2C\X64\DEBUG\ILNW.OBJ
D:\MYWORK\LEADOR\ABSOLUTE_ORIENTATION2015\ABSOLUTE_ORIENTATION2015.4.3-加入SBA\LIB\F2C\X64\DEBUG\INQUIRE.OBJ
D:\MYWORK\LEADOR\ABSOLUTE_ORIENTATION2015\ABSOLUTE_ORIENTATION2015.4.3-加入SBA\LIB\F2C\X64\DEBUG\L_GE.OBJ
D:\MYWORK\LEADOR\ABSOLUTE_ORIENTATION2015\ABSOLUTE_ORIENTATION2015.4.3-加入SBA\LIB\F2C\X64\DEBUG\L_GT.OBJ
D:\MYWORK\LEADOR\ABSOLUTE_ORIENTATION2015\ABSOLUTE_ORIENTATION2015.4.3-加入SBA\LIB\F2C\X64\DEBUG\L_LE.OBJ
D:\MYWORK\LEADOR\ABSOLUTE_ORIENTATION2015\ABSOLUTE_ORIENTATION2015.4.3-加入SBA\LIB\F2C\X64\DEBUG\L_LT.OBJ
D:\MYWORK\LEADOR\ABSOLUTE_ORIENTATION2015\ABSOLUTE_ORIENTATION2015.4.3-加入SBA\LIB\F2C\X64\DEBUG\LBITBITS.OBJ
D:\MYWORK\LEADOR\ABSOLUTE_ORIENTATION2015\ABSOLUTE_ORIENTATION2015.4.3-加入SBA\LIB\F2C\X64\DEBUG\LBITSHFT.OBJ
D:\MyWork\Leador\absolute_orientation2015\absolute_orientation2015.4.3-加入sba\lib\f2c\x64\Debug\lib.command.1.tlog
D:\MyWork\Leador\absolute_orientation2015\absolute_orientation2015.4.3-加入sba\lib\f2c\x64\Debug\Lib-link.read.1.tlog
D:\MyWork\Leador\absolute_orientation2015\absolute_orientation2015.4.3-加入sba\lib\f2c\x64\Debug\Lib-link.write.1.tlog
D:\MYWORK\LEADOR\ABSOLUTE_ORIENTATION2015\ABSOLUTE_ORIENTATION2015.4.3-加入SBA\LIB\F2C\X64\DEBUG\LREAD.OBJ
D:\MYWORK\LEADOR\ABSOLUTE_ORIENTATION2015\ABSOLUTE_ORIENTATION2015.4.3-加入SBA\LIB\F2C\X64\DEBUG\LWRITE.OBJ
D:\MYWORK\LEADOR\ABSOLUTE_ORIENTATION2015\ABSOLUTE_ORIENTATION2015.4.3-加入SBA\LIB\F2C\X64\DEBUG\MAIN.OBJ
D:\MYWORK\LEADOR\ABSOLUTE_ORIENTATION2015\ABSOLUTE_ORIENTATION2015.4.3-加入SBA\LIB\F2C\X64\DEBUG\OPEN.OBJ
D:\MYWORK\LEADOR\ABSOLUTE_ORIENTATION2015\ABSOLUTE_ORIENTATION2015.4.3-加入SBA\LIB\F2C\X64\DEBUG\POW_CI.OBJ
D:\MYWORK\LEADOR\ABSOLUTE_ORIENTATION2015\ABSOLUTE_ORIENTATION2015.4.3-加入SBA\LIB\F2C\X64\DEBUG\POW_DD.OBJ
D:\MYWORK\LEADOR\ABSOLUTE_ORIENTATION2015\ABSOLUTE_ORIENTATION2015.4.3-加入SBA\LIB\F2C\X64\DEBUG\POW_DI.OBJ
D:\MYWORK\LEADOR\ABSOLUTE_ORIENTATION2015\ABSOLUTE_ORIENTATION2015.4.3-加入SBA\LIB\F2C\X64\DEBUG\POW_HH.OBJ
D:\MYWORK\LEADOR\ABSOLUTE_ORIENTATION2015\ABSOLUTE_ORIENTATION2015.4.3-加入SBA\LIB\F2C\X64\DEBUG\POW_II.OBJ
D:\MYWORK\LEADOR\ABSOLUTE_ORIENTATION2015\ABSOLUTE_ORIENTATION2015.4.3-加入SBA\LIB\F2C\X64\DEBUG\POW_RI.OBJ
D:\MYWORK\LEADOR\ABSOLUTE_ORIENTATION2015\ABSOLUTE_ORIENTATION2015.4.3-加入SBA\LIB\F2C\X64\DEBUG\POW_ZI.OBJ
D:\MYWORK\LEADOR\ABSOLUTE_ORIENTATION2015\ABSOLUTE_ORIENTATION2015.4.3-加入SBA\LIB\F2C\X64\DEBUG\POW_ZZ.OBJ
D:\MYWORK\LEADOR\ABSOLUTE_ORIENTATION2015\ABSOLUTE_ORIENTATION2015.4.3-加入SBA\LIB\F2C\X64\DEBUG\R_ABS.OBJ
D:\MYWORK\LEADOR\ABSOLUTE_ORIENTATION2015\ABSOLUTE_ORIENTATION2015.4.3-加入SBA\LIB\F2C\X64\DEBUG\R_ACOS.OBJ
D:\MYWORK\LEADOR\ABSOLUTE_ORIENTATION2015\ABSOLUTE_ORIENTATION2015.4.3-加入SBA\LIB\F2C\X64\DEBUG\R_ASIN.OBJ
D:\MYWORK\LEADOR\ABSOLUTE_ORIENTATION2015\ABSOLUTE_ORIENTATION2015.4.3-加入SBA\LIB\F2C\X64\DEBUG\R_ATAN.OBJ
D:\MYWORK\LEADOR\ABSOLUTE_ORIENTATION2015\ABSOLUTE_ORIENTATION2015.4.3-加入SBA\LIB\F2C\X64\DEBUG\R_ATN2.OBJ
D:\MYWORK\LEADOR\ABSOLUTE_ORIENTATION2015\ABSOLUTE_ORIENTATION2015.4.3-加入SBA\LIB\F2C\X64\DEBUG\R_CNJG.OBJ
D:\MYWORK\LEADOR\ABSOLUTE_ORIENTATION2015\ABSOLUTE_ORIENTATION2015.4.3-加入SBA\LIB\F2C\X64\DEBUG\R_COS.OBJ
D:\MYWORK\LEADOR\ABSOLUTE_ORIENTATION2015\ABSOLUTE_ORIENTATION2015.4.3-加入SBA\LIB\F2C\X64\DEBUG\R_COSH.OBJ
D:\MYWORK\LEADOR\ABSOLUTE_ORIENTATION2015\ABSOLUTE_ORIENTATION2015.4.3-加入SBA\LIB\F2C\X64\DEBUG\R_DIM.OBJ
D:\MYWORK\LEADOR\ABSOLUTE_ORIENTATION2015\ABSOLUTE_ORIENTATION2015.4.3-加入SBA\LIB\F2C\X64\DEBUG\R_EXP.OBJ
D:\MYWORK\LEADOR\ABSOLUTE_ORIENTATION2015\ABSOLUTE_ORIENTATION2015.4.3-加入SBA\LIB\F2C\X64\DEBUG\R_IMAG.OBJ
D:\MYWORK\LEADOR\ABSOLUTE_ORIENTATION2015\ABSOLUTE_ORIENTATION2015.4.3-加入SBA\LIB\F2C\X64\DEBUG\R_INT.OBJ
D:\MYWORK\LEADOR\ABSOLUTE_ORIENTATION2015\ABSOLUTE_ORIENTATION2015.4.3-加入SBA\LIB\F2C\X64\DEBUG\R_LG10.OBJ
D:\MYWORK\LEADOR\ABSOLUTE_ORIENTATION2015\ABSOLUTE_ORIENTATION2015.4.3-加入SBA\LIB\F2C\X64\DEBUG\R_LOG.OBJ
D:\MYWORK\LEADOR\ABSOLUTE_ORIENTATION2015\ABSOLUTE_ORIENTATION2015.4.3-加入SBA\LIB\F2C\X64\DEBUG\R_MOD.OBJ
D:\MYWORK\LEADOR\ABSOLUTE_ORIENTATION2015\ABSOLUTE_ORIENTATION2015.4.3-加入SBA\LIB\F2C\X64\DEBUG\R_NINT.OBJ
D:\MYWORK\LEADOR\ABSOLUTE_ORIENTATION2015\ABSOLUTE_ORIENTATION2015.4.3-加入SBA\LIB\F2C\X64\DEBUG\R_SIGN.OBJ
D:\MYWORK\LEADOR\ABSOLUTE_ORIENTATION2015\ABSOLUTE_ORIENTATION2015.4.3-加入SBA\LIB\F2C\X64\DEBUG\R_SIN.OBJ
D:\MYWORK\LEADOR\ABSOLUTE_ORIENTATION2015\ABSOLUTE_ORIENTATION2015.4.3-加入SBA\LIB\F2C\X64\DEBUG\R_SINH.OBJ
D:\MYWORK\LEADOR\ABSOLUTE_ORIENTATION2015\ABSOLUTE_ORIENTATION2015.4.3-加入SBA\LIB\F2C\X64\DEBUG\R_SQRT.OBJ
D:\MYWORK\LEADOR\ABSOLUTE_ORIENTATION2015\ABSOLUTE_ORIENTATION2015.4.3-加入SBA\LIB\F2C\X64\DEBUG\R_TAN.OBJ
D:\MYWORK\LEADOR\ABSOLUTE_ORIENTATION2015\ABSOLUTE_ORIENTATION2015.4.3-加入SBA\LIB\F2C\X64\DEBUG\R_TANH.OBJ
D:\MYWORK\LEADOR\ABSOLUTE_ORIENTATION2015\ABSOLUTE_ORIENTATION2015.4.3-加入SBA\LIB\F2C\X64\DEBUG\RDFMT.OBJ
D:\MYWORK\LEADOR\ABSOLUTE_ORIENTATION2015\ABSOLUTE_ORIENTATION2015.4.3-加入SBA\LIB\F2C\X64\DEBUG\REWIND.OBJ
D:\MYWORK\LEADOR\ABSOLUTE_ORIENTATION2015\ABSOLUTE_ORIENTATION2015.4.3-加入SBA\LIB\F2C\X64\DEBUG\RSFE.OBJ
D:\MYWORK\LEADOR\ABSOLUTE_ORIENTATION2015\ABSOLUTE_ORIENTATION2015.4.3-加入SBA\LIB\F2C\X64\DEBUG\RSLI.OBJ
D:\MYWORK\LEADOR\ABSOLUTE_ORIENTATION2015\ABSOLUTE_ORIENTATION2015.4.3-加入SBA\LIB\F2C\X64\DEBUG\RSNE.OBJ
D:\MYWORK\LEADOR\ABSOLUTE_ORIENTATION2015\ABSOLUTE_ORIENTATION2015.4.3-加入SBA\LIB\F2C\X64\DEBUG\S_CAT.OBJ
D:\MYWORK\LEADOR\ABSOLUTE_ORIENTATION2015\ABSOLUTE_ORIENTATION2015.4.3-加入SBA\LIB\F2C\X64\DEBUG\S_CMP.OBJ
D:\MYWORK\LEADOR\ABSOLUTE_ORIENTATION2015\ABSOLUTE_ORIENTATION2015.4.3-加入SBA\LIB\F2C\X64\DEBUG\S_COPY.OBJ
D:\MYWORK\LEADOR\ABSOLUTE_ORIENTATION2015\ABSOLUTE_ORIENTATION2015.4.3-加入SBA\LIB\F2C\X64\DEBUG\S_PAUS.OBJ
D:\MYWORK\LEADOR\ABSOLUTE_ORIENTATION2015\ABSOLUTE_ORIENTATION2015.4.3-加入SBA\LIB\F2C\X64\DEBUG\S_RNGE.OBJ
D:\MYWORK\LEADOR\ABSOLUTE_ORIENTATION2015\ABSOLUTE_ORIENTATION2015.4.3-加入SBA\LIB\F2C\X64\DEBUG\S_STOP.OBJ
D:\MYWORK\LEADOR\ABSOLUTE_ORIENTATION2015\ABSOLUTE_ORIENTATION2015.4.3-加入SBA\LIB\F2C\X64\DEBUG\SFE.OBJ
D:\MYWORK\LEADOR\ABSOLUTE_ORIENTATION2015\ABSOLUTE_ORIENTATION2015.4.3-加入SBA\LIB\F2C\X64\DEBUG\SIG_DIE.OBJ
D:\MYWORK\LEADOR\ABSOLUTE_ORIENTATION2015\ABSOLUTE_ORIENTATION2015.4.3-加入SBA\LIB\F2C\X64\DEBUG\SIGNAL_.OBJ
D:\MYWORK\LEADOR\ABSOLUTE_ORIENTATION2015\ABSOLUTE_ORIENTATION2015.4.3-加入SBA\LIB\F2C\X64\DEBUG\SIGNBIT.OBJ
D:\MYWORK\LEADOR\ABSOLUTE_ORIENTATION2015\ABSOLUTE_ORIENTATION2015.4.3-加入SBA\LIB\F2C\X64\DEBUG\SUE.OBJ
D:\MYWORK\LEADOR\ABSOLUTE_ORIENTATION2015\ABSOLUTE_ORIENTATION2015.4.3-加入SBA\LIB\F2C\X64\DEBUG\SYSTEM_.OBJ
D:\MYWORK\LEADOR\ABSOLUTE_ORIENTATION2015\ABSOLUTE_ORIENTATION2015.4.3-加入SBA\LIB\F2C\X64\DEBUG\TYPESIZE.OBJ
D:\MYWORK\LEADOR\ABSOLUTE_ORIENTATION2015\ABSOLUTE_ORIENTATION2015.4.3-加入SBA\LIB\F2C\X64\DEBUG\UIO.OBJ
D:\MYWORK\LEADOR\ABSOLUTE_ORIENTATION2015\ABSOLUTE_ORIENTATION2015.4.3-加入SBA\LIB\F2C\X64\DEBUG\UNINIT.OBJ
D:\MYWORK\LEADOR\ABSOLUTE_ORIENTATION2015\ABSOLUTE_ORIENTATION2015.4.3-加入SBA\LIB\F2C\X64\DEBUG\UTIL.OBJ
D:\MyWork\Leador\absolute_orientation2015\absolute_orientation2015.4.3-加入sba\lib\f2c\x64\Debug\vc100.idb
D:\MYWORK\LEADOR\ABSOLUTE_ORIENTATION2015\ABSOLUTE_ORIENTATION2015.4.3-加入SBA\LIB\F2C\X64\DEBUG\VC100.PDB
D:\MYWORK\LEADOR\ABSOLUTE_ORIENTATION2015\ABSOLUTE_ORIENTATION2015.4.3-加入SBA\LIB\F2C\X64\DEBUG\WREF.OBJ
D:\MYWORK\LEADOR\ABSOLUTE_ORIENTATION2015\ABSOLUTE_ORIENTATION2015.4.3-加入SBA\LIB\F2C\X64\DEBUG\WRTFMT.OBJ
D:\MYWORK\LEADOR\ABSOLUTE_ORIENTATION2015\ABSOLUTE_ORIENTATION2015.4.3-加入SBA\LIB\F2C\X64\DEBUG\WSFE.OBJ
D:\MYWORK\LEADOR\ABSOLUTE_ORIENTATION2015\ABSOLUTE_ORIENTATION2015.4.3-加入SBA\LIB\F2C\X64\DEBUG\WSLE.OBJ
D:\MYWORK\LEADOR\ABSOLUTE_ORIENTATION2015\ABSOLUTE_ORIENTATION2015.4.3-加入SBA\LIB\F2C\X64\DEBUG\WSNE.OBJ
D:\MYWORK\LEADOR\ABSOLUTE_ORIENTATION2015\ABSOLUTE_ORIENTATION2015.4.3-加入SBA\LIB\F2C\X64\DEBUG\XWSNE.OBJ
D:\MYWORK\LEADOR\ABSOLUTE_ORIENTATION2015\ABSOLUTE_ORIENTATION2015.4.3-加入SBA\LIB\F2C\X64\DEBUG\Z_ABS.OBJ
D:\MYWORK\LEADOR\ABSOLUTE_ORIENTATION2015\ABSOLUTE_ORIENTATION2015.4.3-加入SBA\LIB\F2C\X64\DEBUG\Z_COS.OBJ
D:\MYWORK\LEADOR\ABSOLUTE_ORIENTATION2015\ABSOLUTE_ORIENTATION2015.4.3-加入SBA\LIB\F2C\X64\DEBUG\Z_DIV.OBJ
D:\MYWORK\LEADOR\ABSOLUTE_ORIENTATION2015\ABSOLUTE_ORIENTATION2015.4.3-加入SBA\LIB\F2C\X64\DEBUG\Z_EXP.OBJ
D:\MYWORK\LEADOR\ABSOLUTE_ORIENTATION2015\ABSOLUTE_ORIENTATION2015.4.3-加入SBA\LIB\F2C\X64\DEBUG\Z_LOG.OBJ
D:\MYWORK\LEADOR\ABSOLUTE_ORIENTATION2015\ABSOLUTE_ORIENTATION2015.4.3-加入SBA\LIB\F2C\X64\DEBUG\Z_SIN.OBJ
D:\MYWORK\LEADOR\ABSOLUTE_ORIENTATION2015\ABSOLUTE_ORIENTATION2015.4.3-加入SBA\LIB\F2C\X64\DEBUG\Z_SQRT.OBJ
D:\MYWORK\LEADOR\ABSOLUTE_ORIENTATION2015\ABSOLUTE_ORIENTATION2015.4.3-加入SBA\X64\DEBUG\F2C.LIB
