生成启动时间为 2016/1/4 11:19:46。
     1>项目“D:\1-zengWorkspace\1-bundler_streetViewCode\absolute_orientation2015.4.3-加入sba\absolute_orientation2015.4.3-加入sba\lib\5point\5point.vcxproj”在节点 3 上(build 个目标)。
     1>InitializeBuildStatus:
         正在创建“x64\Debug\5point.unsuccessfulbuild”，因为已指定“AlwaysCreate”。
       ClCompile:
         C:\Program Files (x86)\Microsoft Visual Studio 10.0\VC\bin\x86_amd64\CL.exe /c /I..\include /I..\imagelib /I..\matrix /Zi /nologo /W3 /WX- /Od /D WIN32 /D _DEBUG /D _LIB /D _UNICODE /D UNICODE /Gm /EHsc /RTC1 /MDd /GS /fp:precise /Zc:wchar_t /Zc:forScope /Fo"x64\Debug\\" /Fd"x64\Debug\vc100.pdb" /Gd /TC /errorReport:prompt 5point.c poly1.c poly3.c
         poly3.c
         poly1.c
         5point.c
         Generating Code...
       Lib:
         C:\Program Files (x86)\Microsoft Visual Studio 10.0\VC\bin\x86_amd64\Lib.exe /OUT:"D:\1-zengWorkspace\1-bundler_streetViewCode\absolute_orientation2015.4.3-加入sba\absolute_orientation2015.4.3-加入sba\x64\Debug\5point.lib" /NOLOGO x64\Debug\5point.obj
         x64\Debug\poly1.obj
         x64\Debug\poly3.obj
         5point.vcxproj -> D:\1-zengWorkspace\1-bundler_streetViewCode\absolute_orientation2015.4.3-加入sba\absolute_orientation2015.4.3-加入sba\x64\Debug\5point.lib
       FinalizeBuildStatus:
         正在删除文件“x64\Debug\5point.unsuccessfulbuild”。
         正在对“x64\Debug\5point.lastbuildstate”执行 Touch 任务。
     1>已完成生成项目“D:\1-zengWorkspace\1-bundler_streetViewCode\absolute_orientation2015.4.3-加入sba\absolute_orientation2015.4.3-加入sba\lib\5point\5point.vcxproj”(build 个目标)的操作。

生成成功。

已用时间 00:00:00.97
