生成启动时间为 2016/1/4 11:19:42。
     1>项目“D:\1-zengWorkspace\1-bundler_streetViewCode\absolute_orientation2015.4.3-加入sba\absolute_orientation2015.4.3-加入sba\lib\clapack\clapack.vcxproj”在节点 3 上(build 个目标)。
     1>InitializeBuildStatus:
         正在创建“x64\Debug\clapack.unsuccessfulbuild”，因为已指定“AlwaysCreate”。
       ClCompile:
         C:\Program Files (x86)\Microsoft Visual Studio 10.0\VC\bin\x86_amd64\CL.exe /c /I..\f2c /Zi /nologo /W3 /WX- /Od /D WIN32 /D _DEBUG /D _LIB /D NO_BLAS_WRAP /D _UNICODE /D UNICODE /Gm /EHsc /RTC1 /MDd /GS /fp:precise /Zc:wchar_t /Zc:forScope /Fo"x64\Debug\\" /Fd"x64\Debug\vc100.pdb" /Gd /TC /errorReport:prompt BLAS\SRC\dasum.c BLAS\SRC\daxpy.c SRC\dbdsdc.c SRC\dbdsqr.c BLAS\SRC\dcabs1.c BLAS\SRC\dcopy.c SRC\ddisna.c BLAS\SRC\ddot.c SRC\dgbbrd.c SRC\dgbcon.c SRC\dgbequ.c BLAS\SRC\dgbmv.c SRC\dgbrfs.c SRC\dgbsv.c SRC\dgbsvx.c SRC\dgbtf2.c SRC\dgbtrf.c SRC\dgbtrs.c SRC\dgebak.c SRC\dgebal.c SRC\dgebd2.c SRC\dgebrd.c SRC\dgecon.c SRC\dgeequ.c SRC\dgees.c SRC\dgeesx.c SRC\dgeev.c SRC\dgeevx.c SRC\dgegs.c SRC\dgegv.c SRC\dgehd2.c SRC\dgehrd.c SRC\dgelq2.c SRC\dgelqf.c SRC\dgels.c SRC\dgelsd.c SRC\dgelss.c SRC\dgelsx.c SRC\dgelsy.c BLAS\SRC\dgemm.c BLAS\SRC\dgemv.c SRC\dgeql2.c SRC\dgeqlf.c SRC\dgeqp3.c SRC\dgeqpf.c SRC\dgeqr2.c SRC\dgeqrf.c BLAS\SRC\dger.c SRC\dgerfs.c SRC\dgerq2.c SRC\dgerqf.c SRC\dgesc2.c SRC\dgesdd.c SRC\dgesv.c SRC\dgesvd.c SRC\dgesvx.c SRC\dgetc2.c SRC\dgetf2.c SRC\dgetrf.c SRC\dgetri.c SRC\dgetrs.c SRC\dggbak.c SRC\dggbal.c SRC\dgges.c SRC\dggesx.c SRC\dggev.c SRC\dggevx.c SRC\dggglm.c SRC\dgghrd.c SRC\dgglse.c SRC\dggqrf.c SRC\dggrqf.c SRC\dggsvd.c SRC\dggsvp.c SRC\dgtcon.c SRC\dgtrfs.c SRC\dgtsv.c SRC\dgtsvx.c SRC\dgttrf.c SRC\dgttrs.c SRC\dgtts2.c SRC\dhgeqz.c SRC\dhsein.c SRC\dhseqr.c SRC\disnan.c SRC\dlabad.c SRC\dlabrd.c SRC\dlacn2.c SRC\dlacon.c SRC\dlacpy.c SRC\dladiv.c SRC\dlae2.c SRC\dlaebz.c SRC\dlaed0.c SRC\dlaed1.c SRC\dlaed2.c SRC\dlaed3.c SRC\dlaed4.c SRC\dlaed5.c SRC\dlaed6.c SRC\dlaed7.c SRC\dlaed8.c SRC\dlaed9.c SRC\dlaeda.c SRC\dlaein.c SRC\dlaev2.c SRC\dlaexc.c SRC\dlag2.c SRC\dlag2s.c SRC\dlags2.c SRC\dlagtf.c SRC\dlagtm.c SRC\dlagts.c SRC\dlagv2.c SRC\dlahqr.c SRC\dlahr2.c SRC\dlahrd.c SRC\dlaic1.c SRC\dlaisnan.c SRC\dlaln2.c SRC\dlals0.c SRC\dlalsa.c SRC\dlalsd.c INSTALL\dlamch.c INSTALL\dlamchtst.c SRC\dlamrg.c SRC\dlaneg.c SRC\dlangb.c SRC\dlange.c SRC\dlangt.c SRC\dlanhs.c SRC\dlansb.c SRC\dlansp.c SRC\dlanst.c SRC\dlansy.c SRC\dlantb.c SRC\dlantp.c SRC\dlantr.c SRC\dlanv2.c SRC\dlapll.c SRC\dlapmt.c SRC\dlapy2.c SRC\dlapy3.c SRC\dlaqgb.c SRC\dlaqge.c SRC\dlaqp2.c SRC\dlaqps.c SRC\dlaqr0.c SRC\dlaqr1.c SRC\dlaqr2.c SRC\dlaqr3.c SRC\dlaqr4.c SRC\dlaqr5.c SRC\dlaqsb.c SRC\dlaqsp.c SRC\dlaqsy.c SRC\dlaqtr.c SRC\dlar1v.c SRC\dlar2v.c SRC\dlarf.c SRC\dlarfb.c SRC\dlarfg.c SRC\dlarft.c SRC\dlarfx.c SRC\dlargv.c SRC\dlarnv.c SRC\dlarra.c SRC\dlarrb.c SRC\dlarrc.c SRC\dlarrd.c SRC\dlarre.c SRC\dlarrf.c SRC\dlarrj.c SRC\dlarrk.c SRC\dlarrr.c SRC\dlarrv.c SRC\dlartg.c SRC\dlartv.c SRC\dlaruv.c SRC\dlarz.c SRC\dlarzb.c SRC\dlarzt.c SRC\dlas2.c SRC\dlascl.c SRC\dlasd0.c SRC\dlasd1.c SRC\dlasd2.c SRC\dlasd3.c SRC\dlasd4.c SRC\dlasd5.c SRC\dlasd6.c SRC\dlasd7.c SRC\dlasd8.c SRC\dlasda.c SRC\dlasdq.c SRC\dlasdt.c SRC\dlaset.c SRC\dlasq1.c SRC\dlasq2.c SRC\dlasq3.c SRC\dlasq4.c SRC\dlasq5.c SRC\dlasq6.c SRC\dlasr.c SRC\dlasrt.c SRC\dlassq.c SRC\dlasv2.c SRC\dlaswp.c SRC\dlasy2.c SRC\dlasyf.c SRC\dlatbs.c SRC\dlatdf.c SRC\dlatps.c SRC\dlatrd.c SRC\dlatrs.c SRC\dlatrz.c SRC\dlatzm.c SRC\dlauu2.c SRC\dlauum.c SRC\dlazq3.c SRC\dlazq4.c BLAS\SRC\dnrm2.c SRC\dopgtr.c SRC\dopmtr.c SRC\dorg2l.c SRC\dorg2r.c SRC\dorgbr.c SRC\dorghr.c SRC\dorgl2.c SRC\dorglq.c SRC\dorgql.c SRC\dorgqr.c SRC\dorgr2.c SRC\dorgrq.c SRC\dorgtr.c SRC\dorm2l.c SRC\dorm2r.c SRC\dormbr.c SRC\dormhr.c SRC\dorml2.c SRC\dormlq.c SRC\dormql.c SRC\dormqr.c SRC\dormr2.c SRC\dormr3.c SRC\dormrq.c SRC\dormrz.c SRC\dormtr.c SRC\dpbcon.c SRC\dpbequ.c SRC\dpbrfs.c SRC\dpbstf.c SRC\dpbsv.c SRC\dpbsvx.c SRC\dpbtf2.c SRC\dpbtrf.c SRC\dpbtrs.c SRC\dpocon.c SRC\dpoequ.c SRC\dporfs.c SRC\dposv.c SRC\dposvx.c SRC\dpotf2.c SRC\dpotrf.c SRC\dpotri.c SRC\dpotrs.c SRC\dppcon.c SRC\dppequ.c SRC\dpprfs.c SRC\dppsv.c SRC\dppsvx.c SRC\dpptrf.c SRC\dpptri.c SRC\dpptrs.c SRC\dptcon.c SRC\dpteqr.c SRC\dptrfs.c SRC\dptsv.c SRC\dptsvx.c SRC\dpttrf.c SRC\dpttrs.c SRC\dptts2.c BLAS\SRC\drot.c BLAS\SRC\drotg.c BLAS\SRC\drotm.c BLAS\SRC\drotmg.c SRC\drscl.c SRC\dsbev.c SRC\dsbevd.c SRC\dsbevx.c SRC\dsbgst.c SRC\dsbgv.c SRC\dsbgvd.c SRC\dsbgvx.c BLAS\SRC\dsbmv.c SRC\dsbtrd.c BLAS\SRC\dscal.c BLAS\SRC\dsdot.c INSTALL\dsecndtst.c SRC\dsgesv.c SRC\dspcon.c SRC\dspev.c SRC\dspevd.c SRC\dspevx.c SRC\dspgst.c SRC\dspgv.c SRC\dspgvd.c SRC\dspgvx.c BLAS\SRC\dspmv.c BLAS\SRC\dspr.c BLAS\SRC\dspr2.c SRC\dsprfs.c SRC\dspsv.c SRC\dspsvx.c SRC\dsptrd.c SRC\dsptrf.c SRC\dsptri.c SRC\dsptrs.c SRC\dstebz.c SRC\dstedc.c SRC\dstegr.c SRC\dstein.c SRC\dstemr.c SRC\dsteqr.c SRC\dsterf.c SRC\dstev.c SRC\dstevd.c SRC\dstevr.c SRC\dstevx.c BLAS\SRC\dswap.c SRC\dsycon.c SRC\dsyev.c SRC\dsyevd.c SRC\dsyevr.c SRC\dsyevx.c SRC\dsygs2.c SRC\dsygst.c SRC\dsygv.c SRC\dsygvd.c SRC\dsygvx.c BLAS\SRC\dsymm.c BLAS\SRC\dsymv.c BLAS\SRC\dsyr.c BLAS\SRC\dsyr2.c BLAS\SRC\dsyr2k.c SRC\dsyrfs.c BLAS\SRC\dsyrk.c SRC\dsysv.c SRC\dsysvx.c SRC\dsytd2.c SRC\dsytf2.c SRC\dsytrd.c SRC\dsytrf.c SRC\dsytri.c SRC\dsytrs.c SRC\dtbcon.c BLAS\SRC\dtbmv.c SRC\dtbrfs.c BLAS\SRC\dtbsv.c SRC\dtbtrs.c SRC\dtgevc.c SRC\dtgex2.c SRC\dtgexc.c SRC\dtgsen.c SRC\dtgsja.c SRC\dtgsna.c SRC\dtgsy2.c SRC\dtgsyl.c SRC\dtpcon.c BLAS\SRC\dtpmv.c SRC\dtprfs.c BLAS\SRC\dtpsv.c SRC\dtptri.c SRC\dtptrs.c SRC\dtrcon.c SRC\dtrevc.c SRC\dtrexc.c BLAS\SRC\dtrmm.c BLAS\SRC\dtrmv.c SRC\dtrrfs.c SRC\dtrsen.c BLAS\SRC\dtrsm.c SRC\dtrsna.c BLAS\SRC\dtrsv.c SRC\dtrsyl.c SRC\dtrti2.c SRC\dtrtri.c SRC\dtrtrs.c SRC\dtzrqf.c SRC\dtzrzf.c BLAS\SRC\dzasum.c BLAS\SRC\dznrm2.c SRC\dzsum1.c BLAS\SRC\icamax.c SRC\icmax1.c BLAS\SRC\idamax.c SRC\ieeeck.c SRC\ilaenv.c SRC\ilaver.c SRC\iparmq.c BLAS\SRC\isamax.c BLAS\SRC\izamax.c SRC\izmax1.c INSTALL\LAPACK_version.c BLAS\SRC\lsame.c SRC\lsamen.c INSTALL\lsametst.c INSTALL\tstiee.c SRC\xerbla.c
         xerbla.c
     1>SRC\xerbla.c(36): warning C4013: “printf”未定义；假设外部返回 int
         tstiee.c
     1>INSTALL\tstiee.c(162): warning C4267: “=”: 从“size_t”转换到“ftnlen”，可能丢失数据
         lsametst.c
         lsamen.c
     1>SRC\lsamen.c(19): warning C4267: “=”: 从“size_t”转换到“ftnlen”，可能丢失数据
     1>SRC\lsamen.c(20): warning C4267: “=”: 从“size_t”转换到“ftnlen”，可能丢失数据
         lsame.c
         LAPACK_version.c
         izmax1.c
         izamax.c
         isamax.c
     1>BLAS\SRC\isamax.c(51): warning C4244: “=”: 从“doublereal”转换到“real”，可能丢失数据
     1>BLAS\SRC\isamax.c(59): warning C4244: “=”: 从“doublereal”转换到“real”，可能丢失数据
     1>BLAS\SRC\isamax.c(69): warning C4244: “=”: 从“doublereal”转换到“real”，可能丢失数据
     1>BLAS\SRC\isamax.c(76): warning C4244: “=”: 从“doublereal”转换到“real”，可能丢失数据
         iparmq.c
     1>SRC\iparmq.c(193): warning C4244: “=”: 从“double”转换到“real”，可能丢失数据
         ilaver.c
         ilaenv.c
     1>SRC\ilaenv.c(35): warning C4267: “=”: 从“size_t”转换到“ftnlen”，可能丢失数据
     1>SRC\ilaenv.c(36): warning C4267: “=”: 从“size_t”转换到“ftnlen”，可能丢失数据
         ieeeck.c
         idamax.c
         icmax1.c
     1>SRC\icmax1.c(82): warning C4244: “=”: 从“double”转换到“real”，可能丢失数据
     1>SRC\icmax1.c(90): warning C4244: “=”: 从“double”转换到“real”，可能丢失数据
     1>SRC\icmax1.c(100): warning C4244: “=”: 从“double”转换到“real”，可能丢失数据
     1>SRC\icmax1.c(107): warning C4244: “=”: 从“double”转换到“real”，可能丢失数据
         icamax.c
     1>BLAS\SRC\icamax.c(51): warning C4244: “=”: 从“doublereal”转换到“real”，可能丢失数据
     1>BLAS\SRC\icamax.c(59): warning C4244: “=”: 从“doublereal”转换到“real”，可能丢失数据
     1>BLAS\SRC\icamax.c(69): warning C4244: “=”: 从“doublereal”转换到“real”，可能丢失数据
     1>BLAS\SRC\icamax.c(76): warning C4244: “=”: 从“doublereal”转换到“real”，可能丢失数据
         dzsum1.c
         dznrm2.c
         dzasum.c
         dtzrzf.c
         Generating Code...
         Compiling...
         dtzrqf.c
         dtrtrs.c
         dtrtri.c
         dtrti2.c
         dtrsyl.c
         dtrsv.c
         dtrsna.c
     1>SRC\dtrsna.c(514): warning C4554: “<<”: 检查运算符优先级可能存在的错误；使用圆括号阐明优先级
         dtrsm.c
         dtrsen.c
         dtrrfs.c
         dtrmv.c
         dtrmm.c
         dtrexc.c
         dtrevc.c
         dtrcon.c
         dtptrs.c
         dtptri.c
         dtpsv.c
         dtprfs.c
         dtpmv.c
         Generating Code...
         Compiling...
         dtpcon.c
         dtgsyl.c
         dtgsy2.c
         dtgsna.c
         dtgsja.c
         dtgsen.c
         dtgexc.c
         dtgex2.c
     1>SRC\dtgex2.c(396): warning C4554: “<<”: 检查运算符优先级可能存在的错误；使用圆括号阐明优先级
     1>SRC\dtgex2.c(397): warning C4554: “<<”: 检查运算符优先级可能存在的错误；使用圆括号阐明优先级
     1>SRC\dtgex2.c(398): warning C4554: “<<”: 检查运算符优先级可能存在的错误；使用圆括号阐明优先级
     1>SRC\dtgex2.c(399): warning C4554: “<<”: 检查运算符优先级可能存在的错误；使用圆括号阐明优先级
     1>SRC\dtgex2.c(400): warning C4554: “<<”: 检查运算符优先级可能存在的错误；使用圆括号阐明优先级
     1>SRC\dtgex2.c(401): warning C4554: “<<”: 检查运算符优先级可能存在的错误；使用圆括号阐明优先级
     1>SRC\dtgex2.c(607): warning C4554: “<<”: 检查运算符优先级可能存在的错误；使用圆括号阐明优先级
     1>SRC\dtgex2.c(607): warning C4554: “<<”: 检查运算符优先级可能存在的错误；使用圆括号阐明优先级
     1>SRC\dtgex2.c(610): warning C4554: “<<”: 检查运算符优先级可能存在的错误；使用圆括号阐明优先级
     1>SRC\dtgex2.c(611): warning C4554: “<<”: 检查运算符优先级可能存在的错误；使用圆括号阐明优先级
     1>SRC\dtgex2.c(625): warning C4554: “<<”: 检查运算符优先级可能存在的错误；使用圆括号阐明优先级
     1>SRC\dtgex2.c(630): warning C4554: “<<”: 检查运算符优先级可能存在的错误；使用圆括号阐明优先级
         dtgevc.c
         dtbtrs.c
         dtbsv.c
         dtbrfs.c
         dtbmv.c
         dtbcon.c
         dsytrs.c
         dsytri.c
         dsytrf.c
         dsytrd.c
         dsytf2.c
         dsytd2.c
         Generating Code...
         Compiling...
         dsysvx.c
         dsysv.c
         dsyrk.c
         dsyrfs.c
         dsyr2k.c
         dsyr2.c
         dsyr.c
         dsymv.c
         dsymm.c
         dsygvx.c
         dsygvd.c
         dsygv.c
         dsygst.c
         dsygs2.c
         dsyevx.c
         dsyevr.c
         dsyevd.c
         dsyev.c
         dsycon.c
         dswap.c
         Generating Code...
         Compiling...
         dstevx.c
         dstevr.c
         dstevd.c
         dstev.c
         dsterf.c
         dsteqr.c
         dstemr.c
         dstein.c
         dstegr.c
         dstedc.c
     1>SRC\dstedc.c(236): warning C4554: “<<”: 检查运算符优先级可能存在的错误；使用圆括号阐明优先级
         dstebz.c
         dsptrs.c
     1>SRC\dsptrs.c(365): warning C4554: “<<”: 检查运算符优先级可能存在的错误；使用圆括号阐明优先级
         dsptri.c
         dsptrf.c
         dsptrd.c
         dspsvx.c
         dspsv.c
         dsprfs.c
         dspr2.c
         dspr.c
         Generating Code...
         Compiling...
         dspmv.c
         dspgvx.c
         dspgvd.c
         dspgv.c
         dspgst.c
         dspevx.c
         dspevd.c
         dspev.c
         dspcon.c
         dsgesv.c
         dsecndtst.c
         dsdot.c
         dscal.c
         dsbtrd.c
         dsbmv.c
         dsbgvx.c
         dsbgvd.c
         dsbgv.c
         dsbgst.c
         dsbevx.c
         Generating Code...
         Compiling...
         dsbevd.c
         dsbev.c
         drscl.c
         drotmg.c
         drotm.c
         drotg.c
         drot.c
         dptts2.c
         dpttrs.c
         dpttrf.c
         dptsvx.c
         dptsv.c
         dptrfs.c
         dpteqr.c
         dptcon.c
         dpptrs.c
         dpptri.c
         dpptrf.c
         dppsvx.c
         dppsv.c
         Generating Code...
         Compiling...
         dpprfs.c
         dppequ.c
         dppcon.c
         dpotrs.c
         dpotri.c
         dpotrf.c
         dpotf2.c
         dposvx.c
         dposv.c
         dporfs.c
         dpoequ.c
         dpocon.c
         dpbtrs.c
         dpbtrf.c
         dpbtf2.c
         dpbsvx.c
         dpbsv.c
         dpbstf.c
         dpbrfs.c
         dpbequ.c
         Generating Code...
         Compiling...
         dpbcon.c
         dormtr.c
         dormrz.c
         dormrq.c
         dormr3.c
         dormr2.c
         dormqr.c
         dormql.c
         dormlq.c
         dorml2.c
         dormhr.c
         dormbr.c
         dorm2r.c
         dorm2l.c
         dorgtr.c
         dorgrq.c
         dorgr2.c
         dorgqr.c
         dorgql.c
         dorglq.c
         Generating Code...
         Compiling...
         dorgl2.c
         dorghr.c
         dorgbr.c
         dorg2r.c
         dorg2l.c
         dopmtr.c
         dopgtr.c
         dnrm2.c
         dlazq4.c
         dlazq3.c
     1>SRC\dlazq3.c(202): warning C4554: “<<”: 检查运算符优先级可能存在的错误；使用圆括号阐明优先级
     1>SRC\dlazq3.c(203): warning C4554: “<<”: 检查运算符优先级可能存在的错误；使用圆括号阐明优先级
     1>SRC\dlazq3.c(270): warning C4554: “<<”: 检查运算符优先级可能存在的错误；使用圆括号阐明优先级
     1>SRC\dlazq3.c(275): warning C4554: “<<”: 检查运算符优先级可能存在的错误；使用圆括号阐明优先级
         dlauum.c
         dlauu2.c
         dlatzm.c
         dlatrz.c
         dlatrs.c
         dlatrd.c
         dlatps.c
         dlatdf.c
         dlatbs.c
         dlasyf.c
         Generating Code...
         Compiling...
         dlasy2.c
         dlaswp.c
         dlasv2.c
         dlassq.c
         dlasrt.c
         dlasr.c
         dlasq6.c
     1>SRC\dlasq6.c(96): warning C4554: “<<”: 检查运算符优先级可能存在的错误；使用圆括号阐明优先级
     1>SRC\dlasq6.c(120): warning C4554: “<<”: 检查运算符优先级可能存在的错误；使用圆括号阐明优先级
     1>SRC\dlasq6.c(149): warning C4554: “<<”: 检查运算符优先级可能存在的错误；使用圆括号阐明优先级
         dlasq5.c
     1>SRC\dlasq5.c(103): warning C4554: “<<”: 检查运算符优先级可能存在的错误；使用圆括号阐明优先级
     1>SRC\dlasq5.c(116): warning C4554: “<<”: 检查运算符优先级可能存在的错误；使用圆括号阐明优先级
     1>SRC\dlasq5.c(134): warning C4554: “<<”: 检查运算符优先级可能存在的错误；使用圆括号阐明优先级
     1>SRC\dlasq5.c(154): warning C4554: “<<”: 检查运算符优先级可能存在的错误；使用圆括号阐明优先级
     1>SRC\dlasq5.c(170): warning C4554: “<<”: 检查运算符优先级可能存在的错误；使用圆括号阐明优先级
     1>SRC\dlasq5.c(191): warning C4554: “<<”: 检查运算符优先级可能存在的错误；使用圆括号阐明优先级
         dlasq4.c
         dlasq3.c
     1>SRC\dlasq3.c(200): warning C4554: “<<”: 检查运算符优先级可能存在的错误；使用圆括号阐明优先级
     1>SRC\dlasq3.c(201): warning C4554: “<<”: 检查运算符优先级可能存在的错误；使用圆括号阐明优先级
     1>SRC\dlasq3.c(268): warning C4554: “<<”: 检查运算符优先级可能存在的错误；使用圆括号阐明优先级
     1>SRC\dlasq3.c(273): warning C4554: “<<”: 检查运算符优先级可能存在的错误；使用圆括号阐明优先级
         dlasq2.c
     1>SRC\dlasq2.c(204): warning C4554: “<<”: 检查运算符优先级可能存在的错误；使用圆括号阐明优先级
     1>SRC\dlasq2.c(282): warning C4554: “<<”: 检查运算符优先级可能存在的错误；使用圆括号阐明优先级
     1>SRC\dlasq2.c(283): warning C4554: “<<”: 检查运算符优先级可能存在的错误；使用圆括号阐明优先级
     1>SRC\dlasq2.c(303): warning C4554: “<<”: 检查运算符优先级可能存在的错误；使用圆括号阐明优先级
     1>SRC\dlasq2.c(317): warning C4554: “<<”: 检查运算符优先级可能存在的错误；使用圆括号阐明优先级
     1>SRC\dlasq2.c(371): warning C4554: “<<”: 检查运算符优先级可能存在的错误；使用圆括号阐明优先级
     1>SRC\dlasq2.c(469): warning C4554: “<<”: 检查运算符优先级可能存在的错误；使用圆括号阐明优先级
         dlasq1.c
         dlaset.c
         dlasdt.c
         dlasdq.c
         dlasda.c
         dlasd8.c
         dlasd7.c
         dlasd6.c
         dlasd5.c
         Generating Code...
         Compiling...
         dlasd4.c
         dlasd3.c
         dlasd2.c
         dlasd1.c
         dlasd0.c
         dlascl.c
         dlas2.c
         dlarzt.c
         dlarzb.c
         dlarz.c
         dlaruv.c
         dlartv.c
         dlartg.c
         dlarrv.c
         dlarrr.c
         dlarrk.c
         dlarrj.c
         dlarrf.c
         dlarre.c
         dlarrd.c
         Generating Code...
         Compiling...
         dlarrc.c
         dlarrb.c
         dlarra.c
         dlarnv.c
         dlargv.c
         dlarfx.c
         dlarft.c
         dlarfg.c
         dlarfb.c
         dlarf.c
         dlar2v.c
         dlar1v.c
         dlaqtr.c
         dlaqsy.c
         dlaqsp.c
         dlaqsb.c
         dlaqr5.c
         dlaqr4.c
         dlaqr3.c
         dlaqr2.c
         Generating Code...
         Compiling...
         dlaqr1.c
         dlaqr0.c
         dlaqps.c
         dlaqp2.c
         dlaqge.c
         dlaqgb.c
         dlapy3.c
         dlapy2.c
         dlapmt.c
         dlapll.c
         dlanv2.c
         dlantr.c
         dlantp.c
         dlantb.c
         dlansy.c
         dlanst.c
         dlansp.c
         dlansb.c
         dlanhs.c
         dlangt.c
         Generating Code...
         Compiling...
         dlange.c
         dlangb.c
         dlaneg.c
         dlamrg.c
         dlamchtst.c
         dlamch.c
         dlalsd.c
         dlalsa.c
         dlals0.c
         dlaln2.c
         dlaisnan.c
         dlaic1.c
         dlahrd.c
         dlahr2.c
         dlahqr.c
         dlagv2.c
         dlagts.c
         dlagtm.c
         dlagtf.c
         dlags2.c
         Generating Code...
         Compiling...
         dlag2s.c
     1>SRC\dlag2s.c(96): warning C4244: “=”: 从“doublereal”转换到“real”，可能丢失数据
         dlag2.c
         dlaexc.c
     1>SRC\dlaexc.c(215): warning C4554: “<<”: 检查运算符优先级可能存在的错误；使用圆括号阐明优先级
     1>SRC\dlaexc.c(215): warning C4554: “<<”: 检查运算符优先级可能存在的错误；使用圆括号阐明优先级
         dlaev2.c
         dlaein.c
         dlaeda.c
         dlaed9.c
         dlaed8.c
         dlaed7.c
         dlaed6.c
         dlaed5.c
         dlaed4.c
         dlaed3.c
         dlaed2.c
         dlaed1.c
         dlaed0.c
         dlaebz.c
         dlae2.c
         dladiv.c
         dlacpy.c
         Generating Code...
         Compiling...
         dlacon.c
         dlacn2.c
         dlabrd.c
         dlabad.c
         disnan.c
         dhseqr.c
         dhsein.c
         dhgeqz.c
         dgtts2.c
         dgttrs.c
         dgttrf.c
         dgtsvx.c
         dgtsv.c
         dgtrfs.c
         dgtcon.c
         dggsvp.c
         dggsvd.c
         dggrqf.c
         dggqrf.c
         dgglse.c
         Generating Code...
         Compiling...
         dgghrd.c
         dggglm.c
         dggevx.c
         dggev.c
         dggesx.c
         dgges.c
         dggbal.c
         dggbak.c
         dgetrs.c
         dgetri.c
         dgetrf.c
         dgetf2.c
         dgetc2.c
         dgesvx.c
         dgesvd.c
         dgesv.c
         dgesdd.c
         dgesc2.c
         dgerqf.c
         dgerq2.c
         Generating Code...
         Compiling...
         dgerfs.c
         dger.c
         dgeqrf.c
         dgeqr2.c
         dgeqpf.c
         dgeqp3.c
         dgeqlf.c
         dgeql2.c
         dgemv.c
         dgemm.c
         dgelsy.c
         dgelsx.c
         dgelss.c
         dgelsd.c
         dgels.c
         dgelqf.c
         dgelq2.c
         dgehrd.c
         dgehd2.c
         dgegv.c
         Generating Code...
         Compiling...
         dgegs.c
         dgeevx.c
         dgeev.c
         dgeesx.c
         dgees.c
         dgeequ.c
         dgecon.c
         dgebrd.c
         dgebd2.c
         dgebal.c
         dgebak.c
         dgbtrs.c
         dgbtrf.c
         dgbtf2.c
         dgbsvx.c
         dgbsv.c
         dgbrfs.c
         dgbmv.c
         dgbequ.c
         dgbcon.c
         Generating Code...
         Compiling...
         dgbbrd.c
         ddot.c
         ddisna.c
         dcopy.c
         dcabs1.c
         dbdsqr.c
         dbdsdc.c
         daxpy.c
         dasum.c
         Generating Code...
         C:\Program Files (x86)\Microsoft Visual Studio 10.0\VC\bin\x86_amd64\CL.exe /c /I..\f2c /Zi /nologo /W3 /WX- /Od /D WIN32 /D _DEBUG /D _LIB /D NO_BLAS_WRAP /D _UNICODE /D UNICODE /Gm /EHsc /RTC1 /MDd /GS /fp:precise /Zc:wchar_t /Zc:forScope /Fo"x64\Debug\ilaver1.obj" /Fd"x64\Debug\vc100.pdb" /Gd /TC /errorReport:prompt INSTALL\ilaver.c
         ilaver.c
         C:\Program Files (x86)\Microsoft Visual Studio 10.0\VC\bin\x86_amd64\CL.exe /c /I..\f2c /Zi /nologo /W3 /WX- /Od /D WIN32 /D _DEBUG /D _LIB /D NO_BLAS_WRAP /D _UNICODE /D UNICODE /Gm /EHsc /RTC1 /MDd /GS /fp:precise /Zc:wchar_t /Zc:forScope /Fo"x64\Debug\lsame1.obj" /Fd"x64\Debug\vc100.pdb" /Gd /TC /errorReport:prompt INSTALL\lsame.c
         lsame.c
         C:\Program Files (x86)\Microsoft Visual Studio 10.0\VC\bin\x86_amd64\CL.exe /c /I..\f2c /Zi /nologo /W3 /WX- /Od /D WIN32 /D _DEBUG /D _LIB /D NO_BLAS_WRAP /D _UNICODE /D UNICODE /Gm /EHsc /RTC1 /MDd /GS /fp:precise /Zc:wchar_t /Zc:forScope /Fo"x64\Debug\xerbla1.obj" /Fd"x64\Debug\vc100.pdb" /Gd /TC /errorReport:prompt BLAS\SRC\xerbla.c
         xerbla.c
       Lib:
         C:\Program Files (x86)\Microsoft Visual Studio 10.0\VC\bin\x86_amd64\Lib.exe /OUT:"D:\1-zengWorkspace\1-bundler_streetViewCode\absolute_orientation2015.4.3-加入sba\absolute_orientation2015.4.3-加入sba\x64\Debug\clapack.lib" /NOLOGO x64\Debug\dasum.obj
         x64\Debug\daxpy.obj
         x64\Debug\dbdsdc.obj
         x64\Debug\dbdsqr.obj
         x64\Debug\dcabs1.obj
         x64\Debug\dcopy.obj
         x64\Debug\ddisna.obj
         x64\Debug\ddot.obj
         x64\Debug\dgbbrd.obj
         x64\Debug\dgbcon.obj
         x64\Debug\dgbequ.obj
         x64\Debug\dgbmv.obj
         x64\Debug\dgbrfs.obj
         x64\Debug\dgbsv.obj
         x64\Debug\dgbsvx.obj
         x64\Debug\dgbtf2.obj
         x64\Debug\dgbtrf.obj
         x64\Debug\dgbtrs.obj
         x64\Debug\dgebak.obj
         x64\Debug\dgebal.obj
         x64\Debug\dgebd2.obj
         x64\Debug\dgebrd.obj
         x64\Debug\dgecon.obj
         x64\Debug\dgeequ.obj
         x64\Debug\dgees.obj
         x64\Debug\dgeesx.obj
         x64\Debug\dgeev.obj
         x64\Debug\dgeevx.obj
         x64\Debug\dgegs.obj
         x64\Debug\dgegv.obj
         x64\Debug\dgehd2.obj
         x64\Debug\dgehrd.obj
         x64\Debug\dgelq2.obj
         x64\Debug\dgelqf.obj
         x64\Debug\dgels.obj
         x64\Debug\dgelsd.obj
         x64\Debug\dgelss.obj
         x64\Debug\dgelsx.obj
         x64\Debug\dgelsy.obj
         x64\Debug\dgemm.obj
         x64\Debug\dgemv.obj
         x64\Debug\dgeql2.obj
         x64\Debug\dgeqlf.obj
         x64\Debug\dgeqp3.obj
         x64\Debug\dgeqpf.obj
         x64\Debug\dgeqr2.obj
         x64\Debug\dgeqrf.obj
         x64\Debug\dger.obj
         x64\Debug\dgerfs.obj
         x64\Debug\dgerq2.obj
         x64\Debug\dgerqf.obj
         x64\Debug\dgesc2.obj
         x64\Debug\dgesdd.obj
         x64\Debug\dgesv.obj
         x64\Debug\dgesvd.obj
         x64\Debug\dgesvx.obj
         x64\Debug\dgetc2.obj
         x64\Debug\dgetf2.obj
         x64\Debug\dgetrf.obj
         x64\Debug\dgetri.obj
         x64\Debug\dgetrs.obj
         x64\Debug\dggbak.obj
         x64\Debug\dggbal.obj
         x64\Debug\dgges.obj
         x64\Debug\dggesx.obj
         x64\Debug\dggev.obj
         x64\Debug\dggevx.obj
         x64\Debug\dggglm.obj
         x64\Debug\dgghrd.obj
         x64\Debug\dgglse.obj
         x64\Debug\dggqrf.obj
         x64\Debug\dggrqf.obj
         x64\Debug\dggsvd.obj
         x64\Debug\dggsvp.obj
         x64\Debug\dgtcon.obj
         x64\Debug\dgtrfs.obj
         x64\Debug\dgtsv.obj
         x64\Debug\dgtsvx.obj
         x64\Debug\dgttrf.obj
         x64\Debug\dgttrs.obj
         x64\Debug\dgtts2.obj
         x64\Debug\dhgeqz.obj
         x64\Debug\dhsein.obj
         x64\Debug\dhseqr.obj
         x64\Debug\disnan.obj
         x64\Debug\dlabad.obj
         x64\Debug\dlabrd.obj
         x64\Debug\dlacn2.obj
         x64\Debug\dlacon.obj
         x64\Debug\dlacpy.obj
         x64\Debug\dladiv.obj
         x64\Debug\dlae2.obj
         x64\Debug\dlaebz.obj
         x64\Debug\dlaed0.obj
         x64\Debug\dlaed1.obj
         x64\Debug\dlaed2.obj
         x64\Debug\dlaed3.obj
         x64\Debug\dlaed4.obj
         x64\Debug\dlaed5.obj
         x64\Debug\dlaed6.obj
         x64\Debug\dlaed7.obj
         x64\Debug\dlaed8.obj
         x64\Debug\dlaed9.obj
         x64\Debug\dlaeda.obj
         x64\Debug\dlaein.obj
         x64\Debug\dlaev2.obj
         x64\Debug\dlaexc.obj
         x64\Debug\dlag2.obj
         x64\Debug\dlag2s.obj
         x64\Debug\dlags2.obj
         x64\Debug\dlagtf.obj
         x64\Debug\dlagtm.obj
         x64\Debug\dlagts.obj
         x64\Debug\dlagv2.obj
         x64\Debug\dlahqr.obj
         x64\Debug\dlahr2.obj
         x64\Debug\dlahrd.obj
         x64\Debug\dlaic1.obj
         x64\Debug\dlaisnan.obj
         x64\Debug\dlaln2.obj
         x64\Debug\dlals0.obj
         x64\Debug\dlalsa.obj
         x64\Debug\dlalsd.obj
         x64\Debug\dlamch.obj
         x64\Debug\dlamchtst.obj
         x64\Debug\dlamrg.obj
         x64\Debug\dlaneg.obj
         x64\Debug\dlangb.obj
         x64\Debug\dlange.obj
         x64\Debug\dlangt.obj
         x64\Debug\dlanhs.obj
         x64\Debug\dlansb.obj
         x64\Debug\dlansp.obj
         x64\Debug\dlanst.obj
         x64\Debug\dlansy.obj
         x64\Debug\dlantb.obj
         x64\Debug\dlantp.obj
         x64\Debug\dlantr.obj
         x64\Debug\dlanv2.obj
         x64\Debug\dlapll.obj
         x64\Debug\dlapmt.obj
         x64\Debug\dlapy2.obj
         x64\Debug\dlapy3.obj
         x64\Debug\dlaqgb.obj
         x64\Debug\dlaqge.obj
         x64\Debug\dlaqp2.obj
         x64\Debug\dlaqps.obj
         x64\Debug\dlaqr0.obj
         x64\Debug\dlaqr1.obj
         x64\Debug\dlaqr2.obj
         x64\Debug\dlaqr3.obj
         x64\Debug\dlaqr4.obj
         x64\Debug\dlaqr5.obj
         x64\Debug\dlaqsb.obj
         x64\Debug\dlaqsp.obj
         x64\Debug\dlaqsy.obj
         x64\Debug\dlaqtr.obj
         x64\Debug\dlar1v.obj
         x64\Debug\dlar2v.obj
         x64\Debug\dlarf.obj
         x64\Debug\dlarfb.obj
         x64\Debug\dlarfg.obj
         x64\Debug\dlarft.obj
         x64\Debug\dlarfx.obj
         x64\Debug\dlargv.obj
         x64\Debug\dlarnv.obj
         x64\Debug\dlarra.obj
         x64\Debug\dlarrb.obj
         x64\Debug\dlarrc.obj
         x64\Debug\dlarrd.obj
         x64\Debug\dlarre.obj
         x64\Debug\dlarrf.obj
         x64\Debug\dlarrj.obj
         x64\Debug\dlarrk.obj
         x64\Debug\dlarrr.obj
         x64\Debug\dlarrv.obj
         x64\Debug\dlartg.obj
         x64\Debug\dlartv.obj
         x64\Debug\dlaruv.obj
         x64\Debug\dlarz.obj
         x64\Debug\dlarzb.obj
         x64\Debug\dlarzt.obj
         x64\Debug\dlas2.obj
         x64\Debug\dlascl.obj
         x64\Debug\dlasd0.obj
         x64\Debug\dlasd1.obj
         x64\Debug\dlasd2.obj
         x64\Debug\dlasd3.obj
         x64\Debug\dlasd4.obj
         x64\Debug\dlasd5.obj
         x64\Debug\dlasd6.obj
         x64\Debug\dlasd7.obj
         x64\Debug\dlasd8.obj
         x64\Debug\dlasda.obj
         x64\Debug\dlasdq.obj
         x64\Debug\dlasdt.obj
         x64\Debug\dlaset.obj
         x64\Debug\dlasq1.obj
         x64\Debug\dlasq2.obj
         x64\Debug\dlasq3.obj
         x64\Debug\dlasq4.obj
         x64\Debug\dlasq5.obj
         x64\Debug\dlasq6.obj
         x64\Debug\dlasr.obj
         x64\Debug\dlasrt.obj
         x64\Debug\dlassq.obj
         x64\Debug\dlasv2.obj
         x64\Debug\dlaswp.obj
         x64\Debug\dlasy2.obj
         x64\Debug\dlasyf.obj
         x64\Debug\dlatbs.obj
         x64\Debug\dlatdf.obj
         x64\Debug\dlatps.obj
         x64\Debug\dlatrd.obj
         x64\Debug\dlatrs.obj
         x64\Debug\dlatrz.obj
         x64\Debug\dlatzm.obj
         x64\Debug\dlauu2.obj
         x64\Debug\dlauum.obj
         x64\Debug\dlazq3.obj
         x64\Debug\dlazq4.obj
         x64\Debug\dnrm2.obj
         x64\Debug\dopgtr.obj
         x64\Debug\dopmtr.obj
         x64\Debug\dorg2l.obj
         x64\Debug\dorg2r.obj
         x64\Debug\dorgbr.obj
         x64\Debug\dorghr.obj
         x64\Debug\dorgl2.obj
         x64\Debug\dorglq.obj
         x64\Debug\dorgql.obj
         x64\Debug\dorgqr.obj
         x64\Debug\dorgr2.obj
         x64\Debug\dorgrq.obj
         x64\Debug\dorgtr.obj
         x64\Debug\dorm2l.obj
         x64\Debug\dorm2r.obj
         x64\Debug\dormbr.obj
         x64\Debug\dormhr.obj
         x64\Debug\dorml2.obj
         x64\Debug\dormlq.obj
         x64\Debug\dormql.obj
         x64\Debug\dormqr.obj
         x64\Debug\dormr2.obj
         x64\Debug\dormr3.obj
         x64\Debug\dormrq.obj
         x64\Debug\dormrz.obj
         x64\Debug\dormtr.obj
         x64\Debug\dpbcon.obj
         x64\Debug\dpbequ.obj
         x64\Debug\dpbrfs.obj
         x64\Debug\dpbstf.obj
         x64\Debug\dpbsv.obj
         x64\Debug\dpbsvx.obj
         x64\Debug\dpbtf2.obj
         x64\Debug\dpbtrf.obj
         x64\Debug\dpbtrs.obj
         x64\Debug\dpocon.obj
         x64\Debug\dpoequ.obj
         x64\Debug\dporfs.obj
         x64\Debug\dposv.obj
         x64\Debug\dposvx.obj
         x64\Debug\dpotf2.obj
         x64\Debug\dpotrf.obj
         x64\Debug\dpotri.obj
         x64\Debug\dpotrs.obj
         x64\Debug\dppcon.obj
         x64\Debug\dppequ.obj
         x64\Debug\dpprfs.obj
         x64\Debug\dppsv.obj
         x64\Debug\dppsvx.obj
         x64\Debug\dpptrf.obj
         x64\Debug\dpptri.obj
         x64\Debug\dpptrs.obj
         x64\Debug\dptcon.obj
         x64\Debug\dpteqr.obj
         x64\Debug\dptrfs.obj
         x64\Debug\dptsv.obj
         x64\Debug\dptsvx.obj
         x64\Debug\dpttrf.obj
         x64\Debug\dpttrs.obj
         x64\Debug\dptts2.obj
         x64\Debug\drot.obj
         x64\Debug\drotg.obj
         x64\Debug\drotm.obj
         x64\Debug\drotmg.obj
         x64\Debug\drscl.obj
         x64\Debug\dsbev.obj
         x64\Debug\dsbevd.obj
         x64\Debug\dsbevx.obj
         x64\Debug\dsbgst.obj
         x64\Debug\dsbgv.obj
         x64\Debug\dsbgvd.obj
         x64\Debug\dsbgvx.obj
         x64\Debug\dsbmv.obj
         x64\Debug\dsbtrd.obj
         x64\Debug\dscal.obj
         x64\Debug\dsdot.obj
         x64\Debug\dsecndtst.obj
         x64\Debug\dsgesv.obj
         x64\Debug\dspcon.obj
         x64\Debug\dspev.obj
         x64\Debug\dspevd.obj
         x64\Debug\dspevx.obj
         x64\Debug\dspgst.obj
         x64\Debug\dspgv.obj
         x64\Debug\dspgvd.obj
         x64\Debug\dspgvx.obj
         x64\Debug\dspmv.obj
         x64\Debug\dspr.obj
         x64\Debug\dspr2.obj
         x64\Debug\dsprfs.obj
         x64\Debug\dspsv.obj
         x64\Debug\dspsvx.obj
         x64\Debug\dsptrd.obj
         x64\Debug\dsptrf.obj
         x64\Debug\dsptri.obj
         x64\Debug\dsptrs.obj
         x64\Debug\dstebz.obj
         x64\Debug\dstedc.obj
         x64\Debug\dstegr.obj
         x64\Debug\dstein.obj
         x64\Debug\dstemr.obj
         x64\Debug\dsteqr.obj
         x64\Debug\dsterf.obj
         x64\Debug\dstev.obj
         x64\Debug\dstevd.obj
         x64\Debug\dstevr.obj
         x64\Debug\dstevx.obj
         x64\Debug\dswap.obj
         x64\Debug\dsycon.obj
         x64\Debug\dsyev.obj
         x64\Debug\dsyevd.obj
         x64\Debug\dsyevr.obj
         x64\Debug\dsyevx.obj
         x64\Debug\dsygs2.obj
         x64\Debug\dsygst.obj
         x64\Debug\dsygv.obj
         x64\Debug\dsygvd.obj
         x64\Debug\dsygvx.obj
         x64\Debug\dsymm.obj
         x64\Debug\dsymv.obj
         x64\Debug\dsyr.obj
         x64\Debug\dsyr2.obj
         x64\Debug\dsyr2k.obj
         x64\Debug\dsyrfs.obj
         x64\Debug\dsyrk.obj
         x64\Debug\dsysv.obj
         x64\Debug\dsysvx.obj
         x64\Debug\dsytd2.obj
         x64\Debug\dsytf2.obj
         x64\Debug\dsytrd.obj
         x64\Debug\dsytrf.obj
         x64\Debug\dsytri.obj
         x64\Debug\dsytrs.obj
         x64\Debug\dtbcon.obj
         x64\Debug\dtbmv.obj
         x64\Debug\dtbrfs.obj
         x64\Debug\dtbsv.obj
         x64\Debug\dtbtrs.obj
         x64\Debug\dtgevc.obj
         x64\Debug\dtgex2.obj
         x64\Debug\dtgexc.obj
         x64\Debug\dtgsen.obj
         x64\Debug\dtgsja.obj
         x64\Debug\dtgsna.obj
         x64\Debug\dtgsy2.obj
         x64\Debug\dtgsyl.obj
         x64\Debug\dtpcon.obj
         x64\Debug\dtpmv.obj
         x64\Debug\dtprfs.obj
         x64\Debug\dtpsv.obj
         x64\Debug\dtptri.obj
         x64\Debug\dtptrs.obj
         x64\Debug\dtrcon.obj
         x64\Debug\dtrevc.obj
         x64\Debug\dtrexc.obj
         x64\Debug\dtrmm.obj
         x64\Debug\dtrmv.obj
         x64\Debug\dtrrfs.obj
         x64\Debug\dtrsen.obj
         x64\Debug\dtrsm.obj
         x64\Debug\dtrsna.obj
         x64\Debug\dtrsv.obj
         x64\Debug\dtrsyl.obj
         x64\Debug\dtrti2.obj
         x64\Debug\dtrtri.obj
         x64\Debug\dtrtrs.obj
         x64\Debug\dtzrqf.obj
         x64\Debug\dtzrzf.obj
         x64\Debug\dzasum.obj
         x64\Debug\dznrm2.obj
         x64\Debug\dzsum1.obj
         x64\Debug\icamax.obj
         x64\Debug\icmax1.obj
         x64\Debug\idamax.obj
         x64\Debug\ieeeck.obj
         x64\Debug\ilaenv.obj
         x64\Debug\ilaver.obj
         x64\Debug\iparmq.obj
         x64\Debug\isamax.obj
         x64\Debug\izamax.obj
         x64\Debug\izmax1.obj
         x64\Debug\LAPACK_version.obj
         x64\Debug\lsame.obj
         x64\Debug\lsamen.obj
         x64\Debug\lsametst.obj
         x64\Debug\tstiee.obj
         x64\Debug\xerbla.obj
         x64\Debug\ilaver1.obj
         x64\Debug\lsame1.obj
         x64\Debug\xerbla1.obj
     1>xerbla.obj : warning LNK4006: xerbla_ 已在 xerbla1.obj 中定义；已忽略第二个定义
     1>xerbla.obj : warning LNK4221: 此对象文件未定义任何之前未定义的公共符号，因此任何耗用此库的链接操作都不会使用此文件
     1>lsametst.obj : warning LNK4006: MAIN__ 已在 tstiee.obj 中定义；已忽略第二个定义
     1>lsame.obj : warning LNK4006: lsame_ 已在 lsame1.obj 中定义；已忽略第二个定义
     1>lsame.obj : warning LNK4221: 此对象文件未定义任何之前未定义的公共符号，因此任何耗用此库的链接操作都不会使用此文件
     1>LAPACK_version.obj : warning LNK4006: MAIN__ 已在 tstiee.obj 中定义；已忽略第二个定义
     1>ilaver.obj : warning LNK4006: ilaver_ 已在 ilaver1.obj 中定义；已忽略第二个定义
     1>ilaver.obj : warning LNK4221: 此对象文件未定义任何之前未定义的公共符号，因此任何耗用此库的链接操作都不会使用此文件
     1>ilaenv.obj : warning LNK4006: ilaenv_ 已在 tstiee.obj 中定义；已忽略第二个定义
     1>ilaenv.obj : warning LNK4221: 此对象文件未定义任何之前未定义的公共符号，因此任何耗用此库的链接操作都不会使用此文件
     1>ieeeck.obj : warning LNK4006: ieeeck_ 已在 tstiee.obj 中定义；已忽略第二个定义
     1>ieeeck.obj : warning LNK4221: 此对象文件未定义任何之前未定义的公共符号，因此任何耗用此库的链接操作都不会使用此文件
     1>dsecndtst.obj : warning LNK4006: MAIN__ 已在 tstiee.obj 中定义；已忽略第二个定义
     1>dlamchtst.obj : warning LNK4006: MAIN__ 已在 tstiee.obj 中定义；已忽略第二个定义
         clapack.vcxproj -> D:\1-zengWorkspace\1-bundler_streetViewCode\absolute_orientation2015.4.3-加入sba\absolute_orientation2015.4.3-加入sba\x64\Debug\clapack.lib
       FinalizeBuildStatus:
         正在删除文件“x64\Debug\clapack.unsuccessfulbuild”。
         正在对“x64\Debug\clapack.lastbuildstate”执行 Touch 任务。
     1>已完成生成项目“D:\1-zengWorkspace\1-bundler_streetViewCode\absolute_orientation2015.4.3-加入sba\absolute_orientation2015.4.3-加入sba\lib\clapack\clapack.vcxproj”(build 个目标)的操作。

生成成功。

已用时间 00:00:07.99
