D:\MyWork\Leador\absolute_orientation2015\absolute_orientation2015.4.3-加入sba\lib\clapack\x64\Debug\cl.command.1.tlog
D:\MyWork\Leador\absolute_orientation2015\absolute_orientation2015.4.3-加入sba\lib\clapack\x64\Debug\CL.read.1.tlog
D:\MyWork\Leador\absolute_orientation2015\absolute_orientation2015.4.3-加入sba\lib\clapack\x64\Debug\CL.write.1.tlog
D:\MyWork\Leador\absolute_orientation2015\absolute_orientation2015.4.3-加入sba\lib\clapack\x64\Debug\clapack.vcxprojResolveAssemblyReference.cache
D:\MyWork\Leador\absolute_orientation2015\absolute_orientation2015.4.3-加入sba\lib\clapack\x64\Debug\clapack.write.1.tlog
D:\MYWORK\LEADOR\ABSOLUTE_ORIENTATION2015\ABSOLUTE_ORIENTATION2015.4.3-加入SBA\LIB\CLAPACK\X64\DEBUG\DASUM.OBJ
D:\MYWORK\LEADOR\ABSOLUTE_ORIENTATION2015\ABSOLUTE_ORIENTATION2015.4.3-加入SBA\LIB\CLAPACK\X64\DEBUG\DAXPY.OBJ
D:\MYWORK\LEADOR\ABSOLUTE_ORIENTATION2015\ABSOLUTE_ORIENTATION2015.4.3-加入SBA\LIB\CLAPACK\X64\DEBUG\DBDSDC.OBJ
D:\MYWORK\LEADOR\ABSOLUTE_ORIENTATION2015\ABSOLUTE_ORIENTATION2015.4.3-加入SBA\LIB\CLAPACK\X64\DEBUG\DBDSQR.OBJ
D:\MYWORK\LEADOR\ABSOLUTE_ORIENTATION2015\ABSOLUTE_ORIENTATION2015.4.3-加入SBA\LIB\CLAPACK\X64\DEBUG\DCABS1.OBJ
D:\MYWORK\LEADOR\ABSOLUTE_ORIENTATION2015\ABSOLUTE_ORIENTATION2015.4.3-加入SBA\LIB\CLAPACK\X64\DEBUG\DCOPY.OBJ
D:\MYWORK\LEADOR\ABSOLUTE_ORIENTATION2015\ABSOLUTE_ORIENTATION2015.4.3-加入SBA\LIB\CLAPACK\X64\DEBUG\DDISNA.OBJ
D:\MYWORK\LEADOR\ABSOLUTE_ORIENTATION2015\ABSOLUTE_ORIENTATION2015.4.3-加入SBA\LIB\CLAPACK\X64\DEBUG\DDOT.OBJ
D:\MYWORK\LEADOR\ABSOLUTE_ORIENTATION2015\ABSOLUTE_ORIENTATION2015.4.3-加入SBA\LIB\CLAPACK\X64\DEBUG\DGBBRD.OBJ
D:\MYWORK\LEADOR\ABSOLUTE_ORIENTATION2015\ABSOLUTE_ORIENTATION2015.4.3-加入SBA\LIB\CLAPACK\X64\DEBUG\DGBCON.OBJ
D:\MYWORK\LEADOR\ABSOLUTE_ORIENTATION2015\ABSOLUTE_ORIENTATION2015.4.3-加入SBA\LIB\CLAPACK\X64\DEBUG\DGBEQU.OBJ
D:\MYWORK\LEADOR\ABSOLUTE_ORIENTATION2015\ABSOLUTE_ORIENTATION2015.4.3-加入SBA\LIB\CLAPACK\X64\DEBUG\DGBMV.OBJ
D:\MYWORK\LEADOR\ABSOLUTE_ORIENTATION2015\ABSOLUTE_ORIENTATION2015.4.3-加入SBA\LIB\CLAPACK\X64\DEBUG\DGBRFS.OBJ
D:\MYWORK\LEADOR\ABSOLUTE_ORIENTATION2015\ABSOLUTE_ORIENTATION2015.4.3-加入SBA\LIB\CLAPACK\X64\DEBUG\DGBSV.OBJ
D:\MYWORK\LEADOR\ABSOLUTE_ORIENTATION2015\ABSOLUTE_ORIENTATION2015.4.3-加入SBA\LIB\CLAPACK\X64\DEBUG\DGBSVX.OBJ
D:\MYWORK\LEADOR\ABSOLUTE_ORIENTATION2015\ABSOLUTE_ORIENTATION2015.4.3-加入SBA\LIB\CLAPACK\X64\DEBUG\DGBTF2.OBJ
D:\MYWORK\LEADOR\ABSOLUTE_ORIENTATION2015\ABSOLUTE_ORIENTATION2015.4.3-加入SBA\LIB\CLAPACK\X64\DEBUG\DGBTRF.OBJ
D:\MYWORK\LEADOR\ABSOLUTE_ORIENTATION2015\ABSOLUTE_ORIENTATION2015.4.3-加入SBA\LIB\CLAPACK\X64\DEBUG\DGBTRS.OBJ
D:\MYWORK\LEADOR\ABSOLUTE_ORIENTATION2015\ABSOLUTE_ORIENTATION2015.4.3-加入SBA\LIB\CLAPACK\X64\DEBUG\DGEBAK.OBJ
D:\MYWORK\LEADOR\ABSOLUTE_ORIENTATION2015\ABSOLUTE_ORIENTATION2015.4.3-加入SBA\LIB\CLAPACK\X64\DEBUG\DGEBAL.OBJ
D:\MYWORK\LEADOR\ABSOLUTE_ORIENTATION2015\ABSOLUTE_ORIENTATION2015.4.3-加入SBA\LIB\CLAPACK\X64\DEBUG\DGEBD2.OBJ
D:\MYWORK\LEADOR\ABSOLUTE_ORIENTATION2015\ABSOLUTE_ORIENTATION2015.4.3-加入SBA\LIB\CLAPACK\X64\DEBUG\DGEBRD.OBJ
D:\MYWORK\LEADOR\ABSOLUTE_ORIENTATION2015\ABSOLUTE_ORIENTATION2015.4.3-加入SBA\LIB\CLAPACK\X64\DEBUG\DGECON.OBJ
D:\MYWORK\LEADOR\ABSOLUTE_ORIENTATION2015\ABSOLUTE_ORIENTATION2015.4.3-加入SBA\LIB\CLAPACK\X64\DEBUG\DGEEQU.OBJ
D:\MYWORK\LEADOR\ABSOLUTE_ORIENTATION2015\ABSOLUTE_ORIENTATION2015.4.3-加入SBA\LIB\CLAPACK\X64\DEBUG\DGEES.OBJ
D:\MYWORK\LEADOR\ABSOLUTE_ORIENTATION2015\ABSOLUTE_ORIENTATION2015.4.3-加入SBA\LIB\CLAPACK\X64\DEBUG\DGEESX.OBJ
D:\MYWORK\LEADOR\ABSOLUTE_ORIENTATION2015\ABSOLUTE_ORIENTATION2015.4.3-加入SBA\LIB\CLAPACK\X64\DEBUG\DGEEV.OBJ
D:\MYWORK\LEADOR\ABSOLUTE_ORIENTATION2015\ABSOLUTE_ORIENTATION2015.4.3-加入SBA\LIB\CLAPACK\X64\DEBUG\DGEEVX.OBJ
D:\MYWORK\LEADOR\ABSOLUTE_ORIENTATION2015\ABSOLUTE_ORIENTATION2015.4.3-加入SBA\LIB\CLAPACK\X64\DEBUG\DGEGS.OBJ
D:\MYWORK\LEADOR\ABSOLUTE_ORIENTATION2015\ABSOLUTE_ORIENTATION2015.4.3-加入SBA\LIB\CLAPACK\X64\DEBUG\DGEGV.OBJ
D:\MYWORK\LEADOR\ABSOLUTE_ORIENTATION2015\ABSOLUTE_ORIENTATION2015.4.3-加入SBA\LIB\CLAPACK\X64\DEBUG\DGEHD2.OBJ
D:\MYWORK\LEADOR\ABSOLUTE_ORIENTATION2015\ABSOLUTE_ORIENTATION2015.4.3-加入SBA\LIB\CLAPACK\X64\DEBUG\DGEHRD.OBJ
D:\MYWORK\LEADOR\ABSOLUTE_ORIENTATION2015\ABSOLUTE_ORIENTATION2015.4.3-加入SBA\LIB\CLAPACK\X64\DEBUG\DGELQ2.OBJ
D:\MYWORK\LEADOR\ABSOLUTE_ORIENTATION2015\ABSOLUTE_ORIENTATION2015.4.3-加入SBA\LIB\CLAPACK\X64\DEBUG\DGELQF.OBJ
D:\MYWORK\LEADOR\ABSOLUTE_ORIENTATION2015\ABSOLUTE_ORIENTATION2015.4.3-加入SBA\LIB\CLAPACK\X64\DEBUG\DGELS.OBJ
D:\MYWORK\LEADOR\ABSOLUTE_ORIENTATION2015\ABSOLUTE_ORIENTATION2015.4.3-加入SBA\LIB\CLAPACK\X64\DEBUG\DGELSD.OBJ
D:\MYWORK\LEADOR\ABSOLUTE_ORIENTATION2015\ABSOLUTE_ORIENTATION2015.4.3-加入SBA\LIB\CLAPACK\X64\DEBUG\DGELSS.OBJ
D:\MYWORK\LEADOR\ABSOLUTE_ORIENTATION2015\ABSOLUTE_ORIENTATION2015.4.3-加入SBA\LIB\CLAPACK\X64\DEBUG\DGELSX.OBJ
D:\MYWORK\LEADOR\ABSOLUTE_ORIENTATION2015\ABSOLUTE_ORIENTATION2015.4.3-加入SBA\LIB\CLAPACK\X64\DEBUG\DGELSY.OBJ
D:\MYWORK\LEADOR\ABSOLUTE_ORIENTATION2015\ABSOLUTE_ORIENTATION2015.4.3-加入SBA\LIB\CLAPACK\X64\DEBUG\DGEMM.OBJ
D:\MYWORK\LEADOR\ABSOLUTE_ORIENTATION2015\ABSOLUTE_ORIENTATION2015.4.3-加入SBA\LIB\CLAPACK\X64\DEBUG\DGEMV.OBJ
D:\MYWORK\LEADOR\ABSOLUTE_ORIENTATION2015\ABSOLUTE_ORIENTATION2015.4.3-加入SBA\LIB\CLAPACK\X64\DEBUG\DGEQL2.OBJ
D:\MYWORK\LEADOR\ABSOLUTE_ORIENTATION2015\ABSOLUTE_ORIENTATION2015.4.3-加入SBA\LIB\CLAPACK\X64\DEBUG\DGEQLF.OBJ
D:\MYWORK\LEADOR\ABSOLUTE_ORIENTATION2015\ABSOLUTE_ORIENTATION2015.4.3-加入SBA\LIB\CLAPACK\X64\DEBUG\DGEQP3.OBJ
D:\MYWORK\LEADOR\ABSOLUTE_ORIENTATION2015\ABSOLUTE_ORIENTATION2015.4.3-加入SBA\LIB\CLAPACK\X64\DEBUG\DGEQPF.OBJ
D:\MYWORK\LEADOR\ABSOLUTE_ORIENTATION2015\ABSOLUTE_ORIENTATION2015.4.3-加入SBA\LIB\CLAPACK\X64\DEBUG\DGEQR2.OBJ
D:\MYWORK\LEADOR\ABSOLUTE_ORIENTATION2015\ABSOLUTE_ORIENTATION2015.4.3-加入SBA\LIB\CLAPACK\X64\DEBUG\DGEQRF.OBJ
D:\MYWORK\LEADOR\ABSOLUTE_ORIENTATION2015\ABSOLUTE_ORIENTATION2015.4.3-加入SBA\LIB\CLAPACK\X64\DEBUG\DGER.OBJ
D:\MYWORK\LEADOR\ABSOLUTE_ORIENTATION2015\ABSOLUTE_ORIENTATION2015.4.3-加入SBA\LIB\CLAPACK\X64\DEBUG\DGERFS.OBJ
D:\MYWORK\LEADOR\ABSOLUTE_ORIENTATION2015\ABSOLUTE_ORIENTATION2015.4.3-加入SBA\LIB\CLAPACK\X64\DEBUG\DGERQ2.OBJ
D:\MYWORK\LEADOR\ABSOLUTE_ORIENTATION2015\ABSOLUTE_ORIENTATION2015.4.3-加入SBA\LIB\CLAPACK\X64\DEBUG\DGERQF.OBJ
D:\MYWORK\LEADOR\ABSOLUTE_ORIENTATION2015\ABSOLUTE_ORIENTATION2015.4.3-加入SBA\LIB\CLAPACK\X64\DEBUG\DGESC2.OBJ
D:\MYWORK\LEADOR\ABSOLUTE_ORIENTATION2015\ABSOLUTE_ORIENTATION2015.4.3-加入SBA\LIB\CLAPACK\X64\DEBUG\DGESDD.OBJ
D:\MYWORK\LEADOR\ABSOLUTE_ORIENTATION2015\ABSOLUTE_ORIENTATION2015.4.3-加入SBA\LIB\CLAPACK\X64\DEBUG\DGESV.OBJ
D:\MYWORK\LEADOR\ABSOLUTE_ORIENTATION2015\ABSOLUTE_ORIENTATION2015.4.3-加入SBA\LIB\CLAPACK\X64\DEBUG\DGESVD.OBJ
D:\MYWORK\LEADOR\ABSOLUTE_ORIENTATION2015\ABSOLUTE_ORIENTATION2015.4.3-加入SBA\LIB\CLAPACK\X64\DEBUG\DGESVX.OBJ
D:\MYWORK\LEADOR\ABSOLUTE_ORIENTATION2015\ABSOLUTE_ORIENTATION2015.4.3-加入SBA\LIB\CLAPACK\X64\DEBUG\DGETC2.OBJ
D:\MYWORK\LEADOR\ABSOLUTE_ORIENTATION2015\ABSOLUTE_ORIENTATION2015.4.3-加入SBA\LIB\CLAPACK\X64\DEBUG\DGETF2.OBJ
D:\MYWORK\LEADOR\ABSOLUTE_ORIENTATION2015\ABSOLUTE_ORIENTATION2015.4.3-加入SBA\LIB\CLAPACK\X64\DEBUG\DGETRF.OBJ
D:\MYWORK\LEADOR\ABSOLUTE_ORIENTATION2015\ABSOLUTE_ORIENTATION2015.4.3-加入SBA\LIB\CLAPACK\X64\DEBUG\DGETRI.OBJ
D:\MYWORK\LEADOR\ABSOLUTE_ORIENTATION2015\ABSOLUTE_ORIENTATION2015.4.3-加入SBA\LIB\CLAPACK\X64\DEBUG\DGETRS.OBJ
D:\MYWORK\LEADOR\ABSOLUTE_ORIENTATION2015\ABSOLUTE_ORIENTATION2015.4.3-加入SBA\LIB\CLAPACK\X64\DEBUG\DGGBAK.OBJ
D:\MYWORK\LEADOR\ABSOLUTE_ORIENTATION2015\ABSOLUTE_ORIENTATION2015.4.3-加入SBA\LIB\CLAPACK\X64\DEBUG\DGGBAL.OBJ
D:\MYWORK\LEADOR\ABSOLUTE_ORIENTATION2015\ABSOLUTE_ORIENTATION2015.4.3-加入SBA\LIB\CLAPACK\X64\DEBUG\DGGES.OBJ
D:\MYWORK\LEADOR\ABSOLUTE_ORIENTATION2015\ABSOLUTE_ORIENTATION2015.4.3-加入SBA\LIB\CLAPACK\X64\DEBUG\DGGESX.OBJ
D:\MYWORK\LEADOR\ABSOLUTE_ORIENTATION2015\ABSOLUTE_ORIENTATION2015.4.3-加入SBA\LIB\CLAPACK\X64\DEBUG\DGGEV.OBJ
D:\MYWORK\LEADOR\ABSOLUTE_ORIENTATION2015\ABSOLUTE_ORIENTATION2015.4.3-加入SBA\LIB\CLAPACK\X64\DEBUG\DGGEVX.OBJ
D:\MYWORK\LEADOR\ABSOLUTE_ORIENTATION2015\ABSOLUTE_ORIENTATION2015.4.3-加入SBA\LIB\CLAPACK\X64\DEBUG\DGGGLM.OBJ
D:\MYWORK\LEADOR\ABSOLUTE_ORIENTATION2015\ABSOLUTE_ORIENTATION2015.4.3-加入SBA\LIB\CLAPACK\X64\DEBUG\DGGHRD.OBJ
D:\MYWORK\LEADOR\ABSOLUTE_ORIENTATION2015\ABSOLUTE_ORIENTATION2015.4.3-加入SBA\LIB\CLAPACK\X64\DEBUG\DGGLSE.OBJ
D:\MYWORK\LEADOR\ABSOLUTE_ORIENTATION2015\ABSOLUTE_ORIENTATION2015.4.3-加入SBA\LIB\CLAPACK\X64\DEBUG\DGGQRF.OBJ
D:\MYWORK\LEADOR\ABSOLUTE_ORIENTATION2015\ABSOLUTE_ORIENTATION2015.4.3-加入SBA\LIB\CLAPACK\X64\DEBUG\DGGRQF.OBJ
D:\MYWORK\LEADOR\ABSOLUTE_ORIENTATION2015\ABSOLUTE_ORIENTATION2015.4.3-加入SBA\LIB\CLAPACK\X64\DEBUG\DGGSVD.OBJ
D:\MYWORK\LEADOR\ABSOLUTE_ORIENTATION2015\ABSOLUTE_ORIENTATION2015.4.3-加入SBA\LIB\CLAPACK\X64\DEBUG\DGGSVP.OBJ
D:\MYWORK\LEADOR\ABSOLUTE_ORIENTATION2015\ABSOLUTE_ORIENTATION2015.4.3-加入SBA\LIB\CLAPACK\X64\DEBUG\DGTCON.OBJ
D:\MYWORK\LEADOR\ABSOLUTE_ORIENTATION2015\ABSOLUTE_ORIENTATION2015.4.3-加入SBA\LIB\CLAPACK\X64\DEBUG\DGTRFS.OBJ
D:\MYWORK\LEADOR\ABSOLUTE_ORIENTATION2015\ABSOLUTE_ORIENTATION2015.4.3-加入SBA\LIB\CLAPACK\X64\DEBUG\DGTSV.OBJ
D:\MYWORK\LEADOR\ABSOLUTE_ORIENTATION2015\ABSOLUTE_ORIENTATION2015.4.3-加入SBA\LIB\CLAPACK\X64\DEBUG\DGTSVX.OBJ
D:\MYWORK\LEADOR\ABSOLUTE_ORIENTATION2015\ABSOLUTE_ORIENTATION2015.4.3-加入SBA\LIB\CLAPACK\X64\DEBUG\DGTTRF.OBJ
D:\MYWORK\LEADOR\ABSOLUTE_ORIENTATION2015\ABSOLUTE_ORIENTATION2015.4.3-加入SBA\LIB\CLAPACK\X64\DEBUG\DGTTRS.OBJ
D:\MYWORK\LEADOR\ABSOLUTE_ORIENTATION2015\ABSOLUTE_ORIENTATION2015.4.3-加入SBA\LIB\CLAPACK\X64\DEBUG\DGTTS2.OBJ
D:\MYWORK\LEADOR\ABSOLUTE_ORIENTATION2015\ABSOLUTE_ORIENTATION2015.4.3-加入SBA\LIB\CLAPACK\X64\DEBUG\DHGEQZ.OBJ
D:\MYWORK\LEADOR\ABSOLUTE_ORIENTATION2015\ABSOLUTE_ORIENTATION2015.4.3-加入SBA\LIB\CLAPACK\X64\DEBUG\DHSEIN.OBJ
D:\MYWORK\LEADOR\ABSOLUTE_ORIENTATION2015\ABSOLUTE_ORIENTATION2015.4.3-加入SBA\LIB\CLAPACK\X64\DEBUG\DHSEQR.OBJ
D:\MYWORK\LEADOR\ABSOLUTE_ORIENTATION2015\ABSOLUTE_ORIENTATION2015.4.3-加入SBA\LIB\CLAPACK\X64\DEBUG\DISNAN.OBJ
D:\MYWORK\LEADOR\ABSOLUTE_ORIENTATION2015\ABSOLUTE_ORIENTATION2015.4.3-加入SBA\LIB\CLAPACK\X64\DEBUG\DLABAD.OBJ
D:\MYWORK\LEADOR\ABSOLUTE_ORIENTATION2015\ABSOLUTE_ORIENTATION2015.4.3-加入SBA\LIB\CLAPACK\X64\DEBUG\DLABRD.OBJ
D:\MYWORK\LEADOR\ABSOLUTE_ORIENTATION2015\ABSOLUTE_ORIENTATION2015.4.3-加入SBA\LIB\CLAPACK\X64\DEBUG\DLACN2.OBJ
D:\MYWORK\LEADOR\ABSOLUTE_ORIENTATION2015\ABSOLUTE_ORIENTATION2015.4.3-加入SBA\LIB\CLAPACK\X64\DEBUG\DLACON.OBJ
D:\MYWORK\LEADOR\ABSOLUTE_ORIENTATION2015\ABSOLUTE_ORIENTATION2015.4.3-加入SBA\LIB\CLAPACK\X64\DEBUG\DLACPY.OBJ
D:\MYWORK\LEADOR\ABSOLUTE_ORIENTATION2015\ABSOLUTE_ORIENTATION2015.4.3-加入SBA\LIB\CLAPACK\X64\DEBUG\DLADIV.OBJ
D:\MYWORK\LEADOR\ABSOLUTE_ORIENTATION2015\ABSOLUTE_ORIENTATION2015.4.3-加入SBA\LIB\CLAPACK\X64\DEBUG\DLAE2.OBJ
D:\MYWORK\LEADOR\ABSOLUTE_ORIENTATION2015\ABSOLUTE_ORIENTATION2015.4.3-加入SBA\LIB\CLAPACK\X64\DEBUG\DLAEBZ.OBJ
D:\MYWORK\LEADOR\ABSOLUTE_ORIENTATION2015\ABSOLUTE_ORIENTATION2015.4.3-加入SBA\LIB\CLAPACK\X64\DEBUG\DLAED0.OBJ
D:\MYWORK\LEADOR\ABSOLUTE_ORIENTATION2015\ABSOLUTE_ORIENTATION2015.4.3-加入SBA\LIB\CLAPACK\X64\DEBUG\DLAED1.OBJ
D:\MYWORK\LEADOR\ABSOLUTE_ORIENTATION2015\ABSOLUTE_ORIENTATION2015.4.3-加入SBA\LIB\CLAPACK\X64\DEBUG\DLAED2.OBJ
D:\MYWORK\LEADOR\ABSOLUTE_ORIENTATION2015\ABSOLUTE_ORIENTATION2015.4.3-加入SBA\LIB\CLAPACK\X64\DEBUG\DLAED3.OBJ
D:\MYWORK\LEADOR\ABSOLUTE_ORIENTATION2015\ABSOLUTE_ORIENTATION2015.4.3-加入SBA\LIB\CLAPACK\X64\DEBUG\DLAED4.OBJ
D:\MYWORK\LEADOR\ABSOLUTE_ORIENTATION2015\ABSOLUTE_ORIENTATION2015.4.3-加入SBA\LIB\CLAPACK\X64\DEBUG\DLAED5.OBJ
D:\MYWORK\LEADOR\ABSOLUTE_ORIENTATION2015\ABSOLUTE_ORIENTATION2015.4.3-加入SBA\LIB\CLAPACK\X64\DEBUG\DLAED6.OBJ
D:\MYWORK\LEADOR\ABSOLUTE_ORIENTATION2015\ABSOLUTE_ORIENTATION2015.4.3-加入SBA\LIB\CLAPACK\X64\DEBUG\DLAED7.OBJ
D:\MYWORK\LEADOR\ABSOLUTE_ORIENTATION2015\ABSOLUTE_ORIENTATION2015.4.3-加入SBA\LIB\CLAPACK\X64\DEBUG\DLAED8.OBJ
D:\MYWORK\LEADOR\ABSOLUTE_ORIENTATION2015\ABSOLUTE_ORIENTATION2015.4.3-加入SBA\LIB\CLAPACK\X64\DEBUG\DLAED9.OBJ
D:\MYWORK\LEADOR\ABSOLUTE_ORIENTATION2015\ABSOLUTE_ORIENTATION2015.4.3-加入SBA\LIB\CLAPACK\X64\DEBUG\DLAEDA.OBJ
D:\MYWORK\LEADOR\ABSOLUTE_ORIENTATION2015\ABSOLUTE_ORIENTATION2015.4.3-加入SBA\LIB\CLAPACK\X64\DEBUG\DLAEIN.OBJ
D:\MYWORK\LEADOR\ABSOLUTE_ORIENTATION2015\ABSOLUTE_ORIENTATION2015.4.3-加入SBA\LIB\CLAPACK\X64\DEBUG\DLAEV2.OBJ
D:\MYWORK\LEADOR\ABSOLUTE_ORIENTATION2015\ABSOLUTE_ORIENTATION2015.4.3-加入SBA\LIB\CLAPACK\X64\DEBUG\DLAEXC.OBJ
D:\MYWORK\LEADOR\ABSOLUTE_ORIENTATION2015\ABSOLUTE_ORIENTATION2015.4.3-加入SBA\LIB\CLAPACK\X64\DEBUG\DLAG2.OBJ
D:\MYWORK\LEADOR\ABSOLUTE_ORIENTATION2015\ABSOLUTE_ORIENTATION2015.4.3-加入SBA\LIB\CLAPACK\X64\DEBUG\DLAG2S.OBJ
D:\MYWORK\LEADOR\ABSOLUTE_ORIENTATION2015\ABSOLUTE_ORIENTATION2015.4.3-加入SBA\LIB\CLAPACK\X64\DEBUG\DLAGS2.OBJ
D:\MYWORK\LEADOR\ABSOLUTE_ORIENTATION2015\ABSOLUTE_ORIENTATION2015.4.3-加入SBA\LIB\CLAPACK\X64\DEBUG\DLAGTF.OBJ
D:\MYWORK\LEADOR\ABSOLUTE_ORIENTATION2015\ABSOLUTE_ORIENTATION2015.4.3-加入SBA\LIB\CLAPACK\X64\DEBUG\DLAGTM.OBJ
D:\MYWORK\LEADOR\ABSOLUTE_ORIENTATION2015\ABSOLUTE_ORIENTATION2015.4.3-加入SBA\LIB\CLAPACK\X64\DEBUG\DLAGTS.OBJ
D:\MYWORK\LEADOR\ABSOLUTE_ORIENTATION2015\ABSOLUTE_ORIENTATION2015.4.3-加入SBA\LIB\CLAPACK\X64\DEBUG\DLAGV2.OBJ
D:\MYWORK\LEADOR\ABSOLUTE_ORIENTATION2015\ABSOLUTE_ORIENTATION2015.4.3-加入SBA\LIB\CLAPACK\X64\DEBUG\DLAHQR.OBJ
D:\MYWORK\LEADOR\ABSOLUTE_ORIENTATION2015\ABSOLUTE_ORIENTATION2015.4.3-加入SBA\LIB\CLAPACK\X64\DEBUG\DLAHR2.OBJ
D:\MYWORK\LEADOR\ABSOLUTE_ORIENTATION2015\ABSOLUTE_ORIENTATION2015.4.3-加入SBA\LIB\CLAPACK\X64\DEBUG\DLAHRD.OBJ
D:\MYWORK\LEADOR\ABSOLUTE_ORIENTATION2015\ABSOLUTE_ORIENTATION2015.4.3-加入SBA\LIB\CLAPACK\X64\DEBUG\DLAIC1.OBJ
D:\MYWORK\LEADOR\ABSOLUTE_ORIENTATION2015\ABSOLUTE_ORIENTATION2015.4.3-加入SBA\LIB\CLAPACK\X64\DEBUG\DLAISNAN.OBJ
D:\MYWORK\LEADOR\ABSOLUTE_ORIENTATION2015\ABSOLUTE_ORIENTATION2015.4.3-加入SBA\LIB\CLAPACK\X64\DEBUG\DLALN2.OBJ
D:\MYWORK\LEADOR\ABSOLUTE_ORIENTATION2015\ABSOLUTE_ORIENTATION2015.4.3-加入SBA\LIB\CLAPACK\X64\DEBUG\DLALS0.OBJ
D:\MYWORK\LEADOR\ABSOLUTE_ORIENTATION2015\ABSOLUTE_ORIENTATION2015.4.3-加入SBA\LIB\CLAPACK\X64\DEBUG\DLALSA.OBJ
D:\MYWORK\LEADOR\ABSOLUTE_ORIENTATION2015\ABSOLUTE_ORIENTATION2015.4.3-加入SBA\LIB\CLAPACK\X64\DEBUG\DLALSD.OBJ
D:\MYWORK\LEADOR\ABSOLUTE_ORIENTATION2015\ABSOLUTE_ORIENTATION2015.4.3-加入SBA\LIB\CLAPACK\X64\DEBUG\DLAMCH.OBJ
D:\MYWORK\LEADOR\ABSOLUTE_ORIENTATION2015\ABSOLUTE_ORIENTATION2015.4.3-加入SBA\LIB\CLAPACK\X64\DEBUG\DLAMCHTST.OBJ
D:\MYWORK\LEADOR\ABSOLUTE_ORIENTATION2015\ABSOLUTE_ORIENTATION2015.4.3-加入SBA\LIB\CLAPACK\X64\DEBUG\DLAMRG.OBJ
D:\MYWORK\LEADOR\ABSOLUTE_ORIENTATION2015\ABSOLUTE_ORIENTATION2015.4.3-加入SBA\LIB\CLAPACK\X64\DEBUG\DLANEG.OBJ
D:\MYWORK\LEADOR\ABSOLUTE_ORIENTATION2015\ABSOLUTE_ORIENTATION2015.4.3-加入SBA\LIB\CLAPACK\X64\DEBUG\DLANGB.OBJ
D:\MYWORK\LEADOR\ABSOLUTE_ORIENTATION2015\ABSOLUTE_ORIENTATION2015.4.3-加入SBA\LIB\CLAPACK\X64\DEBUG\DLANGE.OBJ
D:\MYWORK\LEADOR\ABSOLUTE_ORIENTATION2015\ABSOLUTE_ORIENTATION2015.4.3-加入SBA\LIB\CLAPACK\X64\DEBUG\DLANGT.OBJ
D:\MYWORK\LEADOR\ABSOLUTE_ORIENTATION2015\ABSOLUTE_ORIENTATION2015.4.3-加入SBA\LIB\CLAPACK\X64\DEBUG\DLANHS.OBJ
D:\MYWORK\LEADOR\ABSOLUTE_ORIENTATION2015\ABSOLUTE_ORIENTATION2015.4.3-加入SBA\LIB\CLAPACK\X64\DEBUG\DLANSB.OBJ
D:\MYWORK\LEADOR\ABSOLUTE_ORIENTATION2015\ABSOLUTE_ORIENTATION2015.4.3-加入SBA\LIB\CLAPACK\X64\DEBUG\DLANSP.OBJ
D:\MYWORK\LEADOR\ABSOLUTE_ORIENTATION2015\ABSOLUTE_ORIENTATION2015.4.3-加入SBA\LIB\CLAPACK\X64\DEBUG\DLANST.OBJ
D:\MYWORK\LEADOR\ABSOLUTE_ORIENTATION2015\ABSOLUTE_ORIENTATION2015.4.3-加入SBA\LIB\CLAPACK\X64\DEBUG\DLANSY.OBJ
D:\MYWORK\LEADOR\ABSOLUTE_ORIENTATION2015\ABSOLUTE_ORIENTATION2015.4.3-加入SBA\LIB\CLAPACK\X64\DEBUG\DLANTB.OBJ
D:\MYWORK\LEADOR\ABSOLUTE_ORIENTATION2015\ABSOLUTE_ORIENTATION2015.4.3-加入SBA\LIB\CLAPACK\X64\DEBUG\DLANTP.OBJ
D:\MYWORK\LEADOR\ABSOLUTE_ORIENTATION2015\ABSOLUTE_ORIENTATION2015.4.3-加入SBA\LIB\CLAPACK\X64\DEBUG\DLANTR.OBJ
D:\MYWORK\LEADOR\ABSOLUTE_ORIENTATION2015\ABSOLUTE_ORIENTATION2015.4.3-加入SBA\LIB\CLAPACK\X64\DEBUG\DLANV2.OBJ
D:\MYWORK\LEADOR\ABSOLUTE_ORIENTATION2015\ABSOLUTE_ORIENTATION2015.4.3-加入SBA\LIB\CLAPACK\X64\DEBUG\DLAPLL.OBJ
D:\MYWORK\LEADOR\ABSOLUTE_ORIENTATION2015\ABSOLUTE_ORIENTATION2015.4.3-加入SBA\LIB\CLAPACK\X64\DEBUG\DLAPMT.OBJ
D:\MYWORK\LEADOR\ABSOLUTE_ORIENTATION2015\ABSOLUTE_ORIENTATION2015.4.3-加入SBA\LIB\CLAPACK\X64\DEBUG\DLAPY2.OBJ
D:\MYWORK\LEADOR\ABSOLUTE_ORIENTATION2015\ABSOLUTE_ORIENTATION2015.4.3-加入SBA\LIB\CLAPACK\X64\DEBUG\DLAPY3.OBJ
D:\MYWORK\LEADOR\ABSOLUTE_ORIENTATION2015\ABSOLUTE_ORIENTATION2015.4.3-加入SBA\LIB\CLAPACK\X64\DEBUG\DLAQGB.OBJ
D:\MYWORK\LEADOR\ABSOLUTE_ORIENTATION2015\ABSOLUTE_ORIENTATION2015.4.3-加入SBA\LIB\CLAPACK\X64\DEBUG\DLAQGE.OBJ
D:\MYWORK\LEADOR\ABSOLUTE_ORIENTATION2015\ABSOLUTE_ORIENTATION2015.4.3-加入SBA\LIB\CLAPACK\X64\DEBUG\DLAQP2.OBJ
D:\MYWORK\LEADOR\ABSOLUTE_ORIENTATION2015\ABSOLUTE_ORIENTATION2015.4.3-加入SBA\LIB\CLAPACK\X64\DEBUG\DLAQPS.OBJ
D:\MYWORK\LEADOR\ABSOLUTE_ORIENTATION2015\ABSOLUTE_ORIENTATION2015.4.3-加入SBA\LIB\CLAPACK\X64\DEBUG\DLAQR0.OBJ
D:\MYWORK\LEADOR\ABSOLUTE_ORIENTATION2015\ABSOLUTE_ORIENTATION2015.4.3-加入SBA\LIB\CLAPACK\X64\DEBUG\DLAQR1.OBJ
D:\MYWORK\LEADOR\ABSOLUTE_ORIENTATION2015\ABSOLUTE_ORIENTATION2015.4.3-加入SBA\LIB\CLAPACK\X64\DEBUG\DLAQR2.OBJ
D:\MYWORK\LEADOR\ABSOLUTE_ORIENTATION2015\ABSOLUTE_ORIENTATION2015.4.3-加入SBA\LIB\CLAPACK\X64\DEBUG\DLAQR3.OBJ
D:\MYWORK\LEADOR\ABSOLUTE_ORIENTATION2015\ABSOLUTE_ORIENTATION2015.4.3-加入SBA\LIB\CLAPACK\X64\DEBUG\DLAQR4.OBJ
D:\MYWORK\LEADOR\ABSOLUTE_ORIENTATION2015\ABSOLUTE_ORIENTATION2015.4.3-加入SBA\LIB\CLAPACK\X64\DEBUG\DLAQR5.OBJ
D:\MYWORK\LEADOR\ABSOLUTE_ORIENTATION2015\ABSOLUTE_ORIENTATION2015.4.3-加入SBA\LIB\CLAPACK\X64\DEBUG\DLAQSB.OBJ
D:\MYWORK\LEADOR\ABSOLUTE_ORIENTATION2015\ABSOLUTE_ORIENTATION2015.4.3-加入SBA\LIB\CLAPACK\X64\DEBUG\DLAQSP.OBJ
D:\MYWORK\LEADOR\ABSOLUTE_ORIENTATION2015\ABSOLUTE_ORIENTATION2015.4.3-加入SBA\LIB\CLAPACK\X64\DEBUG\DLAQSY.OBJ
D:\MYWORK\LEADOR\ABSOLUTE_ORIENTATION2015\ABSOLUTE_ORIENTATION2015.4.3-加入SBA\LIB\CLAPACK\X64\DEBUG\DLAQTR.OBJ
D:\MYWORK\LEADOR\ABSOLUTE_ORIENTATION2015\ABSOLUTE_ORIENTATION2015.4.3-加入SBA\LIB\CLAPACK\X64\DEBUG\DLAR1V.OBJ
D:\MYWORK\LEADOR\ABSOLUTE_ORIENTATION2015\ABSOLUTE_ORIENTATION2015.4.3-加入SBA\LIB\CLAPACK\X64\DEBUG\DLAR2V.OBJ
D:\MYWORK\LEADOR\ABSOLUTE_ORIENTATION2015\ABSOLUTE_ORIENTATION2015.4.3-加入SBA\LIB\CLAPACK\X64\DEBUG\DLARF.OBJ
D:\MYWORK\LEADOR\ABSOLUTE_ORIENTATION2015\ABSOLUTE_ORIENTATION2015.4.3-加入SBA\LIB\CLAPACK\X64\DEBUG\DLARFB.OBJ
D:\MYWORK\LEADOR\ABSOLUTE_ORIENTATION2015\ABSOLUTE_ORIENTATION2015.4.3-加入SBA\LIB\CLAPACK\X64\DEBUG\DLARFG.OBJ
D:\MYWORK\LEADOR\ABSOLUTE_ORIENTATION2015\ABSOLUTE_ORIENTATION2015.4.3-加入SBA\LIB\CLAPACK\X64\DEBUG\DLARFT.OBJ
D:\MYWORK\LEADOR\ABSOLUTE_ORIENTATION2015\ABSOLUTE_ORIENTATION2015.4.3-加入SBA\LIB\CLAPACK\X64\DEBUG\DLARFX.OBJ
D:\MYWORK\LEADOR\ABSOLUTE_ORIENTATION2015\ABSOLUTE_ORIENTATION2015.4.3-加入SBA\LIB\CLAPACK\X64\DEBUG\DLARGV.OBJ
D:\MYWORK\LEADOR\ABSOLUTE_ORIENTATION2015\ABSOLUTE_ORIENTATION2015.4.3-加入SBA\LIB\CLAPACK\X64\DEBUG\DLARNV.OBJ
D:\MYWORK\LEADOR\ABSOLUTE_ORIENTATION2015\ABSOLUTE_ORIENTATION2015.4.3-加入SBA\LIB\CLAPACK\X64\DEBUG\DLARRA.OBJ
D:\MYWORK\LEADOR\ABSOLUTE_ORIENTATION2015\ABSOLUTE_ORIENTATION2015.4.3-加入SBA\LIB\CLAPACK\X64\DEBUG\DLARRB.OBJ
D:\MYWORK\LEADOR\ABSOLUTE_ORIENTATION2015\ABSOLUTE_ORIENTATION2015.4.3-加入SBA\LIB\CLAPACK\X64\DEBUG\DLARRC.OBJ
D:\MYWORK\LEADOR\ABSOLUTE_ORIENTATION2015\ABSOLUTE_ORIENTATION2015.4.3-加入SBA\LIB\CLAPACK\X64\DEBUG\DLARRD.OBJ
D:\MYWORK\LEADOR\ABSOLUTE_ORIENTATION2015\ABSOLUTE_ORIENTATION2015.4.3-加入SBA\LIB\CLAPACK\X64\DEBUG\DLARRE.OBJ
D:\MYWORK\LEADOR\ABSOLUTE_ORIENTATION2015\ABSOLUTE_ORIENTATION2015.4.3-加入SBA\LIB\CLAPACK\X64\DEBUG\DLARRF.OBJ
D:\MYWORK\LEADOR\ABSOLUTE_ORIENTATION2015\ABSOLUTE_ORIENTATION2015.4.3-加入SBA\LIB\CLAPACK\X64\DEBUG\DLARRJ.OBJ
D:\MYWORK\LEADOR\ABSOLUTE_ORIENTATION2015\ABSOLUTE_ORIENTATION2015.4.3-加入SBA\LIB\CLAPACK\X64\DEBUG\DLARRK.OBJ
D:\MYWORK\LEADOR\ABSOLUTE_ORIENTATION2015\ABSOLUTE_ORIENTATION2015.4.3-加入SBA\LIB\CLAPACK\X64\DEBUG\DLARRR.OBJ
D:\MYWORK\LEADOR\ABSOLUTE_ORIENTATION2015\ABSOLUTE_ORIENTATION2015.4.3-加入SBA\LIB\CLAPACK\X64\DEBUG\DLARRV.OBJ
D:\MYWORK\LEADOR\ABSOLUTE_ORIENTATION2015\ABSOLUTE_ORIENTATION2015.4.3-加入SBA\LIB\CLAPACK\X64\DEBUG\DLARTG.OBJ
D:\MYWORK\LEADOR\ABSOLUTE_ORIENTATION2015\ABSOLUTE_ORIENTATION2015.4.3-加入SBA\LIB\CLAPACK\X64\DEBUG\DLARTV.OBJ
D:\MYWORK\LEADOR\ABSOLUTE_ORIENTATION2015\ABSOLUTE_ORIENTATION2015.4.3-加入SBA\LIB\CLAPACK\X64\DEBUG\DLARUV.OBJ
D:\MYWORK\LEADOR\ABSOLUTE_ORIENTATION2015\ABSOLUTE_ORIENTATION2015.4.3-加入SBA\LIB\CLAPACK\X64\DEBUG\DLARZ.OBJ
D:\MYWORK\LEADOR\ABSOLUTE_ORIENTATION2015\ABSOLUTE_ORIENTATION2015.4.3-加入SBA\LIB\CLAPACK\X64\DEBUG\DLARZB.OBJ
D:\MYWORK\LEADOR\ABSOLUTE_ORIENTATION2015\ABSOLUTE_ORIENTATION2015.4.3-加入SBA\LIB\CLAPACK\X64\DEBUG\DLARZT.OBJ
D:\MYWORK\LEADOR\ABSOLUTE_ORIENTATION2015\ABSOLUTE_ORIENTATION2015.4.3-加入SBA\LIB\CLAPACK\X64\DEBUG\DLAS2.OBJ
D:\MYWORK\LEADOR\ABSOLUTE_ORIENTATION2015\ABSOLUTE_ORIENTATION2015.4.3-加入SBA\LIB\CLAPACK\X64\DEBUG\DLASCL.OBJ
D:\MYWORK\LEADOR\ABSOLUTE_ORIENTATION2015\ABSOLUTE_ORIENTATION2015.4.3-加入SBA\LIB\CLAPACK\X64\DEBUG\DLASD0.OBJ
D:\MYWORK\LEADOR\ABSOLUTE_ORIENTATION2015\ABSOLUTE_ORIENTATION2015.4.3-加入SBA\LIB\CLAPACK\X64\DEBUG\DLASD1.OBJ
D:\MYWORK\LEADOR\ABSOLUTE_ORIENTATION2015\ABSOLUTE_ORIENTATION2015.4.3-加入SBA\LIB\CLAPACK\X64\DEBUG\DLASD2.OBJ
D:\MYWORK\LEADOR\ABSOLUTE_ORIENTATION2015\ABSOLUTE_ORIENTATION2015.4.3-加入SBA\LIB\CLAPACK\X64\DEBUG\DLASD3.OBJ
D:\MYWORK\LEADOR\ABSOLUTE_ORIENTATION2015\ABSOLUTE_ORIENTATION2015.4.3-加入SBA\LIB\CLAPACK\X64\DEBUG\DLASD4.OBJ
D:\MYWORK\LEADOR\ABSOLUTE_ORIENTATION2015\ABSOLUTE_ORIENTATION2015.4.3-加入SBA\LIB\CLAPACK\X64\DEBUG\DLASD5.OBJ
D:\MYWORK\LEADOR\ABSOLUTE_ORIENTATION2015\ABSOLUTE_ORIENTATION2015.4.3-加入SBA\LIB\CLAPACK\X64\DEBUG\DLASD6.OBJ
D:\MYWORK\LEADOR\ABSOLUTE_ORIENTATION2015\ABSOLUTE_ORIENTATION2015.4.3-加入SBA\LIB\CLAPACK\X64\DEBUG\DLASD7.OBJ
D:\MYWORK\LEADOR\ABSOLUTE_ORIENTATION2015\ABSOLUTE_ORIENTATION2015.4.3-加入SBA\LIB\CLAPACK\X64\DEBUG\DLASD8.OBJ
D:\MYWORK\LEADOR\ABSOLUTE_ORIENTATION2015\ABSOLUTE_ORIENTATION2015.4.3-加入SBA\LIB\CLAPACK\X64\DEBUG\DLASDA.OBJ
D:\MYWORK\LEADOR\ABSOLUTE_ORIENTATION2015\ABSOLUTE_ORIENTATION2015.4.3-加入SBA\LIB\CLAPACK\X64\DEBUG\DLASDQ.OBJ
D:\MYWORK\LEADOR\ABSOLUTE_ORIENTATION2015\ABSOLUTE_ORIENTATION2015.4.3-加入SBA\LIB\CLAPACK\X64\DEBUG\DLASDT.OBJ
D:\MYWORK\LEADOR\ABSOLUTE_ORIENTATION2015\ABSOLUTE_ORIENTATION2015.4.3-加入SBA\LIB\CLAPACK\X64\DEBUG\DLASET.OBJ
D:\MYWORK\LEADOR\ABSOLUTE_ORIENTATION2015\ABSOLUTE_ORIENTATION2015.4.3-加入SBA\LIB\CLAPACK\X64\DEBUG\DLASQ1.OBJ
D:\MYWORK\LEADOR\ABSOLUTE_ORIENTATION2015\ABSOLUTE_ORIENTATION2015.4.3-加入SBA\LIB\CLAPACK\X64\DEBUG\DLASQ2.OBJ
D:\MYWORK\LEADOR\ABSOLUTE_ORIENTATION2015\ABSOLUTE_ORIENTATION2015.4.3-加入SBA\LIB\CLAPACK\X64\DEBUG\DLASQ3.OBJ
D:\MYWORK\LEADOR\ABSOLUTE_ORIENTATION2015\ABSOLUTE_ORIENTATION2015.4.3-加入SBA\LIB\CLAPACK\X64\DEBUG\DLASQ4.OBJ
D:\MYWORK\LEADOR\ABSOLUTE_ORIENTATION2015\ABSOLUTE_ORIENTATION2015.4.3-加入SBA\LIB\CLAPACK\X64\DEBUG\DLASQ5.OBJ
D:\MYWORK\LEADOR\ABSOLUTE_ORIENTATION2015\ABSOLUTE_ORIENTATION2015.4.3-加入SBA\LIB\CLAPACK\X64\DEBUG\DLASQ6.OBJ
D:\MYWORK\LEADOR\ABSOLUTE_ORIENTATION2015\ABSOLUTE_ORIENTATION2015.4.3-加入SBA\LIB\CLAPACK\X64\DEBUG\DLASR.OBJ
D:\MYWORK\LEADOR\ABSOLUTE_ORIENTATION2015\ABSOLUTE_ORIENTATION2015.4.3-加入SBA\LIB\CLAPACK\X64\DEBUG\DLASRT.OBJ
D:\MYWORK\LEADOR\ABSOLUTE_ORIENTATION2015\ABSOLUTE_ORIENTATION2015.4.3-加入SBA\LIB\CLAPACK\X64\DEBUG\DLASSQ.OBJ
D:\MYWORK\LEADOR\ABSOLUTE_ORIENTATION2015\ABSOLUTE_ORIENTATION2015.4.3-加入SBA\LIB\CLAPACK\X64\DEBUG\DLASV2.OBJ
D:\MYWORK\LEADOR\ABSOLUTE_ORIENTATION2015\ABSOLUTE_ORIENTATION2015.4.3-加入SBA\LIB\CLAPACK\X64\DEBUG\DLASWP.OBJ
D:\MYWORK\LEADOR\ABSOLUTE_ORIENTATION2015\ABSOLUTE_ORIENTATION2015.4.3-加入SBA\LIB\CLAPACK\X64\DEBUG\DLASY2.OBJ
D:\MYWORK\LEADOR\ABSOLUTE_ORIENTATION2015\ABSOLUTE_ORIENTATION2015.4.3-加入SBA\LIB\CLAPACK\X64\DEBUG\DLASYF.OBJ
D:\MYWORK\LEADOR\ABSOLUTE_ORIENTATION2015\ABSOLUTE_ORIENTATION2015.4.3-加入SBA\LIB\CLAPACK\X64\DEBUG\DLATBS.OBJ
D:\MYWORK\LEADOR\ABSOLUTE_ORIENTATION2015\ABSOLUTE_ORIENTATION2015.4.3-加入SBA\LIB\CLAPACK\X64\DEBUG\DLATDF.OBJ
D:\MYWORK\LEADOR\ABSOLUTE_ORIENTATION2015\ABSOLUTE_ORIENTATION2015.4.3-加入SBA\LIB\CLAPACK\X64\DEBUG\DLATPS.OBJ
D:\MYWORK\LEADOR\ABSOLUTE_ORIENTATION2015\ABSOLUTE_ORIENTATION2015.4.3-加入SBA\LIB\CLAPACK\X64\DEBUG\DLATRD.OBJ
D:\MYWORK\LEADOR\ABSOLUTE_ORIENTATION2015\ABSOLUTE_ORIENTATION2015.4.3-加入SBA\LIB\CLAPACK\X64\DEBUG\DLATRS.OBJ
D:\MYWORK\LEADOR\ABSOLUTE_ORIENTATION2015\ABSOLUTE_ORIENTATION2015.4.3-加入SBA\LIB\CLAPACK\X64\DEBUG\DLATRZ.OBJ
D:\MYWORK\LEADOR\ABSOLUTE_ORIENTATION2015\ABSOLUTE_ORIENTATION2015.4.3-加入SBA\LIB\CLAPACK\X64\DEBUG\DLATZM.OBJ
D:\MYWORK\LEADOR\ABSOLUTE_ORIENTATION2015\ABSOLUTE_ORIENTATION2015.4.3-加入SBA\LIB\CLAPACK\X64\DEBUG\DLAUU2.OBJ
D:\MYWORK\LEADOR\ABSOLUTE_ORIENTATION2015\ABSOLUTE_ORIENTATION2015.4.3-加入SBA\LIB\CLAPACK\X64\DEBUG\DLAUUM.OBJ
D:\MYWORK\LEADOR\ABSOLUTE_ORIENTATION2015\ABSOLUTE_ORIENTATION2015.4.3-加入SBA\LIB\CLAPACK\X64\DEBUG\DLAZQ3.OBJ
D:\MYWORK\LEADOR\ABSOLUTE_ORIENTATION2015\ABSOLUTE_ORIENTATION2015.4.3-加入SBA\LIB\CLAPACK\X64\DEBUG\DLAZQ4.OBJ
D:\MYWORK\LEADOR\ABSOLUTE_ORIENTATION2015\ABSOLUTE_ORIENTATION2015.4.3-加入SBA\LIB\CLAPACK\X64\DEBUG\DNRM2.OBJ
D:\MYWORK\LEADOR\ABSOLUTE_ORIENTATION2015\ABSOLUTE_ORIENTATION2015.4.3-加入SBA\LIB\CLAPACK\X64\DEBUG\DOPGTR.OBJ
D:\MYWORK\LEADOR\ABSOLUTE_ORIENTATION2015\ABSOLUTE_ORIENTATION2015.4.3-加入SBA\LIB\CLAPACK\X64\DEBUG\DOPMTR.OBJ
D:\MYWORK\LEADOR\ABSOLUTE_ORIENTATION2015\ABSOLUTE_ORIENTATION2015.4.3-加入SBA\LIB\CLAPACK\X64\DEBUG\DORG2L.OBJ
D:\MYWORK\LEADOR\ABSOLUTE_ORIENTATION2015\ABSOLUTE_ORIENTATION2015.4.3-加入SBA\LIB\CLAPACK\X64\DEBUG\DORG2R.OBJ
D:\MYWORK\LEADOR\ABSOLUTE_ORIENTATION2015\ABSOLUTE_ORIENTATION2015.4.3-加入SBA\LIB\CLAPACK\X64\DEBUG\DORGBR.OBJ
D:\MYWORK\LEADOR\ABSOLUTE_ORIENTATION2015\ABSOLUTE_ORIENTATION2015.4.3-加入SBA\LIB\CLAPACK\X64\DEBUG\DORGHR.OBJ
D:\MYWORK\LEADOR\ABSOLUTE_ORIENTATION2015\ABSOLUTE_ORIENTATION2015.4.3-加入SBA\LIB\CLAPACK\X64\DEBUG\DORGL2.OBJ
D:\MYWORK\LEADOR\ABSOLUTE_ORIENTATION2015\ABSOLUTE_ORIENTATION2015.4.3-加入SBA\LIB\CLAPACK\X64\DEBUG\DORGLQ.OBJ
D:\MYWORK\LEADOR\ABSOLUTE_ORIENTATION2015\ABSOLUTE_ORIENTATION2015.4.3-加入SBA\LIB\CLAPACK\X64\DEBUG\DORGQL.OBJ
D:\MYWORK\LEADOR\ABSOLUTE_ORIENTATION2015\ABSOLUTE_ORIENTATION2015.4.3-加入SBA\LIB\CLAPACK\X64\DEBUG\DORGQR.OBJ
D:\MYWORK\LEADOR\ABSOLUTE_ORIENTATION2015\ABSOLUTE_ORIENTATION2015.4.3-加入SBA\LIB\CLAPACK\X64\DEBUG\DORGR2.OBJ
D:\MYWORK\LEADOR\ABSOLUTE_ORIENTATION2015\ABSOLUTE_ORIENTATION2015.4.3-加入SBA\LIB\CLAPACK\X64\DEBUG\DORGRQ.OBJ
D:\MYWORK\LEADOR\ABSOLUTE_ORIENTATION2015\ABSOLUTE_ORIENTATION2015.4.3-加入SBA\LIB\CLAPACK\X64\DEBUG\DORGTR.OBJ
D:\MYWORK\LEADOR\ABSOLUTE_ORIENTATION2015\ABSOLUTE_ORIENTATION2015.4.3-加入SBA\LIB\CLAPACK\X64\DEBUG\DORM2L.OBJ
D:\MYWORK\LEADOR\ABSOLUTE_ORIENTATION2015\ABSOLUTE_ORIENTATION2015.4.3-加入SBA\LIB\CLAPACK\X64\DEBUG\DORM2R.OBJ
D:\MYWORK\LEADOR\ABSOLUTE_ORIENTATION2015\ABSOLUTE_ORIENTATION2015.4.3-加入SBA\LIB\CLAPACK\X64\DEBUG\DORMBR.OBJ
D:\MYWORK\LEADOR\ABSOLUTE_ORIENTATION2015\ABSOLUTE_ORIENTATION2015.4.3-加入SBA\LIB\CLAPACK\X64\DEBUG\DORMHR.OBJ
D:\MYWORK\LEADOR\ABSOLUTE_ORIENTATION2015\ABSOLUTE_ORIENTATION2015.4.3-加入SBA\LIB\CLAPACK\X64\DEBUG\DORML2.OBJ
D:\MYWORK\LEADOR\ABSOLUTE_ORIENTATION2015\ABSOLUTE_ORIENTATION2015.4.3-加入SBA\LIB\CLAPACK\X64\DEBUG\DORMLQ.OBJ
D:\MYWORK\LEADOR\ABSOLUTE_ORIENTATION2015\ABSOLUTE_ORIENTATION2015.4.3-加入SBA\LIB\CLAPACK\X64\DEBUG\DORMQL.OBJ
D:\MYWORK\LEADOR\ABSOLUTE_ORIENTATION2015\ABSOLUTE_ORIENTATION2015.4.3-加入SBA\LIB\CLAPACK\X64\DEBUG\DORMQR.OBJ
D:\MYWORK\LEADOR\ABSOLUTE_ORIENTATION2015\ABSOLUTE_ORIENTATION2015.4.3-加入SBA\LIB\CLAPACK\X64\DEBUG\DORMR2.OBJ
D:\MYWORK\LEADOR\ABSOLUTE_ORIENTATION2015\ABSOLUTE_ORIENTATION2015.4.3-加入SBA\LIB\CLAPACK\X64\DEBUG\DORMR3.OBJ
D:\MYWORK\LEADOR\ABSOLUTE_ORIENTATION2015\ABSOLUTE_ORIENTATION2015.4.3-加入SBA\LIB\CLAPACK\X64\DEBUG\DORMRQ.OBJ
D:\MYWORK\LEADOR\ABSOLUTE_ORIENTATION2015\ABSOLUTE_ORIENTATION2015.4.3-加入SBA\LIB\CLAPACK\X64\DEBUG\DORMRZ.OBJ
D:\MYWORK\LEADOR\ABSOLUTE_ORIENTATION2015\ABSOLUTE_ORIENTATION2015.4.3-加入SBA\LIB\CLAPACK\X64\DEBUG\DORMTR.OBJ
D:\MYWORK\LEADOR\ABSOLUTE_ORIENTATION2015\ABSOLUTE_ORIENTATION2015.4.3-加入SBA\LIB\CLAPACK\X64\DEBUG\DPBCON.OBJ
D:\MYWORK\LEADOR\ABSOLUTE_ORIENTATION2015\ABSOLUTE_ORIENTATION2015.4.3-加入SBA\LIB\CLAPACK\X64\DEBUG\DPBEQU.OBJ
D:\MYWORK\LEADOR\ABSOLUTE_ORIENTATION2015\ABSOLUTE_ORIENTATION2015.4.3-加入SBA\LIB\CLAPACK\X64\DEBUG\DPBRFS.OBJ
D:\MYWORK\LEADOR\ABSOLUTE_ORIENTATION2015\ABSOLUTE_ORIENTATION2015.4.3-加入SBA\LIB\CLAPACK\X64\DEBUG\DPBSTF.OBJ
D:\MYWORK\LEADOR\ABSOLUTE_ORIENTATION2015\ABSOLUTE_ORIENTATION2015.4.3-加入SBA\LIB\CLAPACK\X64\DEBUG\DPBSV.OBJ
D:\MYWORK\LEADOR\ABSOLUTE_ORIENTATION2015\ABSOLUTE_ORIENTATION2015.4.3-加入SBA\LIB\CLAPACK\X64\DEBUG\DPBSVX.OBJ
D:\MYWORK\LEADOR\ABSOLUTE_ORIENTATION2015\ABSOLUTE_ORIENTATION2015.4.3-加入SBA\LIB\CLAPACK\X64\DEBUG\DPBTF2.OBJ
D:\MYWORK\LEADOR\ABSOLUTE_ORIENTATION2015\ABSOLUTE_ORIENTATION2015.4.3-加入SBA\LIB\CLAPACK\X64\DEBUG\DPBTRF.OBJ
D:\MYWORK\LEADOR\ABSOLUTE_ORIENTATION2015\ABSOLUTE_ORIENTATION2015.4.3-加入SBA\LIB\CLAPACK\X64\DEBUG\DPBTRS.OBJ
D:\MYWORK\LEADOR\ABSOLUTE_ORIENTATION2015\ABSOLUTE_ORIENTATION2015.4.3-加入SBA\LIB\CLAPACK\X64\DEBUG\DPOCON.OBJ
D:\MYWORK\LEADOR\ABSOLUTE_ORIENTATION2015\ABSOLUTE_ORIENTATION2015.4.3-加入SBA\LIB\CLAPACK\X64\DEBUG\DPOEQU.OBJ
D:\MYWORK\LEADOR\ABSOLUTE_ORIENTATION2015\ABSOLUTE_ORIENTATION2015.4.3-加入SBA\LIB\CLAPACK\X64\DEBUG\DPORFS.OBJ
D:\MYWORK\LEADOR\ABSOLUTE_ORIENTATION2015\ABSOLUTE_ORIENTATION2015.4.3-加入SBA\LIB\CLAPACK\X64\DEBUG\DPOSV.OBJ
D:\MYWORK\LEADOR\ABSOLUTE_ORIENTATION2015\ABSOLUTE_ORIENTATION2015.4.3-加入SBA\LIB\CLAPACK\X64\DEBUG\DPOSVX.OBJ
D:\MYWORK\LEADOR\ABSOLUTE_ORIENTATION2015\ABSOLUTE_ORIENTATION2015.4.3-加入SBA\LIB\CLAPACK\X64\DEBUG\DPOTF2.OBJ
D:\MYWORK\LEADOR\ABSOLUTE_ORIENTATION2015\ABSOLUTE_ORIENTATION2015.4.3-加入SBA\LIB\CLAPACK\X64\DEBUG\DPOTRF.OBJ
D:\MYWORK\LEADOR\ABSOLUTE_ORIENTATION2015\ABSOLUTE_ORIENTATION2015.4.3-加入SBA\LIB\CLAPACK\X64\DEBUG\DPOTRI.OBJ
D:\MYWORK\LEADOR\ABSOLUTE_ORIENTATION2015\ABSOLUTE_ORIENTATION2015.4.3-加入SBA\LIB\CLAPACK\X64\DEBUG\DPOTRS.OBJ
D:\MYWORK\LEADOR\ABSOLUTE_ORIENTATION2015\ABSOLUTE_ORIENTATION2015.4.3-加入SBA\LIB\CLAPACK\X64\DEBUG\DPPCON.OBJ
D:\MYWORK\LEADOR\ABSOLUTE_ORIENTATION2015\ABSOLUTE_ORIENTATION2015.4.3-加入SBA\LIB\CLAPACK\X64\DEBUG\DPPEQU.OBJ
D:\MYWORK\LEADOR\ABSOLUTE_ORIENTATION2015\ABSOLUTE_ORIENTATION2015.4.3-加入SBA\LIB\CLAPACK\X64\DEBUG\DPPRFS.OBJ
D:\MYWORK\LEADOR\ABSOLUTE_ORIENTATION2015\ABSOLUTE_ORIENTATION2015.4.3-加入SBA\LIB\CLAPACK\X64\DEBUG\DPPSV.OBJ
D:\MYWORK\LEADOR\ABSOLUTE_ORIENTATION2015\ABSOLUTE_ORIENTATION2015.4.3-加入SBA\LIB\CLAPACK\X64\DEBUG\DPPSVX.OBJ
D:\MYWORK\LEADOR\ABSOLUTE_ORIENTATION2015\ABSOLUTE_ORIENTATION2015.4.3-加入SBA\LIB\CLAPACK\X64\DEBUG\DPPTRF.OBJ
D:\MYWORK\LEADOR\ABSOLUTE_ORIENTATION2015\ABSOLUTE_ORIENTATION2015.4.3-加入SBA\LIB\CLAPACK\X64\DEBUG\DPPTRI.OBJ
D:\MYWORK\LEADOR\ABSOLUTE_ORIENTATION2015\ABSOLUTE_ORIENTATION2015.4.3-加入SBA\LIB\CLAPACK\X64\DEBUG\DPPTRS.OBJ
D:\MYWORK\LEADOR\ABSOLUTE_ORIENTATION2015\ABSOLUTE_ORIENTATION2015.4.3-加入SBA\LIB\CLAPACK\X64\DEBUG\DPTCON.OBJ
D:\MYWORK\LEADOR\ABSOLUTE_ORIENTATION2015\ABSOLUTE_ORIENTATION2015.4.3-加入SBA\LIB\CLAPACK\X64\DEBUG\DPTEQR.OBJ
D:\MYWORK\LEADOR\ABSOLUTE_ORIENTATION2015\ABSOLUTE_ORIENTATION2015.4.3-加入SBA\LIB\CLAPACK\X64\DEBUG\DPTRFS.OBJ
D:\MYWORK\LEADOR\ABSOLUTE_ORIENTATION2015\ABSOLUTE_ORIENTATION2015.4.3-加入SBA\LIB\CLAPACK\X64\DEBUG\DPTSV.OBJ
D:\MYWORK\LEADOR\ABSOLUTE_ORIENTATION2015\ABSOLUTE_ORIENTATION2015.4.3-加入SBA\LIB\CLAPACK\X64\DEBUG\DPTSVX.OBJ
D:\MYWORK\LEADOR\ABSOLUTE_ORIENTATION2015\ABSOLUTE_ORIENTATION2015.4.3-加入SBA\LIB\CLAPACK\X64\DEBUG\DPTTRF.OBJ
D:\MYWORK\LEADOR\ABSOLUTE_ORIENTATION2015\ABSOLUTE_ORIENTATION2015.4.3-加入SBA\LIB\CLAPACK\X64\DEBUG\DPTTRS.OBJ
D:\MYWORK\LEADOR\ABSOLUTE_ORIENTATION2015\ABSOLUTE_ORIENTATION2015.4.3-加入SBA\LIB\CLAPACK\X64\DEBUG\DPTTS2.OBJ
D:\MYWORK\LEADOR\ABSOLUTE_ORIENTATION2015\ABSOLUTE_ORIENTATION2015.4.3-加入SBA\LIB\CLAPACK\X64\DEBUG\DROT.OBJ
D:\MYWORK\LEADOR\ABSOLUTE_ORIENTATION2015\ABSOLUTE_ORIENTATION2015.4.3-加入SBA\LIB\CLAPACK\X64\DEBUG\DROTG.OBJ
D:\MYWORK\LEADOR\ABSOLUTE_ORIENTATION2015\ABSOLUTE_ORIENTATION2015.4.3-加入SBA\LIB\CLAPACK\X64\DEBUG\DROTM.OBJ
D:\MYWORK\LEADOR\ABSOLUTE_ORIENTATION2015\ABSOLUTE_ORIENTATION2015.4.3-加入SBA\LIB\CLAPACK\X64\DEBUG\DROTMG.OBJ
D:\MYWORK\LEADOR\ABSOLUTE_ORIENTATION2015\ABSOLUTE_ORIENTATION2015.4.3-加入SBA\LIB\CLAPACK\X64\DEBUG\DRSCL.OBJ
D:\MYWORK\LEADOR\ABSOLUTE_ORIENTATION2015\ABSOLUTE_ORIENTATION2015.4.3-加入SBA\LIB\CLAPACK\X64\DEBUG\DSBEV.OBJ
D:\MYWORK\LEADOR\ABSOLUTE_ORIENTATION2015\ABSOLUTE_ORIENTATION2015.4.3-加入SBA\LIB\CLAPACK\X64\DEBUG\DSBEVD.OBJ
D:\MYWORK\LEADOR\ABSOLUTE_ORIENTATION2015\ABSOLUTE_ORIENTATION2015.4.3-加入SBA\LIB\CLAPACK\X64\DEBUG\DSBEVX.OBJ
D:\MYWORK\LEADOR\ABSOLUTE_ORIENTATION2015\ABSOLUTE_ORIENTATION2015.4.3-加入SBA\LIB\CLAPACK\X64\DEBUG\DSBGST.OBJ
D:\MYWORK\LEADOR\ABSOLUTE_ORIENTATION2015\ABSOLUTE_ORIENTATION2015.4.3-加入SBA\LIB\CLAPACK\X64\DEBUG\DSBGV.OBJ
D:\MYWORK\LEADOR\ABSOLUTE_ORIENTATION2015\ABSOLUTE_ORIENTATION2015.4.3-加入SBA\LIB\CLAPACK\X64\DEBUG\DSBGVD.OBJ
D:\MYWORK\LEADOR\ABSOLUTE_ORIENTATION2015\ABSOLUTE_ORIENTATION2015.4.3-加入SBA\LIB\CLAPACK\X64\DEBUG\DSBGVX.OBJ
D:\MYWORK\LEADOR\ABSOLUTE_ORIENTATION2015\ABSOLUTE_ORIENTATION2015.4.3-加入SBA\LIB\CLAPACK\X64\DEBUG\DSBMV.OBJ
D:\MYWORK\LEADOR\ABSOLUTE_ORIENTATION2015\ABSOLUTE_ORIENTATION2015.4.3-加入SBA\LIB\CLAPACK\X64\DEBUG\DSBTRD.OBJ
D:\MYWORK\LEADOR\ABSOLUTE_ORIENTATION2015\ABSOLUTE_ORIENTATION2015.4.3-加入SBA\LIB\CLAPACK\X64\DEBUG\DSCAL.OBJ
D:\MYWORK\LEADOR\ABSOLUTE_ORIENTATION2015\ABSOLUTE_ORIENTATION2015.4.3-加入SBA\LIB\CLAPACK\X64\DEBUG\DSDOT.OBJ
D:\MYWORK\LEADOR\ABSOLUTE_ORIENTATION2015\ABSOLUTE_ORIENTATION2015.4.3-加入SBA\LIB\CLAPACK\X64\DEBUG\DSECNDTST.OBJ
D:\MYWORK\LEADOR\ABSOLUTE_ORIENTATION2015\ABSOLUTE_ORIENTATION2015.4.3-加入SBA\LIB\CLAPACK\X64\DEBUG\DSGESV.OBJ
D:\MYWORK\LEADOR\ABSOLUTE_ORIENTATION2015\ABSOLUTE_ORIENTATION2015.4.3-加入SBA\LIB\CLAPACK\X64\DEBUG\DSPCON.OBJ
D:\MYWORK\LEADOR\ABSOLUTE_ORIENTATION2015\ABSOLUTE_ORIENTATION2015.4.3-加入SBA\LIB\CLAPACK\X64\DEBUG\DSPEV.OBJ
D:\MYWORK\LEADOR\ABSOLUTE_ORIENTATION2015\ABSOLUTE_ORIENTATION2015.4.3-加入SBA\LIB\CLAPACK\X64\DEBUG\DSPEVD.OBJ
D:\MYWORK\LEADOR\ABSOLUTE_ORIENTATION2015\ABSOLUTE_ORIENTATION2015.4.3-加入SBA\LIB\CLAPACK\X64\DEBUG\DSPEVX.OBJ
D:\MYWORK\LEADOR\ABSOLUTE_ORIENTATION2015\ABSOLUTE_ORIENTATION2015.4.3-加入SBA\LIB\CLAPACK\X64\DEBUG\DSPGST.OBJ
D:\MYWORK\LEADOR\ABSOLUTE_ORIENTATION2015\ABSOLUTE_ORIENTATION2015.4.3-加入SBA\LIB\CLAPACK\X64\DEBUG\DSPGV.OBJ
D:\MYWORK\LEADOR\ABSOLUTE_ORIENTATION2015\ABSOLUTE_ORIENTATION2015.4.3-加入SBA\LIB\CLAPACK\X64\DEBUG\DSPGVD.OBJ
D:\MYWORK\LEADOR\ABSOLUTE_ORIENTATION2015\ABSOLUTE_ORIENTATION2015.4.3-加入SBA\LIB\CLAPACK\X64\DEBUG\DSPGVX.OBJ
D:\MYWORK\LEADOR\ABSOLUTE_ORIENTATION2015\ABSOLUTE_ORIENTATION2015.4.3-加入SBA\LIB\CLAPACK\X64\DEBUG\DSPMV.OBJ
D:\MYWORK\LEADOR\ABSOLUTE_ORIENTATION2015\ABSOLUTE_ORIENTATION2015.4.3-加入SBA\LIB\CLAPACK\X64\DEBUG\DSPR.OBJ
D:\MYWORK\LEADOR\ABSOLUTE_ORIENTATION2015\ABSOLUTE_ORIENTATION2015.4.3-加入SBA\LIB\CLAPACK\X64\DEBUG\DSPR2.OBJ
D:\MYWORK\LEADOR\ABSOLUTE_ORIENTATION2015\ABSOLUTE_ORIENTATION2015.4.3-加入SBA\LIB\CLAPACK\X64\DEBUG\DSPRFS.OBJ
D:\MYWORK\LEADOR\ABSOLUTE_ORIENTATION2015\ABSOLUTE_ORIENTATION2015.4.3-加入SBA\LIB\CLAPACK\X64\DEBUG\DSPSV.OBJ
D:\MYWORK\LEADOR\ABSOLUTE_ORIENTATION2015\ABSOLUTE_ORIENTATION2015.4.3-加入SBA\LIB\CLAPACK\X64\DEBUG\DSPSVX.OBJ
D:\MYWORK\LEADOR\ABSOLUTE_ORIENTATION2015\ABSOLUTE_ORIENTATION2015.4.3-加入SBA\LIB\CLAPACK\X64\DEBUG\DSPTRD.OBJ
D:\MYWORK\LEADOR\ABSOLUTE_ORIENTATION2015\ABSOLUTE_ORIENTATION2015.4.3-加入SBA\LIB\CLAPACK\X64\DEBUG\DSPTRF.OBJ
D:\MYWORK\LEADOR\ABSOLUTE_ORIENTATION2015\ABSOLUTE_ORIENTATION2015.4.3-加入SBA\LIB\CLAPACK\X64\DEBUG\DSPTRI.OBJ
D:\MYWORK\LEADOR\ABSOLUTE_ORIENTATION2015\ABSOLUTE_ORIENTATION2015.4.3-加入SBA\LIB\CLAPACK\X64\DEBUG\DSPTRS.OBJ
D:\MYWORK\LEADOR\ABSOLUTE_ORIENTATION2015\ABSOLUTE_ORIENTATION2015.4.3-加入SBA\LIB\CLAPACK\X64\DEBUG\DSTEBZ.OBJ
D:\MYWORK\LEADOR\ABSOLUTE_ORIENTATION2015\ABSOLUTE_ORIENTATION2015.4.3-加入SBA\LIB\CLAPACK\X64\DEBUG\DSTEDC.OBJ
D:\MYWORK\LEADOR\ABSOLUTE_ORIENTATION2015\ABSOLUTE_ORIENTATION2015.4.3-加入SBA\LIB\CLAPACK\X64\DEBUG\DSTEGR.OBJ
D:\MYWORK\LEADOR\ABSOLUTE_ORIENTATION2015\ABSOLUTE_ORIENTATION2015.4.3-加入SBA\LIB\CLAPACK\X64\DEBUG\DSTEIN.OBJ
D:\MYWORK\LEADOR\ABSOLUTE_ORIENTATION2015\ABSOLUTE_ORIENTATION2015.4.3-加入SBA\LIB\CLAPACK\X64\DEBUG\DSTEMR.OBJ
D:\MYWORK\LEADOR\ABSOLUTE_ORIENTATION2015\ABSOLUTE_ORIENTATION2015.4.3-加入SBA\LIB\CLAPACK\X64\DEBUG\DSTEQR.OBJ
D:\MYWORK\LEADOR\ABSOLUTE_ORIENTATION2015\ABSOLUTE_ORIENTATION2015.4.3-加入SBA\LIB\CLAPACK\X64\DEBUG\DSTERF.OBJ
D:\MYWORK\LEADOR\ABSOLUTE_ORIENTATION2015\ABSOLUTE_ORIENTATION2015.4.3-加入SBA\LIB\CLAPACK\X64\DEBUG\DSTEV.OBJ
D:\MYWORK\LEADOR\ABSOLUTE_ORIENTATION2015\ABSOLUTE_ORIENTATION2015.4.3-加入SBA\LIB\CLAPACK\X64\DEBUG\DSTEVD.OBJ
D:\MYWORK\LEADOR\ABSOLUTE_ORIENTATION2015\ABSOLUTE_ORIENTATION2015.4.3-加入SBA\LIB\CLAPACK\X64\DEBUG\DSTEVR.OBJ
D:\MYWORK\LEADOR\ABSOLUTE_ORIENTATION2015\ABSOLUTE_ORIENTATION2015.4.3-加入SBA\LIB\CLAPACK\X64\DEBUG\DSTEVX.OBJ
D:\MYWORK\LEADOR\ABSOLUTE_ORIENTATION2015\ABSOLUTE_ORIENTATION2015.4.3-加入SBA\LIB\CLAPACK\X64\DEBUG\DSWAP.OBJ
D:\MYWORK\LEADOR\ABSOLUTE_ORIENTATION2015\ABSOLUTE_ORIENTATION2015.4.3-加入SBA\LIB\CLAPACK\X64\DEBUG\DSYCON.OBJ
D:\MYWORK\LEADOR\ABSOLUTE_ORIENTATION2015\ABSOLUTE_ORIENTATION2015.4.3-加入SBA\LIB\CLAPACK\X64\DEBUG\DSYEV.OBJ
D:\MYWORK\LEADOR\ABSOLUTE_ORIENTATION2015\ABSOLUTE_ORIENTATION2015.4.3-加入SBA\LIB\CLAPACK\X64\DEBUG\DSYEVD.OBJ
D:\MYWORK\LEADOR\ABSOLUTE_ORIENTATION2015\ABSOLUTE_ORIENTATION2015.4.3-加入SBA\LIB\CLAPACK\X64\DEBUG\DSYEVR.OBJ
D:\MYWORK\LEADOR\ABSOLUTE_ORIENTATION2015\ABSOLUTE_ORIENTATION2015.4.3-加入SBA\LIB\CLAPACK\X64\DEBUG\DSYEVX.OBJ
D:\MYWORK\LEADOR\ABSOLUTE_ORIENTATION2015\ABSOLUTE_ORIENTATION2015.4.3-加入SBA\LIB\CLAPACK\X64\DEBUG\DSYGS2.OBJ
D:\MYWORK\LEADOR\ABSOLUTE_ORIENTATION2015\ABSOLUTE_ORIENTATION2015.4.3-加入SBA\LIB\CLAPACK\X64\DEBUG\DSYGST.OBJ
D:\MYWORK\LEADOR\ABSOLUTE_ORIENTATION2015\ABSOLUTE_ORIENTATION2015.4.3-加入SBA\LIB\CLAPACK\X64\DEBUG\DSYGV.OBJ
D:\MYWORK\LEADOR\ABSOLUTE_ORIENTATION2015\ABSOLUTE_ORIENTATION2015.4.3-加入SBA\LIB\CLAPACK\X64\DEBUG\DSYGVD.OBJ
D:\MYWORK\LEADOR\ABSOLUTE_ORIENTATION2015\ABSOLUTE_ORIENTATION2015.4.3-加入SBA\LIB\CLAPACK\X64\DEBUG\DSYGVX.OBJ
D:\MYWORK\LEADOR\ABSOLUTE_ORIENTATION2015\ABSOLUTE_ORIENTATION2015.4.3-加入SBA\LIB\CLAPACK\X64\DEBUG\DSYMM.OBJ
D:\MYWORK\LEADOR\ABSOLUTE_ORIENTATION2015\ABSOLUTE_ORIENTATION2015.4.3-加入SBA\LIB\CLAPACK\X64\DEBUG\DSYMV.OBJ
D:\MYWORK\LEADOR\ABSOLUTE_ORIENTATION2015\ABSOLUTE_ORIENTATION2015.4.3-加入SBA\LIB\CLAPACK\X64\DEBUG\DSYR.OBJ
D:\MYWORK\LEADOR\ABSOLUTE_ORIENTATION2015\ABSOLUTE_ORIENTATION2015.4.3-加入SBA\LIB\CLAPACK\X64\DEBUG\DSYR2.OBJ
D:\MYWORK\LEADOR\ABSOLUTE_ORIENTATION2015\ABSOLUTE_ORIENTATION2015.4.3-加入SBA\LIB\CLAPACK\X64\DEBUG\DSYR2K.OBJ
D:\MYWORK\LEADOR\ABSOLUTE_ORIENTATION2015\ABSOLUTE_ORIENTATION2015.4.3-加入SBA\LIB\CLAPACK\X64\DEBUG\DSYRFS.OBJ
D:\MYWORK\LEADOR\ABSOLUTE_ORIENTATION2015\ABSOLUTE_ORIENTATION2015.4.3-加入SBA\LIB\CLAPACK\X64\DEBUG\DSYRK.OBJ
D:\MYWORK\LEADOR\ABSOLUTE_ORIENTATION2015\ABSOLUTE_ORIENTATION2015.4.3-加入SBA\LIB\CLAPACK\X64\DEBUG\DSYSV.OBJ
D:\MYWORK\LEADOR\ABSOLUTE_ORIENTATION2015\ABSOLUTE_ORIENTATION2015.4.3-加入SBA\LIB\CLAPACK\X64\DEBUG\DSYSVX.OBJ
D:\MYWORK\LEADOR\ABSOLUTE_ORIENTATION2015\ABSOLUTE_ORIENTATION2015.4.3-加入SBA\LIB\CLAPACK\X64\DEBUG\DSYTD2.OBJ
D:\MYWORK\LEADOR\ABSOLUTE_ORIENTATION2015\ABSOLUTE_ORIENTATION2015.4.3-加入SBA\LIB\CLAPACK\X64\DEBUG\DSYTF2.OBJ
D:\MYWORK\LEADOR\ABSOLUTE_ORIENTATION2015\ABSOLUTE_ORIENTATION2015.4.3-加入SBA\LIB\CLAPACK\X64\DEBUG\DSYTRD.OBJ
D:\MYWORK\LEADOR\ABSOLUTE_ORIENTATION2015\ABSOLUTE_ORIENTATION2015.4.3-加入SBA\LIB\CLAPACK\X64\DEBUG\DSYTRF.OBJ
D:\MYWORK\LEADOR\ABSOLUTE_ORIENTATION2015\ABSOLUTE_ORIENTATION2015.4.3-加入SBA\LIB\CLAPACK\X64\DEBUG\DSYTRI.OBJ
D:\MYWORK\LEADOR\ABSOLUTE_ORIENTATION2015\ABSOLUTE_ORIENTATION2015.4.3-加入SBA\LIB\CLAPACK\X64\DEBUG\DSYTRS.OBJ
D:\MYWORK\LEADOR\ABSOLUTE_ORIENTATION2015\ABSOLUTE_ORIENTATION2015.4.3-加入SBA\LIB\CLAPACK\X64\DEBUG\DTBCON.OBJ
D:\MYWORK\LEADOR\ABSOLUTE_ORIENTATION2015\ABSOLUTE_ORIENTATION2015.4.3-加入SBA\LIB\CLAPACK\X64\DEBUG\DTBMV.OBJ
D:\MYWORK\LEADOR\ABSOLUTE_ORIENTATION2015\ABSOLUTE_ORIENTATION2015.4.3-加入SBA\LIB\CLAPACK\X64\DEBUG\DTBRFS.OBJ
D:\MYWORK\LEADOR\ABSOLUTE_ORIENTATION2015\ABSOLUTE_ORIENTATION2015.4.3-加入SBA\LIB\CLAPACK\X64\DEBUG\DTBSV.OBJ
D:\MYWORK\LEADOR\ABSOLUTE_ORIENTATION2015\ABSOLUTE_ORIENTATION2015.4.3-加入SBA\LIB\CLAPACK\X64\DEBUG\DTBTRS.OBJ
D:\MYWORK\LEADOR\ABSOLUTE_ORIENTATION2015\ABSOLUTE_ORIENTATION2015.4.3-加入SBA\LIB\CLAPACK\X64\DEBUG\DTGEVC.OBJ
D:\MYWORK\LEADOR\ABSOLUTE_ORIENTATION2015\ABSOLUTE_ORIENTATION2015.4.3-加入SBA\LIB\CLAPACK\X64\DEBUG\DTGEX2.OBJ
D:\MYWORK\LEADOR\ABSOLUTE_ORIENTATION2015\ABSOLUTE_ORIENTATION2015.4.3-加入SBA\LIB\CLAPACK\X64\DEBUG\DTGEXC.OBJ
D:\MYWORK\LEADOR\ABSOLUTE_ORIENTATION2015\ABSOLUTE_ORIENTATION2015.4.3-加入SBA\LIB\CLAPACK\X64\DEBUG\DTGSEN.OBJ
D:\MYWORK\LEADOR\ABSOLUTE_ORIENTATION2015\ABSOLUTE_ORIENTATION2015.4.3-加入SBA\LIB\CLAPACK\X64\DEBUG\DTGSJA.OBJ
D:\MYWORK\LEADOR\ABSOLUTE_ORIENTATION2015\ABSOLUTE_ORIENTATION2015.4.3-加入SBA\LIB\CLAPACK\X64\DEBUG\DTGSNA.OBJ
D:\MYWORK\LEADOR\ABSOLUTE_ORIENTATION2015\ABSOLUTE_ORIENTATION2015.4.3-加入SBA\LIB\CLAPACK\X64\DEBUG\DTGSY2.OBJ
D:\MYWORK\LEADOR\ABSOLUTE_ORIENTATION2015\ABSOLUTE_ORIENTATION2015.4.3-加入SBA\LIB\CLAPACK\X64\DEBUG\DTGSYL.OBJ
D:\MYWORK\LEADOR\ABSOLUTE_ORIENTATION2015\ABSOLUTE_ORIENTATION2015.4.3-加入SBA\LIB\CLAPACK\X64\DEBUG\DTPCON.OBJ
D:\MYWORK\LEADOR\ABSOLUTE_ORIENTATION2015\ABSOLUTE_ORIENTATION2015.4.3-加入SBA\LIB\CLAPACK\X64\DEBUG\DTPMV.OBJ
D:\MYWORK\LEADOR\ABSOLUTE_ORIENTATION2015\ABSOLUTE_ORIENTATION2015.4.3-加入SBA\LIB\CLAPACK\X64\DEBUG\DTPRFS.OBJ
D:\MYWORK\LEADOR\ABSOLUTE_ORIENTATION2015\ABSOLUTE_ORIENTATION2015.4.3-加入SBA\LIB\CLAPACK\X64\DEBUG\DTPSV.OBJ
D:\MYWORK\LEADOR\ABSOLUTE_ORIENTATION2015\ABSOLUTE_ORIENTATION2015.4.3-加入SBA\LIB\CLAPACK\X64\DEBUG\DTPTRI.OBJ
D:\MYWORK\LEADOR\ABSOLUTE_ORIENTATION2015\ABSOLUTE_ORIENTATION2015.4.3-加入SBA\LIB\CLAPACK\X64\DEBUG\DTPTRS.OBJ
D:\MYWORK\LEADOR\ABSOLUTE_ORIENTATION2015\ABSOLUTE_ORIENTATION2015.4.3-加入SBA\LIB\CLAPACK\X64\DEBUG\DTRCON.OBJ
D:\MYWORK\LEADOR\ABSOLUTE_ORIENTATION2015\ABSOLUTE_ORIENTATION2015.4.3-加入SBA\LIB\CLAPACK\X64\DEBUG\DTREVC.OBJ
D:\MYWORK\LEADOR\ABSOLUTE_ORIENTATION2015\ABSOLUTE_ORIENTATION2015.4.3-加入SBA\LIB\CLAPACK\X64\DEBUG\DTREXC.OBJ
D:\MYWORK\LEADOR\ABSOLUTE_ORIENTATION2015\ABSOLUTE_ORIENTATION2015.4.3-加入SBA\LIB\CLAPACK\X64\DEBUG\DTRMM.OBJ
D:\MYWORK\LEADOR\ABSOLUTE_ORIENTATION2015\ABSOLUTE_ORIENTATION2015.4.3-加入SBA\LIB\CLAPACK\X64\DEBUG\DTRMV.OBJ
D:\MYWORK\LEADOR\ABSOLUTE_ORIENTATION2015\ABSOLUTE_ORIENTATION2015.4.3-加入SBA\LIB\CLAPACK\X64\DEBUG\DTRRFS.OBJ
D:\MYWORK\LEADOR\ABSOLUTE_ORIENTATION2015\ABSOLUTE_ORIENTATION2015.4.3-加入SBA\LIB\CLAPACK\X64\DEBUG\DTRSEN.OBJ
D:\MYWORK\LEADOR\ABSOLUTE_ORIENTATION2015\ABSOLUTE_ORIENTATION2015.4.3-加入SBA\LIB\CLAPACK\X64\DEBUG\DTRSM.OBJ
D:\MYWORK\LEADOR\ABSOLUTE_ORIENTATION2015\ABSOLUTE_ORIENTATION2015.4.3-加入SBA\LIB\CLAPACK\X64\DEBUG\DTRSNA.OBJ
D:\MYWORK\LEADOR\ABSOLUTE_ORIENTATION2015\ABSOLUTE_ORIENTATION2015.4.3-加入SBA\LIB\CLAPACK\X64\DEBUG\DTRSV.OBJ
D:\MYWORK\LEADOR\ABSOLUTE_ORIENTATION2015\ABSOLUTE_ORIENTATION2015.4.3-加入SBA\LIB\CLAPACK\X64\DEBUG\DTRSYL.OBJ
D:\MYWORK\LEADOR\ABSOLUTE_ORIENTATION2015\ABSOLUTE_ORIENTATION2015.4.3-加入SBA\LIB\CLAPACK\X64\DEBUG\DTRTI2.OBJ
D:\MYWORK\LEADOR\ABSOLUTE_ORIENTATION2015\ABSOLUTE_ORIENTATION2015.4.3-加入SBA\LIB\CLAPACK\X64\DEBUG\DTRTRI.OBJ
D:\MYWORK\LEADOR\ABSOLUTE_ORIENTATION2015\ABSOLUTE_ORIENTATION2015.4.3-加入SBA\LIB\CLAPACK\X64\DEBUG\DTRTRS.OBJ
D:\MYWORK\LEADOR\ABSOLUTE_ORIENTATION2015\ABSOLUTE_ORIENTATION2015.4.3-加入SBA\LIB\CLAPACK\X64\DEBUG\DTZRQF.OBJ
D:\MYWORK\LEADOR\ABSOLUTE_ORIENTATION2015\ABSOLUTE_ORIENTATION2015.4.3-加入SBA\LIB\CLAPACK\X64\DEBUG\DTZRZF.OBJ
D:\MYWORK\LEADOR\ABSOLUTE_ORIENTATION2015\ABSOLUTE_ORIENTATION2015.4.3-加入SBA\LIB\CLAPACK\X64\DEBUG\DZASUM.OBJ
D:\MYWORK\LEADOR\ABSOLUTE_ORIENTATION2015\ABSOLUTE_ORIENTATION2015.4.3-加入SBA\LIB\CLAPACK\X64\DEBUG\DZNRM2.OBJ
D:\MYWORK\LEADOR\ABSOLUTE_ORIENTATION2015\ABSOLUTE_ORIENTATION2015.4.3-加入SBA\LIB\CLAPACK\X64\DEBUG\DZSUM1.OBJ
D:\MYWORK\LEADOR\ABSOLUTE_ORIENTATION2015\ABSOLUTE_ORIENTATION2015.4.3-加入SBA\LIB\CLAPACK\X64\DEBUG\ICAMAX.OBJ
D:\MYWORK\LEADOR\ABSOLUTE_ORIENTATION2015\ABSOLUTE_ORIENTATION2015.4.3-加入SBA\LIB\CLAPACK\X64\DEBUG\ICMAX1.OBJ
D:\MYWORK\LEADOR\ABSOLUTE_ORIENTATION2015\ABSOLUTE_ORIENTATION2015.4.3-加入SBA\LIB\CLAPACK\X64\DEBUG\IDAMAX.OBJ
D:\MYWORK\LEADOR\ABSOLUTE_ORIENTATION2015\ABSOLUTE_ORIENTATION2015.4.3-加入SBA\LIB\CLAPACK\X64\DEBUG\IEEECK.OBJ
D:\MYWORK\LEADOR\ABSOLUTE_ORIENTATION2015\ABSOLUTE_ORIENTATION2015.4.3-加入SBA\LIB\CLAPACK\X64\DEBUG\ILAENV.OBJ
D:\MYWORK\LEADOR\ABSOLUTE_ORIENTATION2015\ABSOLUTE_ORIENTATION2015.4.3-加入SBA\LIB\CLAPACK\X64\DEBUG\ILAVER.OBJ
D:\MYWORK\LEADOR\ABSOLUTE_ORIENTATION2015\ABSOLUTE_ORIENTATION2015.4.3-加入SBA\LIB\CLAPACK\X64\DEBUG\ILAVER1.OBJ
D:\MYWORK\LEADOR\ABSOLUTE_ORIENTATION2015\ABSOLUTE_ORIENTATION2015.4.3-加入SBA\LIB\CLAPACK\X64\DEBUG\IPARMQ.OBJ
D:\MYWORK\LEADOR\ABSOLUTE_ORIENTATION2015\ABSOLUTE_ORIENTATION2015.4.3-加入SBA\LIB\CLAPACK\X64\DEBUG\ISAMAX.OBJ
D:\MYWORK\LEADOR\ABSOLUTE_ORIENTATION2015\ABSOLUTE_ORIENTATION2015.4.3-加入SBA\LIB\CLAPACK\X64\DEBUG\IZAMAX.OBJ
D:\MYWORK\LEADOR\ABSOLUTE_ORIENTATION2015\ABSOLUTE_ORIENTATION2015.4.3-加入SBA\LIB\CLAPACK\X64\DEBUG\IZMAX1.OBJ
D:\MYWORK\LEADOR\ABSOLUTE_ORIENTATION2015\ABSOLUTE_ORIENTATION2015.4.3-加入SBA\LIB\CLAPACK\X64\DEBUG\LAPACK_VERSION.OBJ
D:\MyWork\Leador\absolute_orientation2015\absolute_orientation2015.4.3-加入sba\lib\clapack\x64\Debug\lib.command.1.tlog
D:\MyWork\Leador\absolute_orientation2015\absolute_orientation2015.4.3-加入sba\lib\clapack\x64\Debug\Lib-link.read.1.tlog
D:\MyWork\Leador\absolute_orientation2015\absolute_orientation2015.4.3-加入sba\lib\clapack\x64\Debug\Lib-link.write.1.tlog
D:\MYWORK\LEADOR\ABSOLUTE_ORIENTATION2015\ABSOLUTE_ORIENTATION2015.4.3-加入SBA\LIB\CLAPACK\X64\DEBUG\LSAME.OBJ
D:\MYWORK\LEADOR\ABSOLUTE_ORIENTATION2015\ABSOLUTE_ORIENTATION2015.4.3-加入SBA\LIB\CLAPACK\X64\DEBUG\LSAME1.OBJ
D:\MYWORK\LEADOR\ABSOLUTE_ORIENTATION2015\ABSOLUTE_ORIENTATION2015.4.3-加入SBA\LIB\CLAPACK\X64\DEBUG\LSAMEN.OBJ
D:\MYWORK\LEADOR\ABSOLUTE_ORIENTATION2015\ABSOLUTE_ORIENTATION2015.4.3-加入SBA\LIB\CLAPACK\X64\DEBUG\LSAMETST.OBJ
D:\MYWORK\LEADOR\ABSOLUTE_ORIENTATION2015\ABSOLUTE_ORIENTATION2015.4.3-加入SBA\LIB\CLAPACK\X64\DEBUG\TSTIEE.OBJ
D:\MyWork\Leador\absolute_orientation2015\absolute_orientation2015.4.3-加入sba\lib\clapack\x64\Debug\vc100.idb
D:\MYWORK\LEADOR\ABSOLUTE_ORIENTATION2015\ABSOLUTE_ORIENTATION2015.4.3-加入SBA\LIB\CLAPACK\X64\DEBUG\VC100.PDB
D:\MYWORK\LEADOR\ABSOLUTE_ORIENTATION2015\ABSOLUTE_ORIENTATION2015.4.3-加入SBA\LIB\CLAPACK\X64\DEBUG\XERBLA.OBJ
D:\MYWORK\LEADOR\ABSOLUTE_ORIENTATION2015\ABSOLUTE_ORIENTATION2015.4.3-加入SBA\LIB\CLAPACK\X64\DEBUG\XERBLA1.OBJ
D:\MYWORK\LEADOR\ABSOLUTE_ORIENTATION2015\ABSOLUTE_ORIENTATION2015.4.3-加入SBA\X64\DEBUG\CLAPACK.LIB
