D:\MyWork\Leador\absolute_orientation2015\absolute_orientation2015.4.3-加入sba\lib\clapack\x64\Release\cl.command.1.tlog
D:\MyWork\Leador\absolute_orientation2015\absolute_orientation2015.4.3-加入sba\lib\clapack\x64\Release\CL.read.1.tlog
D:\MyWork\Leador\absolute_orientation2015\absolute_orientation2015.4.3-加入sba\lib\clapack\x64\Release\CL.write.1.tlog
D:\MyWork\Leador\absolute_orientation2015\absolute_orientation2015.4.3-加入sba\lib\clapack\x64\Release\clapack.vcxprojResolveAssemblyReference.cache
D:\MyWork\Leador\absolute_orientation2015\absolute_orientation2015.4.3-加入sba\lib\clapack\x64\Release\clapack.write.1.tlog
D:\MYWORK\LEADOR\ABSOLUTE_ORIENTATION2015\ABSOLUTE_ORIENTATION2015.4.3-加入SBA\LIB\CLAPACK\X64\RELEASE\DASUM.OBJ
D:\MYWORK\LEADOR\ABSOLUTE_ORIENTATION2015\ABSOLUTE_ORIENTATION2015.4.3-加入SBA\LIB\CLAPACK\X64\RELEASE\DAXPY.OBJ
D:\MYWORK\LEADOR\ABSOLUTE_ORIENTATION2015\ABSOLUTE_ORIENTATION2015.4.3-加入SBA\LIB\CLAPACK\X64\RELEASE\DBDSDC.OBJ
D:\MYWORK\LEADOR\ABSOLUTE_ORIENTATION2015\ABSOLUTE_ORIENTATION2015.4.3-加入SBA\LIB\CLAPACK\X64\RELEASE\DBDSQR.OBJ
D:\MYWORK\LEADOR\ABSOLUTE_ORIENTATION2015\ABSOLUTE_ORIENTATION2015.4.3-加入SBA\LIB\CLAPACK\X64\RELEASE\DCABS1.OBJ
D:\MYWORK\LEADOR\ABSOLUTE_ORIENTATION2015\ABSOLUTE_ORIENTATION2015.4.3-加入SBA\LIB\CLAPACK\X64\RELEASE\DCOPY.OBJ
D:\MYWORK\LEADOR\ABSOLUTE_ORIENTATION2015\ABSOLUTE_ORIENTATION2015.4.3-加入SBA\LIB\CLAPACK\X64\RELEASE\DDISNA.OBJ
D:\MYWORK\LEADOR\ABSOLUTE_ORIENTATION2015\ABSOLUTE_ORIENTATION2015.4.3-加入SBA\LIB\CLAPACK\X64\RELEASE\DDOT.OBJ
D:\MYWORK\LEADOR\ABSOLUTE_ORIENTATION2015\ABSOLUTE_ORIENTATION2015.4.3-加入SBA\LIB\CLAPACK\X64\RELEASE\DGBBRD.OBJ
D:\MYWORK\LEADOR\ABSOLUTE_ORIENTATION2015\ABSOLUTE_ORIENTATION2015.4.3-加入SBA\LIB\CLAPACK\X64\RELEASE\DGBCON.OBJ
D:\MYWORK\LEADOR\ABSOLUTE_ORIENTATION2015\ABSOLUTE_ORIENTATION2015.4.3-加入SBA\LIB\CLAPACK\X64\RELEASE\DGBEQU.OBJ
D:\MYWORK\LEADOR\ABSOLUTE_ORIENTATION2015\ABSOLUTE_ORIENTATION2015.4.3-加入SBA\LIB\CLAPACK\X64\RELEASE\DGBMV.OBJ
D:\MYWORK\LEADOR\ABSOLUTE_ORIENTATION2015\ABSOLUTE_ORIENTATION2015.4.3-加入SBA\LIB\CLAPACK\X64\RELEASE\DGBRFS.OBJ
D:\MYWORK\LEADOR\ABSOLUTE_ORIENTATION2015\ABSOLUTE_ORIENTATION2015.4.3-加入SBA\LIB\CLAPACK\X64\RELEASE\DGBSV.OBJ
D:\MYWORK\LEADOR\ABSOLUTE_ORIENTATION2015\ABSOLUTE_ORIENTATION2015.4.3-加入SBA\LIB\CLAPACK\X64\RELEASE\DGBSVX.OBJ
D:\MYWORK\LEADOR\ABSOLUTE_ORIENTATION2015\ABSOLUTE_ORIENTATION2015.4.3-加入SBA\LIB\CLAPACK\X64\RELEASE\DGBTF2.OBJ
D:\MYWORK\LEADOR\ABSOLUTE_ORIENTATION2015\ABSOLUTE_ORIENTATION2015.4.3-加入SBA\LIB\CLAPACK\X64\RELEASE\DGBTRF.OBJ
D:\MYWORK\LEADOR\ABSOLUTE_ORIENTATION2015\ABSOLUTE_ORIENTATION2015.4.3-加入SBA\LIB\CLAPACK\X64\RELEASE\DGBTRS.OBJ
D:\MYWORK\LEADOR\ABSOLUTE_ORIENTATION2015\ABSOLUTE_ORIENTATION2015.4.3-加入SBA\LIB\CLAPACK\X64\RELEASE\DGEBAK.OBJ
D:\MYWORK\LEADOR\ABSOLUTE_ORIENTATION2015\ABSOLUTE_ORIENTATION2015.4.3-加入SBA\LIB\CLAPACK\X64\RELEASE\DGEBAL.OBJ
D:\MYWORK\LEADOR\ABSOLUTE_ORIENTATION2015\ABSOLUTE_ORIENTATION2015.4.3-加入SBA\LIB\CLAPACK\X64\RELEASE\DGEBD2.OBJ
D:\MYWORK\LEADOR\ABSOLUTE_ORIENTATION2015\ABSOLUTE_ORIENTATION2015.4.3-加入SBA\LIB\CLAPACK\X64\RELEASE\DGEBRD.OBJ
D:\MYWORK\LEADOR\ABSOLUTE_ORIENTATION2015\ABSOLUTE_ORIENTATION2015.4.3-加入SBA\LIB\CLAPACK\X64\RELEASE\DGECON.OBJ
D:\MYWORK\LEADOR\ABSOLUTE_ORIENTATION2015\ABSOLUTE_ORIENTATION2015.4.3-加入SBA\LIB\CLAPACK\X64\RELEASE\DGEEQU.OBJ
D:\MYWORK\LEADOR\ABSOLUTE_ORIENTATION2015\ABSOLUTE_ORIENTATION2015.4.3-加入SBA\LIB\CLAPACK\X64\RELEASE\DGEES.OBJ
D:\MYWORK\LEADOR\ABSOLUTE_ORIENTATION2015\ABSOLUTE_ORIENTATION2015.4.3-加入SBA\LIB\CLAPACK\X64\RELEASE\DGEESX.OBJ
D:\MYWORK\LEADOR\ABSOLUTE_ORIENTATION2015\ABSOLUTE_ORIENTATION2015.4.3-加入SBA\LIB\CLAPACK\X64\RELEASE\DGEEV.OBJ
D:\MYWORK\LEADOR\ABSOLUTE_ORIENTATION2015\ABSOLUTE_ORIENTATION2015.4.3-加入SBA\LIB\CLAPACK\X64\RELEASE\DGEEVX.OBJ
D:\MYWORK\LEADOR\ABSOLUTE_ORIENTATION2015\ABSOLUTE_ORIENTATION2015.4.3-加入SBA\LIB\CLAPACK\X64\RELEASE\DGEGS.OBJ
D:\MYWORK\LEADOR\ABSOLUTE_ORIENTATION2015\ABSOLUTE_ORIENTATION2015.4.3-加入SBA\LIB\CLAPACK\X64\RELEASE\DGEGV.OBJ
D:\MYWORK\LEADOR\ABSOLUTE_ORIENTATION2015\ABSOLUTE_ORIENTATION2015.4.3-加入SBA\LIB\CLAPACK\X64\RELEASE\DGEHD2.OBJ
D:\MYWORK\LEADOR\ABSOLUTE_ORIENTATION2015\ABSOLUTE_ORIENTATION2015.4.3-加入SBA\LIB\CLAPACK\X64\RELEASE\DGEHRD.OBJ
D:\MYWORK\LEADOR\ABSOLUTE_ORIENTATION2015\ABSOLUTE_ORIENTATION2015.4.3-加入SBA\LIB\CLAPACK\X64\RELEASE\DGELQ2.OBJ
D:\MYWORK\LEADOR\ABSOLUTE_ORIENTATION2015\ABSOLUTE_ORIENTATION2015.4.3-加入SBA\LIB\CLAPACK\X64\RELEASE\DGELQF.OBJ
D:\MYWORK\LEADOR\ABSOLUTE_ORIENTATION2015\ABSOLUTE_ORIENTATION2015.4.3-加入SBA\LIB\CLAPACK\X64\RELEASE\DGELS.OBJ
D:\MYWORK\LEADOR\ABSOLUTE_ORIENTATION2015\ABSOLUTE_ORIENTATION2015.4.3-加入SBA\LIB\CLAPACK\X64\RELEASE\DGELSD.OBJ
D:\MYWORK\LEADOR\ABSOLUTE_ORIENTATION2015\ABSOLUTE_ORIENTATION2015.4.3-加入SBA\LIB\CLAPACK\X64\RELEASE\DGELSS.OBJ
D:\MYWORK\LEADOR\ABSOLUTE_ORIENTATION2015\ABSOLUTE_ORIENTATION2015.4.3-加入SBA\LIB\CLAPACK\X64\RELEASE\DGELSX.OBJ
D:\MYWORK\LEADOR\ABSOLUTE_ORIENTATION2015\ABSOLUTE_ORIENTATION2015.4.3-加入SBA\LIB\CLAPACK\X64\RELEASE\DGELSY.OBJ
D:\MYWORK\LEADOR\ABSOLUTE_ORIENTATION2015\ABSOLUTE_ORIENTATION2015.4.3-加入SBA\LIB\CLAPACK\X64\RELEASE\DGEMM.OBJ
D:\MYWORK\LEADOR\ABSOLUTE_ORIENTATION2015\ABSOLUTE_ORIENTATION2015.4.3-加入SBA\LIB\CLAPACK\X64\RELEASE\DGEMV.OBJ
D:\MYWORK\LEADOR\ABSOLUTE_ORIENTATION2015\ABSOLUTE_ORIENTATION2015.4.3-加入SBA\LIB\CLAPACK\X64\RELEASE\DGEQL2.OBJ
D:\MYWORK\LEADOR\ABSOLUTE_ORIENTATION2015\ABSOLUTE_ORIENTATION2015.4.3-加入SBA\LIB\CLAPACK\X64\RELEASE\DGEQLF.OBJ
D:\MYWORK\LEADOR\ABSOLUTE_ORIENTATION2015\ABSOLUTE_ORIENTATION2015.4.3-加入SBA\LIB\CLAPACK\X64\RELEASE\DGEQP3.OBJ
D:\MYWORK\LEADOR\ABSOLUTE_ORIENTATION2015\ABSOLUTE_ORIENTATION2015.4.3-加入SBA\LIB\CLAPACK\X64\RELEASE\DGEQPF.OBJ
D:\MYWORK\LEADOR\ABSOLUTE_ORIENTATION2015\ABSOLUTE_ORIENTATION2015.4.3-加入SBA\LIB\CLAPACK\X64\RELEASE\DGEQR2.OBJ
D:\MYWORK\LEADOR\ABSOLUTE_ORIENTATION2015\ABSOLUTE_ORIENTATION2015.4.3-加入SBA\LIB\CLAPACK\X64\RELEASE\DGEQRF.OBJ
D:\MYWORK\LEADOR\ABSOLUTE_ORIENTATION2015\ABSOLUTE_ORIENTATION2015.4.3-加入SBA\LIB\CLAPACK\X64\RELEASE\DGER.OBJ
D:\MYWORK\LEADOR\ABSOLUTE_ORIENTATION2015\ABSOLUTE_ORIENTATION2015.4.3-加入SBA\LIB\CLAPACK\X64\RELEASE\DGERFS.OBJ
D:\MYWORK\LEADOR\ABSOLUTE_ORIENTATION2015\ABSOLUTE_ORIENTATION2015.4.3-加入SBA\LIB\CLAPACK\X64\RELEASE\DGERQ2.OBJ
D:\MYWORK\LEADOR\ABSOLUTE_ORIENTATION2015\ABSOLUTE_ORIENTATION2015.4.3-加入SBA\LIB\CLAPACK\X64\RELEASE\DGERQF.OBJ
D:\MYWORK\LEADOR\ABSOLUTE_ORIENTATION2015\ABSOLUTE_ORIENTATION2015.4.3-加入SBA\LIB\CLAPACK\X64\RELEASE\DGESC2.OBJ
D:\MYWORK\LEADOR\ABSOLUTE_ORIENTATION2015\ABSOLUTE_ORIENTATION2015.4.3-加入SBA\LIB\CLAPACK\X64\RELEASE\DGESDD.OBJ
D:\MYWORK\LEADOR\ABSOLUTE_ORIENTATION2015\ABSOLUTE_ORIENTATION2015.4.3-加入SBA\LIB\CLAPACK\X64\RELEASE\DGESV.OBJ
D:\MYWORK\LEADOR\ABSOLUTE_ORIENTATION2015\ABSOLUTE_ORIENTATION2015.4.3-加入SBA\LIB\CLAPACK\X64\RELEASE\DGESVD.OBJ
D:\MYWORK\LEADOR\ABSOLUTE_ORIENTATION2015\ABSOLUTE_ORIENTATION2015.4.3-加入SBA\LIB\CLAPACK\X64\RELEASE\DGESVX.OBJ
D:\MYWORK\LEADOR\ABSOLUTE_ORIENTATION2015\ABSOLUTE_ORIENTATION2015.4.3-加入SBA\LIB\CLAPACK\X64\RELEASE\DGETC2.OBJ
D:\MYWORK\LEADOR\ABSOLUTE_ORIENTATION2015\ABSOLUTE_ORIENTATION2015.4.3-加入SBA\LIB\CLAPACK\X64\RELEASE\DGETF2.OBJ
D:\MYWORK\LEADOR\ABSOLUTE_ORIENTATION2015\ABSOLUTE_ORIENTATION2015.4.3-加入SBA\LIB\CLAPACK\X64\RELEASE\DGETRF.OBJ
D:\MYWORK\LEADOR\ABSOLUTE_ORIENTATION2015\ABSOLUTE_ORIENTATION2015.4.3-加入SBA\LIB\CLAPACK\X64\RELEASE\DGETRI.OBJ
D:\MYWORK\LEADOR\ABSOLUTE_ORIENTATION2015\ABSOLUTE_ORIENTATION2015.4.3-加入SBA\LIB\CLAPACK\X64\RELEASE\DGETRS.OBJ
D:\MYWORK\LEADOR\ABSOLUTE_ORIENTATION2015\ABSOLUTE_ORIENTATION2015.4.3-加入SBA\LIB\CLAPACK\X64\RELEASE\DGGBAK.OBJ
D:\MYWORK\LEADOR\ABSOLUTE_ORIENTATION2015\ABSOLUTE_ORIENTATION2015.4.3-加入SBA\LIB\CLAPACK\X64\RELEASE\DGGBAL.OBJ
D:\MYWORK\LEADOR\ABSOLUTE_ORIENTATION2015\ABSOLUTE_ORIENTATION2015.4.3-加入SBA\LIB\CLAPACK\X64\RELEASE\DGGES.OBJ
D:\MYWORK\LEADOR\ABSOLUTE_ORIENTATION2015\ABSOLUTE_ORIENTATION2015.4.3-加入SBA\LIB\CLAPACK\X64\RELEASE\DGGESX.OBJ
D:\MYWORK\LEADOR\ABSOLUTE_ORIENTATION2015\ABSOLUTE_ORIENTATION2015.4.3-加入SBA\LIB\CLAPACK\X64\RELEASE\DGGEV.OBJ
D:\MYWORK\LEADOR\ABSOLUTE_ORIENTATION2015\ABSOLUTE_ORIENTATION2015.4.3-加入SBA\LIB\CLAPACK\X64\RELEASE\DGGEVX.OBJ
D:\MYWORK\LEADOR\ABSOLUTE_ORIENTATION2015\ABSOLUTE_ORIENTATION2015.4.3-加入SBA\LIB\CLAPACK\X64\RELEASE\DGGGLM.OBJ
D:\MYWORK\LEADOR\ABSOLUTE_ORIENTATION2015\ABSOLUTE_ORIENTATION2015.4.3-加入SBA\LIB\CLAPACK\X64\RELEASE\DGGHRD.OBJ
D:\MYWORK\LEADOR\ABSOLUTE_ORIENTATION2015\ABSOLUTE_ORIENTATION2015.4.3-加入SBA\LIB\CLAPACK\X64\RELEASE\DGGLSE.OBJ
D:\MYWORK\LEADOR\ABSOLUTE_ORIENTATION2015\ABSOLUTE_ORIENTATION2015.4.3-加入SBA\LIB\CLAPACK\X64\RELEASE\DGGQRF.OBJ
D:\MYWORK\LEADOR\ABSOLUTE_ORIENTATION2015\ABSOLUTE_ORIENTATION2015.4.3-加入SBA\LIB\CLAPACK\X64\RELEASE\DGGRQF.OBJ
D:\MYWORK\LEADOR\ABSOLUTE_ORIENTATION2015\ABSOLUTE_ORIENTATION2015.4.3-加入SBA\LIB\CLAPACK\X64\RELEASE\DGGSVD.OBJ
D:\MYWORK\LEADOR\ABSOLUTE_ORIENTATION2015\ABSOLUTE_ORIENTATION2015.4.3-加入SBA\LIB\CLAPACK\X64\RELEASE\DGGSVP.OBJ
D:\MYWORK\LEADOR\ABSOLUTE_ORIENTATION2015\ABSOLUTE_ORIENTATION2015.4.3-加入SBA\LIB\CLAPACK\X64\RELEASE\DGTCON.OBJ
D:\MYWORK\LEADOR\ABSOLUTE_ORIENTATION2015\ABSOLUTE_ORIENTATION2015.4.3-加入SBA\LIB\CLAPACK\X64\RELEASE\DGTRFS.OBJ
D:\MYWORK\LEADOR\ABSOLUTE_ORIENTATION2015\ABSOLUTE_ORIENTATION2015.4.3-加入SBA\LIB\CLAPACK\X64\RELEASE\DGTSV.OBJ
D:\MYWORK\LEADOR\ABSOLUTE_ORIENTATION2015\ABSOLUTE_ORIENTATION2015.4.3-加入SBA\LIB\CLAPACK\X64\RELEASE\DGTSVX.OBJ
D:\MYWORK\LEADOR\ABSOLUTE_ORIENTATION2015\ABSOLUTE_ORIENTATION2015.4.3-加入SBA\LIB\CLAPACK\X64\RELEASE\DGTTRF.OBJ
D:\MYWORK\LEADOR\ABSOLUTE_ORIENTATION2015\ABSOLUTE_ORIENTATION2015.4.3-加入SBA\LIB\CLAPACK\X64\RELEASE\DGTTRS.OBJ
D:\MYWORK\LEADOR\ABSOLUTE_ORIENTATION2015\ABSOLUTE_ORIENTATION2015.4.3-加入SBA\LIB\CLAPACK\X64\RELEASE\DGTTS2.OBJ
D:\MYWORK\LEADOR\ABSOLUTE_ORIENTATION2015\ABSOLUTE_ORIENTATION2015.4.3-加入SBA\LIB\CLAPACK\X64\RELEASE\DHGEQZ.OBJ
D:\MYWORK\LEADOR\ABSOLUTE_ORIENTATION2015\ABSOLUTE_ORIENTATION2015.4.3-加入SBA\LIB\CLAPACK\X64\RELEASE\DHSEIN.OBJ
D:\MYWORK\LEADOR\ABSOLUTE_ORIENTATION2015\ABSOLUTE_ORIENTATION2015.4.3-加入SBA\LIB\CLAPACK\X64\RELEASE\DHSEQR.OBJ
D:\MYWORK\LEADOR\ABSOLUTE_ORIENTATION2015\ABSOLUTE_ORIENTATION2015.4.3-加入SBA\LIB\CLAPACK\X64\RELEASE\DISNAN.OBJ
D:\MYWORK\LEADOR\ABSOLUTE_ORIENTATION2015\ABSOLUTE_ORIENTATION2015.4.3-加入SBA\LIB\CLAPACK\X64\RELEASE\DLABAD.OBJ
D:\MYWORK\LEADOR\ABSOLUTE_ORIENTATION2015\ABSOLUTE_ORIENTATION2015.4.3-加入SBA\LIB\CLAPACK\X64\RELEASE\DLABRD.OBJ
D:\MYWORK\LEADOR\ABSOLUTE_ORIENTATION2015\ABSOLUTE_ORIENTATION2015.4.3-加入SBA\LIB\CLAPACK\X64\RELEASE\DLACN2.OBJ
D:\MYWORK\LEADOR\ABSOLUTE_ORIENTATION2015\ABSOLUTE_ORIENTATION2015.4.3-加入SBA\LIB\CLAPACK\X64\RELEASE\DLACON.OBJ
D:\MYWORK\LEADOR\ABSOLUTE_ORIENTATION2015\ABSOLUTE_ORIENTATION2015.4.3-加入SBA\LIB\CLAPACK\X64\RELEASE\DLACPY.OBJ
D:\MYWORK\LEADOR\ABSOLUTE_ORIENTATION2015\ABSOLUTE_ORIENTATION2015.4.3-加入SBA\LIB\CLAPACK\X64\RELEASE\DLADIV.OBJ
D:\MYWORK\LEADOR\ABSOLUTE_ORIENTATION2015\ABSOLUTE_ORIENTATION2015.4.3-加入SBA\LIB\CLAPACK\X64\RELEASE\DLAE2.OBJ
D:\MYWORK\LEADOR\ABSOLUTE_ORIENTATION2015\ABSOLUTE_ORIENTATION2015.4.3-加入SBA\LIB\CLAPACK\X64\RELEASE\DLAEBZ.OBJ
D:\MYWORK\LEADOR\ABSOLUTE_ORIENTATION2015\ABSOLUTE_ORIENTATION2015.4.3-加入SBA\LIB\CLAPACK\X64\RELEASE\DLAED0.OBJ
D:\MYWORK\LEADOR\ABSOLUTE_ORIENTATION2015\ABSOLUTE_ORIENTATION2015.4.3-加入SBA\LIB\CLAPACK\X64\RELEASE\DLAED1.OBJ
D:\MYWORK\LEADOR\ABSOLUTE_ORIENTATION2015\ABSOLUTE_ORIENTATION2015.4.3-加入SBA\LIB\CLAPACK\X64\RELEASE\DLAED2.OBJ
D:\MYWORK\LEADOR\ABSOLUTE_ORIENTATION2015\ABSOLUTE_ORIENTATION2015.4.3-加入SBA\LIB\CLAPACK\X64\RELEASE\DLAED3.OBJ
D:\MYWORK\LEADOR\ABSOLUTE_ORIENTATION2015\ABSOLUTE_ORIENTATION2015.4.3-加入SBA\LIB\CLAPACK\X64\RELEASE\DLAED4.OBJ
D:\MYWORK\LEADOR\ABSOLUTE_ORIENTATION2015\ABSOLUTE_ORIENTATION2015.4.3-加入SBA\LIB\CLAPACK\X64\RELEASE\DLAED5.OBJ
D:\MYWORK\LEADOR\ABSOLUTE_ORIENTATION2015\ABSOLUTE_ORIENTATION2015.4.3-加入SBA\LIB\CLAPACK\X64\RELEASE\DLAED6.OBJ
D:\MYWORK\LEADOR\ABSOLUTE_ORIENTATION2015\ABSOLUTE_ORIENTATION2015.4.3-加入SBA\LIB\CLAPACK\X64\RELEASE\DLAED7.OBJ
D:\MYWORK\LEADOR\ABSOLUTE_ORIENTATION2015\ABSOLUTE_ORIENTATION2015.4.3-加入SBA\LIB\CLAPACK\X64\RELEASE\DLAED8.OBJ
D:\MYWORK\LEADOR\ABSOLUTE_ORIENTATION2015\ABSOLUTE_ORIENTATION2015.4.3-加入SBA\LIB\CLAPACK\X64\RELEASE\DLAED9.OBJ
D:\MYWORK\LEADOR\ABSOLUTE_ORIENTATION2015\ABSOLUTE_ORIENTATION2015.4.3-加入SBA\LIB\CLAPACK\X64\RELEASE\DLAEDA.OBJ
D:\MYWORK\LEADOR\ABSOLUTE_ORIENTATION2015\ABSOLUTE_ORIENTATION2015.4.3-加入SBA\LIB\CLAPACK\X64\RELEASE\DLAEIN.OBJ
D:\MYWORK\LEADOR\ABSOLUTE_ORIENTATION2015\ABSOLUTE_ORIENTATION2015.4.3-加入SBA\LIB\CLAPACK\X64\RELEASE\DLAEV2.OBJ
D:\MYWORK\LEADOR\ABSOLUTE_ORIENTATION2015\ABSOLUTE_ORIENTATION2015.4.3-加入SBA\LIB\CLAPACK\X64\RELEASE\DLAEXC.OBJ
D:\MYWORK\LEADOR\ABSOLUTE_ORIENTATION2015\ABSOLUTE_ORIENTATION2015.4.3-加入SBA\LIB\CLAPACK\X64\RELEASE\DLAG2.OBJ
D:\MYWORK\LEADOR\ABSOLUTE_ORIENTATION2015\ABSOLUTE_ORIENTATION2015.4.3-加入SBA\LIB\CLAPACK\X64\RELEASE\DLAG2S.OBJ
D:\MYWORK\LEADOR\ABSOLUTE_ORIENTATION2015\ABSOLUTE_ORIENTATION2015.4.3-加入SBA\LIB\CLAPACK\X64\RELEASE\DLAGS2.OBJ
D:\MYWORK\LEADOR\ABSOLUTE_ORIENTATION2015\ABSOLUTE_ORIENTATION2015.4.3-加入SBA\LIB\CLAPACK\X64\RELEASE\DLAGTF.OBJ
D:\MYWORK\LEADOR\ABSOLUTE_ORIENTATION2015\ABSOLUTE_ORIENTATION2015.4.3-加入SBA\LIB\CLAPACK\X64\RELEASE\DLAGTM.OBJ
D:\MYWORK\LEADOR\ABSOLUTE_ORIENTATION2015\ABSOLUTE_ORIENTATION2015.4.3-加入SBA\LIB\CLAPACK\X64\RELEASE\DLAGTS.OBJ
D:\MYWORK\LEADOR\ABSOLUTE_ORIENTATION2015\ABSOLUTE_ORIENTATION2015.4.3-加入SBA\LIB\CLAPACK\X64\RELEASE\DLAGV2.OBJ
D:\MYWORK\LEADOR\ABSOLUTE_ORIENTATION2015\ABSOLUTE_ORIENTATION2015.4.3-加入SBA\LIB\CLAPACK\X64\RELEASE\DLAHQR.OBJ
D:\MYWORK\LEADOR\ABSOLUTE_ORIENTATION2015\ABSOLUTE_ORIENTATION2015.4.3-加入SBA\LIB\CLAPACK\X64\RELEASE\DLAHR2.OBJ
D:\MYWORK\LEADOR\ABSOLUTE_ORIENTATION2015\ABSOLUTE_ORIENTATION2015.4.3-加入SBA\LIB\CLAPACK\X64\RELEASE\DLAHRD.OBJ
D:\MYWORK\LEADOR\ABSOLUTE_ORIENTATION2015\ABSOLUTE_ORIENTATION2015.4.3-加入SBA\LIB\CLAPACK\X64\RELEASE\DLAIC1.OBJ
D:\MYWORK\LEADOR\ABSOLUTE_ORIENTATION2015\ABSOLUTE_ORIENTATION2015.4.3-加入SBA\LIB\CLAPACK\X64\RELEASE\DLAISNAN.OBJ
D:\MYWORK\LEADOR\ABSOLUTE_ORIENTATION2015\ABSOLUTE_ORIENTATION2015.4.3-加入SBA\LIB\CLAPACK\X64\RELEASE\DLALN2.OBJ
D:\MYWORK\LEADOR\ABSOLUTE_ORIENTATION2015\ABSOLUTE_ORIENTATION2015.4.3-加入SBA\LIB\CLAPACK\X64\RELEASE\DLALS0.OBJ
D:\MYWORK\LEADOR\ABSOLUTE_ORIENTATION2015\ABSOLUTE_ORIENTATION2015.4.3-加入SBA\LIB\CLAPACK\X64\RELEASE\DLALSA.OBJ
D:\MYWORK\LEADOR\ABSOLUTE_ORIENTATION2015\ABSOLUTE_ORIENTATION2015.4.3-加入SBA\LIB\CLAPACK\X64\RELEASE\DLALSD.OBJ
D:\MYWORK\LEADOR\ABSOLUTE_ORIENTATION2015\ABSOLUTE_ORIENTATION2015.4.3-加入SBA\LIB\CLAPACK\X64\RELEASE\DLAMCH.OBJ
D:\MYWORK\LEADOR\ABSOLUTE_ORIENTATION2015\ABSOLUTE_ORIENTATION2015.4.3-加入SBA\LIB\CLAPACK\X64\RELEASE\DLAMCHTST.OBJ
D:\MYWORK\LEADOR\ABSOLUTE_ORIENTATION2015\ABSOLUTE_ORIENTATION2015.4.3-加入SBA\LIB\CLAPACK\X64\RELEASE\DLAMRG.OBJ
D:\MYWORK\LEADOR\ABSOLUTE_ORIENTATION2015\ABSOLUTE_ORIENTATION2015.4.3-加入SBA\LIB\CLAPACK\X64\RELEASE\DLANEG.OBJ
D:\MYWORK\LEADOR\ABSOLUTE_ORIENTATION2015\ABSOLUTE_ORIENTATION2015.4.3-加入SBA\LIB\CLAPACK\X64\RELEASE\DLANGB.OBJ
D:\MYWORK\LEADOR\ABSOLUTE_ORIENTATION2015\ABSOLUTE_ORIENTATION2015.4.3-加入SBA\LIB\CLAPACK\X64\RELEASE\DLANGE.OBJ
D:\MYWORK\LEADOR\ABSOLUTE_ORIENTATION2015\ABSOLUTE_ORIENTATION2015.4.3-加入SBA\LIB\CLAPACK\X64\RELEASE\DLANGT.OBJ
D:\MYWORK\LEADOR\ABSOLUTE_ORIENTATION2015\ABSOLUTE_ORIENTATION2015.4.3-加入SBA\LIB\CLAPACK\X64\RELEASE\DLANHS.OBJ
D:\MYWORK\LEADOR\ABSOLUTE_ORIENTATION2015\ABSOLUTE_ORIENTATION2015.4.3-加入SBA\LIB\CLAPACK\X64\RELEASE\DLANSB.OBJ
D:\MYWORK\LEADOR\ABSOLUTE_ORIENTATION2015\ABSOLUTE_ORIENTATION2015.4.3-加入SBA\LIB\CLAPACK\X64\RELEASE\DLANSP.OBJ
D:\MYWORK\LEADOR\ABSOLUTE_ORIENTATION2015\ABSOLUTE_ORIENTATION2015.4.3-加入SBA\LIB\CLAPACK\X64\RELEASE\DLANST.OBJ
D:\MYWORK\LEADOR\ABSOLUTE_ORIENTATION2015\ABSOLUTE_ORIENTATION2015.4.3-加入SBA\LIB\CLAPACK\X64\RELEASE\DLANSY.OBJ
D:\MYWORK\LEADOR\ABSOLUTE_ORIENTATION2015\ABSOLUTE_ORIENTATION2015.4.3-加入SBA\LIB\CLAPACK\X64\RELEASE\DLANTB.OBJ
D:\MYWORK\LEADOR\ABSOLUTE_ORIENTATION2015\ABSOLUTE_ORIENTATION2015.4.3-加入SBA\LIB\CLAPACK\X64\RELEASE\DLANTP.OBJ
D:\MYWORK\LEADOR\ABSOLUTE_ORIENTATION2015\ABSOLUTE_ORIENTATION2015.4.3-加入SBA\LIB\CLAPACK\X64\RELEASE\DLANTR.OBJ
D:\MYWORK\LEADOR\ABSOLUTE_ORIENTATION2015\ABSOLUTE_ORIENTATION2015.4.3-加入SBA\LIB\CLAPACK\X64\RELEASE\DLANV2.OBJ
D:\MYWORK\LEADOR\ABSOLUTE_ORIENTATION2015\ABSOLUTE_ORIENTATION2015.4.3-加入SBA\LIB\CLAPACK\X64\RELEASE\DLAPLL.OBJ
D:\MYWORK\LEADOR\ABSOLUTE_ORIENTATION2015\ABSOLUTE_ORIENTATION2015.4.3-加入SBA\LIB\CLAPACK\X64\RELEASE\DLAPMT.OBJ
D:\MYWORK\LEADOR\ABSOLUTE_ORIENTATION2015\ABSOLUTE_ORIENTATION2015.4.3-加入SBA\LIB\CLAPACK\X64\RELEASE\DLAPY2.OBJ
D:\MYWORK\LEADOR\ABSOLUTE_ORIENTATION2015\ABSOLUTE_ORIENTATION2015.4.3-加入SBA\LIB\CLAPACK\X64\RELEASE\DLAPY3.OBJ
D:\MYWORK\LEADOR\ABSOLUTE_ORIENTATION2015\ABSOLUTE_ORIENTATION2015.4.3-加入SBA\LIB\CLAPACK\X64\RELEASE\DLAQGB.OBJ
D:\MYWORK\LEADOR\ABSOLUTE_ORIENTATION2015\ABSOLUTE_ORIENTATION2015.4.3-加入SBA\LIB\CLAPACK\X64\RELEASE\DLAQGE.OBJ
D:\MYWORK\LEADOR\ABSOLUTE_ORIENTATION2015\ABSOLUTE_ORIENTATION2015.4.3-加入SBA\LIB\CLAPACK\X64\RELEASE\DLAQP2.OBJ
D:\MYWORK\LEADOR\ABSOLUTE_ORIENTATION2015\ABSOLUTE_ORIENTATION2015.4.3-加入SBA\LIB\CLAPACK\X64\RELEASE\DLAQPS.OBJ
D:\MYWORK\LEADOR\ABSOLUTE_ORIENTATION2015\ABSOLUTE_ORIENTATION2015.4.3-加入SBA\LIB\CLAPACK\X64\RELEASE\DLAQR0.OBJ
D:\MYWORK\LEADOR\ABSOLUTE_ORIENTATION2015\ABSOLUTE_ORIENTATION2015.4.3-加入SBA\LIB\CLAPACK\X64\RELEASE\DLAQR1.OBJ
D:\MYWORK\LEADOR\ABSOLUTE_ORIENTATION2015\ABSOLUTE_ORIENTATION2015.4.3-加入SBA\LIB\CLAPACK\X64\RELEASE\DLAQR2.OBJ
D:\MYWORK\LEADOR\ABSOLUTE_ORIENTATION2015\ABSOLUTE_ORIENTATION2015.4.3-加入SBA\LIB\CLAPACK\X64\RELEASE\DLAQR3.OBJ
D:\MYWORK\LEADOR\ABSOLUTE_ORIENTATION2015\ABSOLUTE_ORIENTATION2015.4.3-加入SBA\LIB\CLAPACK\X64\RELEASE\DLAQR4.OBJ
D:\MYWORK\LEADOR\ABSOLUTE_ORIENTATION2015\ABSOLUTE_ORIENTATION2015.4.3-加入SBA\LIB\CLAPACK\X64\RELEASE\DLAQR5.OBJ
D:\MYWORK\LEADOR\ABSOLUTE_ORIENTATION2015\ABSOLUTE_ORIENTATION2015.4.3-加入SBA\LIB\CLAPACK\X64\RELEASE\DLAQSB.OBJ
D:\MYWORK\LEADOR\ABSOLUTE_ORIENTATION2015\ABSOLUTE_ORIENTATION2015.4.3-加入SBA\LIB\CLAPACK\X64\RELEASE\DLAQSP.OBJ
D:\MYWORK\LEADOR\ABSOLUTE_ORIENTATION2015\ABSOLUTE_ORIENTATION2015.4.3-加入SBA\LIB\CLAPACK\X64\RELEASE\DLAQSY.OBJ
D:\MYWORK\LEADOR\ABSOLUTE_ORIENTATION2015\ABSOLUTE_ORIENTATION2015.4.3-加入SBA\LIB\CLAPACK\X64\RELEASE\DLAQTR.OBJ
D:\MYWORK\LEADOR\ABSOLUTE_ORIENTATION2015\ABSOLUTE_ORIENTATION2015.4.3-加入SBA\LIB\CLAPACK\X64\RELEASE\DLAR1V.OBJ
D:\MYWORK\LEADOR\ABSOLUTE_ORIENTATION2015\ABSOLUTE_ORIENTATION2015.4.3-加入SBA\LIB\CLAPACK\X64\RELEASE\DLAR2V.OBJ
D:\MYWORK\LEADOR\ABSOLUTE_ORIENTATION2015\ABSOLUTE_ORIENTATION2015.4.3-加入SBA\LIB\CLAPACK\X64\RELEASE\DLARF.OBJ
D:\MYWORK\LEADOR\ABSOLUTE_ORIENTATION2015\ABSOLUTE_ORIENTATION2015.4.3-加入SBA\LIB\CLAPACK\X64\RELEASE\DLARFB.OBJ
D:\MYWORK\LEADOR\ABSOLUTE_ORIENTATION2015\ABSOLUTE_ORIENTATION2015.4.3-加入SBA\LIB\CLAPACK\X64\RELEASE\DLARFG.OBJ
D:\MYWORK\LEADOR\ABSOLUTE_ORIENTATION2015\ABSOLUTE_ORIENTATION2015.4.3-加入SBA\LIB\CLAPACK\X64\RELEASE\DLARFT.OBJ
D:\MYWORK\LEADOR\ABSOLUTE_ORIENTATION2015\ABSOLUTE_ORIENTATION2015.4.3-加入SBA\LIB\CLAPACK\X64\RELEASE\DLARFX.OBJ
D:\MYWORK\LEADOR\ABSOLUTE_ORIENTATION2015\ABSOLUTE_ORIENTATION2015.4.3-加入SBA\LIB\CLAPACK\X64\RELEASE\DLARGV.OBJ
D:\MYWORK\LEADOR\ABSOLUTE_ORIENTATION2015\ABSOLUTE_ORIENTATION2015.4.3-加入SBA\LIB\CLAPACK\X64\RELEASE\DLARNV.OBJ
D:\MYWORK\LEADOR\ABSOLUTE_ORIENTATION2015\ABSOLUTE_ORIENTATION2015.4.3-加入SBA\LIB\CLAPACK\X64\RELEASE\DLARRA.OBJ
D:\MYWORK\LEADOR\ABSOLUTE_ORIENTATION2015\ABSOLUTE_ORIENTATION2015.4.3-加入SBA\LIB\CLAPACK\X64\RELEASE\DLARRB.OBJ
D:\MYWORK\LEADOR\ABSOLUTE_ORIENTATION2015\ABSOLUTE_ORIENTATION2015.4.3-加入SBA\LIB\CLAPACK\X64\RELEASE\DLARRC.OBJ
D:\MYWORK\LEADOR\ABSOLUTE_ORIENTATION2015\ABSOLUTE_ORIENTATION2015.4.3-加入SBA\LIB\CLAPACK\X64\RELEASE\DLARRD.OBJ
D:\MYWORK\LEADOR\ABSOLUTE_ORIENTATION2015\ABSOLUTE_ORIENTATION2015.4.3-加入SBA\LIB\CLAPACK\X64\RELEASE\DLARRE.OBJ
D:\MYWORK\LEADOR\ABSOLUTE_ORIENTATION2015\ABSOLUTE_ORIENTATION2015.4.3-加入SBA\LIB\CLAPACK\X64\RELEASE\DLARRF.OBJ
D:\MYWORK\LEADOR\ABSOLUTE_ORIENTATION2015\ABSOLUTE_ORIENTATION2015.4.3-加入SBA\LIB\CLAPACK\X64\RELEASE\DLARRJ.OBJ
D:\MYWORK\LEADOR\ABSOLUTE_ORIENTATION2015\ABSOLUTE_ORIENTATION2015.4.3-加入SBA\LIB\CLAPACK\X64\RELEASE\DLARRK.OBJ
D:\MYWORK\LEADOR\ABSOLUTE_ORIENTATION2015\ABSOLUTE_ORIENTATION2015.4.3-加入SBA\LIB\CLAPACK\X64\RELEASE\DLARRR.OBJ
D:\MYWORK\LEADOR\ABSOLUTE_ORIENTATION2015\ABSOLUTE_ORIENTATION2015.4.3-加入SBA\LIB\CLAPACK\X64\RELEASE\DLARRV.OBJ
D:\MYWORK\LEADOR\ABSOLUTE_ORIENTATION2015\ABSOLUTE_ORIENTATION2015.4.3-加入SBA\LIB\CLAPACK\X64\RELEASE\DLARTG.OBJ
D:\MYWORK\LEADOR\ABSOLUTE_ORIENTATION2015\ABSOLUTE_ORIENTATION2015.4.3-加入SBA\LIB\CLAPACK\X64\RELEASE\DLARTV.OBJ
D:\MYWORK\LEADOR\ABSOLUTE_ORIENTATION2015\ABSOLUTE_ORIENTATION2015.4.3-加入SBA\LIB\CLAPACK\X64\RELEASE\DLARUV.OBJ
D:\MYWORK\LEADOR\ABSOLUTE_ORIENTATION2015\ABSOLUTE_ORIENTATION2015.4.3-加入SBA\LIB\CLAPACK\X64\RELEASE\DLARZ.OBJ
D:\MYWORK\LEADOR\ABSOLUTE_ORIENTATION2015\ABSOLUTE_ORIENTATION2015.4.3-加入SBA\LIB\CLAPACK\X64\RELEASE\DLARZB.OBJ
D:\MYWORK\LEADOR\ABSOLUTE_ORIENTATION2015\ABSOLUTE_ORIENTATION2015.4.3-加入SBA\LIB\CLAPACK\X64\RELEASE\DLARZT.OBJ
D:\MYWORK\LEADOR\ABSOLUTE_ORIENTATION2015\ABSOLUTE_ORIENTATION2015.4.3-加入SBA\LIB\CLAPACK\X64\RELEASE\DLAS2.OBJ
D:\MYWORK\LEADOR\ABSOLUTE_ORIENTATION2015\ABSOLUTE_ORIENTATION2015.4.3-加入SBA\LIB\CLAPACK\X64\RELEASE\DLASCL.OBJ
D:\MYWORK\LEADOR\ABSOLUTE_ORIENTATION2015\ABSOLUTE_ORIENTATION2015.4.3-加入SBA\LIB\CLAPACK\X64\RELEASE\DLASD0.OBJ
D:\MYWORK\LEADOR\ABSOLUTE_ORIENTATION2015\ABSOLUTE_ORIENTATION2015.4.3-加入SBA\LIB\CLAPACK\X64\RELEASE\DLASD1.OBJ
D:\MYWORK\LEADOR\ABSOLUTE_ORIENTATION2015\ABSOLUTE_ORIENTATION2015.4.3-加入SBA\LIB\CLAPACK\X64\RELEASE\DLASD2.OBJ
D:\MYWORK\LEADOR\ABSOLUTE_ORIENTATION2015\ABSOLUTE_ORIENTATION2015.4.3-加入SBA\LIB\CLAPACK\X64\RELEASE\DLASD3.OBJ
D:\MYWORK\LEADOR\ABSOLUTE_ORIENTATION2015\ABSOLUTE_ORIENTATION2015.4.3-加入SBA\LIB\CLAPACK\X64\RELEASE\DLASD4.OBJ
D:\MYWORK\LEADOR\ABSOLUTE_ORIENTATION2015\ABSOLUTE_ORIENTATION2015.4.3-加入SBA\LIB\CLAPACK\X64\RELEASE\DLASD5.OBJ
D:\MYWORK\LEADOR\ABSOLUTE_ORIENTATION2015\ABSOLUTE_ORIENTATION2015.4.3-加入SBA\LIB\CLAPACK\X64\RELEASE\DLASD6.OBJ
D:\MYWORK\LEADOR\ABSOLUTE_ORIENTATION2015\ABSOLUTE_ORIENTATION2015.4.3-加入SBA\LIB\CLAPACK\X64\RELEASE\DLASD7.OBJ
D:\MYWORK\LEADOR\ABSOLUTE_ORIENTATION2015\ABSOLUTE_ORIENTATION2015.4.3-加入SBA\LIB\CLAPACK\X64\RELEASE\DLASD8.OBJ
D:\MYWORK\LEADOR\ABSOLUTE_ORIENTATION2015\ABSOLUTE_ORIENTATION2015.4.3-加入SBA\LIB\CLAPACK\X64\RELEASE\DLASDA.OBJ
D:\MYWORK\LEADOR\ABSOLUTE_ORIENTATION2015\ABSOLUTE_ORIENTATION2015.4.3-加入SBA\LIB\CLAPACK\X64\RELEASE\DLASDQ.OBJ
D:\MYWORK\LEADOR\ABSOLUTE_ORIENTATION2015\ABSOLUTE_ORIENTATION2015.4.3-加入SBA\LIB\CLAPACK\X64\RELEASE\DLASDT.OBJ
D:\MYWORK\LEADOR\ABSOLUTE_ORIENTATION2015\ABSOLUTE_ORIENTATION2015.4.3-加入SBA\LIB\CLAPACK\X64\RELEASE\DLASET.OBJ
D:\MYWORK\LEADOR\ABSOLUTE_ORIENTATION2015\ABSOLUTE_ORIENTATION2015.4.3-加入SBA\LIB\CLAPACK\X64\RELEASE\DLASQ1.OBJ
D:\MYWORK\LEADOR\ABSOLUTE_ORIENTATION2015\ABSOLUTE_ORIENTATION2015.4.3-加入SBA\LIB\CLAPACK\X64\RELEASE\DLASQ2.OBJ
D:\MYWORK\LEADOR\ABSOLUTE_ORIENTATION2015\ABSOLUTE_ORIENTATION2015.4.3-加入SBA\LIB\CLAPACK\X64\RELEASE\DLASQ3.OBJ
D:\MYWORK\LEADOR\ABSOLUTE_ORIENTATION2015\ABSOLUTE_ORIENTATION2015.4.3-加入SBA\LIB\CLAPACK\X64\RELEASE\DLASQ4.OBJ
D:\MYWORK\LEADOR\ABSOLUTE_ORIENTATION2015\ABSOLUTE_ORIENTATION2015.4.3-加入SBA\LIB\CLAPACK\X64\RELEASE\DLASQ5.OBJ
D:\MYWORK\LEADOR\ABSOLUTE_ORIENTATION2015\ABSOLUTE_ORIENTATION2015.4.3-加入SBA\LIB\CLAPACK\X64\RELEASE\DLASQ6.OBJ
D:\MYWORK\LEADOR\ABSOLUTE_ORIENTATION2015\ABSOLUTE_ORIENTATION2015.4.3-加入SBA\LIB\CLAPACK\X64\RELEASE\DLASR.OBJ
D:\MYWORK\LEADOR\ABSOLUTE_ORIENTATION2015\ABSOLUTE_ORIENTATION2015.4.3-加入SBA\LIB\CLAPACK\X64\RELEASE\DLASRT.OBJ
D:\MYWORK\LEADOR\ABSOLUTE_ORIENTATION2015\ABSOLUTE_ORIENTATION2015.4.3-加入SBA\LIB\CLAPACK\X64\RELEASE\DLASSQ.OBJ
D:\MYWORK\LEADOR\ABSOLUTE_ORIENTATION2015\ABSOLUTE_ORIENTATION2015.4.3-加入SBA\LIB\CLAPACK\X64\RELEASE\DLASV2.OBJ
D:\MYWORK\LEADOR\ABSOLUTE_ORIENTATION2015\ABSOLUTE_ORIENTATION2015.4.3-加入SBA\LIB\CLAPACK\X64\RELEASE\DLASWP.OBJ
D:\MYWORK\LEADOR\ABSOLUTE_ORIENTATION2015\ABSOLUTE_ORIENTATION2015.4.3-加入SBA\LIB\CLAPACK\X64\RELEASE\DLASY2.OBJ
D:\MYWORK\LEADOR\ABSOLUTE_ORIENTATION2015\ABSOLUTE_ORIENTATION2015.4.3-加入SBA\LIB\CLAPACK\X64\RELEASE\DLASYF.OBJ
D:\MYWORK\LEADOR\ABSOLUTE_ORIENTATION2015\ABSOLUTE_ORIENTATION2015.4.3-加入SBA\LIB\CLAPACK\X64\RELEASE\DLATBS.OBJ
D:\MYWORK\LEADOR\ABSOLUTE_ORIENTATION2015\ABSOLUTE_ORIENTATION2015.4.3-加入SBA\LIB\CLAPACK\X64\RELEASE\DLATDF.OBJ
D:\MYWORK\LEADOR\ABSOLUTE_ORIENTATION2015\ABSOLUTE_ORIENTATION2015.4.3-加入SBA\LIB\CLAPACK\X64\RELEASE\DLATPS.OBJ
D:\MYWORK\LEADOR\ABSOLUTE_ORIENTATION2015\ABSOLUTE_ORIENTATION2015.4.3-加入SBA\LIB\CLAPACK\X64\RELEASE\DLATRD.OBJ
D:\MYWORK\LEADOR\ABSOLUTE_ORIENTATION2015\ABSOLUTE_ORIENTATION2015.4.3-加入SBA\LIB\CLAPACK\X64\RELEASE\DLATRS.OBJ
D:\MYWORK\LEADOR\ABSOLUTE_ORIENTATION2015\ABSOLUTE_ORIENTATION2015.4.3-加入SBA\LIB\CLAPACK\X64\RELEASE\DLATRZ.OBJ
D:\MYWORK\LEADOR\ABSOLUTE_ORIENTATION2015\ABSOLUTE_ORIENTATION2015.4.3-加入SBA\LIB\CLAPACK\X64\RELEASE\DLATZM.OBJ
D:\MYWORK\LEADOR\ABSOLUTE_ORIENTATION2015\ABSOLUTE_ORIENTATION2015.4.3-加入SBA\LIB\CLAPACK\X64\RELEASE\DLAUU2.OBJ
D:\MYWORK\LEADOR\ABSOLUTE_ORIENTATION2015\ABSOLUTE_ORIENTATION2015.4.3-加入SBA\LIB\CLAPACK\X64\RELEASE\DLAUUM.OBJ
D:\MYWORK\LEADOR\ABSOLUTE_ORIENTATION2015\ABSOLUTE_ORIENTATION2015.4.3-加入SBA\LIB\CLAPACK\X64\RELEASE\DLAZQ3.OBJ
D:\MYWORK\LEADOR\ABSOLUTE_ORIENTATION2015\ABSOLUTE_ORIENTATION2015.4.3-加入SBA\LIB\CLAPACK\X64\RELEASE\DLAZQ4.OBJ
D:\MYWORK\LEADOR\ABSOLUTE_ORIENTATION2015\ABSOLUTE_ORIENTATION2015.4.3-加入SBA\LIB\CLAPACK\X64\RELEASE\DNRM2.OBJ
D:\MYWORK\LEADOR\ABSOLUTE_ORIENTATION2015\ABSOLUTE_ORIENTATION2015.4.3-加入SBA\LIB\CLAPACK\X64\RELEASE\DOPGTR.OBJ
D:\MYWORK\LEADOR\ABSOLUTE_ORIENTATION2015\ABSOLUTE_ORIENTATION2015.4.3-加入SBA\LIB\CLAPACK\X64\RELEASE\DOPMTR.OBJ
D:\MYWORK\LEADOR\ABSOLUTE_ORIENTATION2015\ABSOLUTE_ORIENTATION2015.4.3-加入SBA\LIB\CLAPACK\X64\RELEASE\DORG2L.OBJ
D:\MYWORK\LEADOR\ABSOLUTE_ORIENTATION2015\ABSOLUTE_ORIENTATION2015.4.3-加入SBA\LIB\CLAPACK\X64\RELEASE\DORG2R.OBJ
D:\MYWORK\LEADOR\ABSOLUTE_ORIENTATION2015\ABSOLUTE_ORIENTATION2015.4.3-加入SBA\LIB\CLAPACK\X64\RELEASE\DORGBR.OBJ
D:\MYWORK\LEADOR\ABSOLUTE_ORIENTATION2015\ABSOLUTE_ORIENTATION2015.4.3-加入SBA\LIB\CLAPACK\X64\RELEASE\DORGHR.OBJ
D:\MYWORK\LEADOR\ABSOLUTE_ORIENTATION2015\ABSOLUTE_ORIENTATION2015.4.3-加入SBA\LIB\CLAPACK\X64\RELEASE\DORGL2.OBJ
D:\MYWORK\LEADOR\ABSOLUTE_ORIENTATION2015\ABSOLUTE_ORIENTATION2015.4.3-加入SBA\LIB\CLAPACK\X64\RELEASE\DORGLQ.OBJ
D:\MYWORK\LEADOR\ABSOLUTE_ORIENTATION2015\ABSOLUTE_ORIENTATION2015.4.3-加入SBA\LIB\CLAPACK\X64\RELEASE\DORGQL.OBJ
D:\MYWORK\LEADOR\ABSOLUTE_ORIENTATION2015\ABSOLUTE_ORIENTATION2015.4.3-加入SBA\LIB\CLAPACK\X64\RELEASE\DORGQR.OBJ
D:\MYWORK\LEADOR\ABSOLUTE_ORIENTATION2015\ABSOLUTE_ORIENTATION2015.4.3-加入SBA\LIB\CLAPACK\X64\RELEASE\DORGR2.OBJ
D:\MYWORK\LEADOR\ABSOLUTE_ORIENTATION2015\ABSOLUTE_ORIENTATION2015.4.3-加入SBA\LIB\CLAPACK\X64\RELEASE\DORGRQ.OBJ
D:\MYWORK\LEADOR\ABSOLUTE_ORIENTATION2015\ABSOLUTE_ORIENTATION2015.4.3-加入SBA\LIB\CLAPACK\X64\RELEASE\DORGTR.OBJ
D:\MYWORK\LEADOR\ABSOLUTE_ORIENTATION2015\ABSOLUTE_ORIENTATION2015.4.3-加入SBA\LIB\CLAPACK\X64\RELEASE\DORM2L.OBJ
D:\MYWORK\LEADOR\ABSOLUTE_ORIENTATION2015\ABSOLUTE_ORIENTATION2015.4.3-加入SBA\LIB\CLAPACK\X64\RELEASE\DORM2R.OBJ
D:\MYWORK\LEADOR\ABSOLUTE_ORIENTATION2015\ABSOLUTE_ORIENTATION2015.4.3-加入SBA\LIB\CLAPACK\X64\RELEASE\DORMBR.OBJ
D:\MYWORK\LEADOR\ABSOLUTE_ORIENTATION2015\ABSOLUTE_ORIENTATION2015.4.3-加入SBA\LIB\CLAPACK\X64\RELEASE\DORMHR.OBJ
D:\MYWORK\LEADOR\ABSOLUTE_ORIENTATION2015\ABSOLUTE_ORIENTATION2015.4.3-加入SBA\LIB\CLAPACK\X64\RELEASE\DORML2.OBJ
D:\MYWORK\LEADOR\ABSOLUTE_ORIENTATION2015\ABSOLUTE_ORIENTATION2015.4.3-加入SBA\LIB\CLAPACK\X64\RELEASE\DORMLQ.OBJ
D:\MYWORK\LEADOR\ABSOLUTE_ORIENTATION2015\ABSOLUTE_ORIENTATION2015.4.3-加入SBA\LIB\CLAPACK\X64\RELEASE\DORMQL.OBJ
D:\MYWORK\LEADOR\ABSOLUTE_ORIENTATION2015\ABSOLUTE_ORIENTATION2015.4.3-加入SBA\LIB\CLAPACK\X64\RELEASE\DORMQR.OBJ
D:\MYWORK\LEADOR\ABSOLUTE_ORIENTATION2015\ABSOLUTE_ORIENTATION2015.4.3-加入SBA\LIB\CLAPACK\X64\RELEASE\DORMR2.OBJ
D:\MYWORK\LEADOR\ABSOLUTE_ORIENTATION2015\ABSOLUTE_ORIENTATION2015.4.3-加入SBA\LIB\CLAPACK\X64\RELEASE\DORMR3.OBJ
D:\MYWORK\LEADOR\ABSOLUTE_ORIENTATION2015\ABSOLUTE_ORIENTATION2015.4.3-加入SBA\LIB\CLAPACK\X64\RELEASE\DORMRQ.OBJ
D:\MYWORK\LEADOR\ABSOLUTE_ORIENTATION2015\ABSOLUTE_ORIENTATION2015.4.3-加入SBA\LIB\CLAPACK\X64\RELEASE\DORMRZ.OBJ
D:\MYWORK\LEADOR\ABSOLUTE_ORIENTATION2015\ABSOLUTE_ORIENTATION2015.4.3-加入SBA\LIB\CLAPACK\X64\RELEASE\DORMTR.OBJ
D:\MYWORK\LEADOR\ABSOLUTE_ORIENTATION2015\ABSOLUTE_ORIENTATION2015.4.3-加入SBA\LIB\CLAPACK\X64\RELEASE\DPBCON.OBJ
D:\MYWORK\LEADOR\ABSOLUTE_ORIENTATION2015\ABSOLUTE_ORIENTATION2015.4.3-加入SBA\LIB\CLAPACK\X64\RELEASE\DPBEQU.OBJ
D:\MYWORK\LEADOR\ABSOLUTE_ORIENTATION2015\ABSOLUTE_ORIENTATION2015.4.3-加入SBA\LIB\CLAPACK\X64\RELEASE\DPBRFS.OBJ
D:\MYWORK\LEADOR\ABSOLUTE_ORIENTATION2015\ABSOLUTE_ORIENTATION2015.4.3-加入SBA\LIB\CLAPACK\X64\RELEASE\DPBSTF.OBJ
D:\MYWORK\LEADOR\ABSOLUTE_ORIENTATION2015\ABSOLUTE_ORIENTATION2015.4.3-加入SBA\LIB\CLAPACK\X64\RELEASE\DPBSV.OBJ
D:\MYWORK\LEADOR\ABSOLUTE_ORIENTATION2015\ABSOLUTE_ORIENTATION2015.4.3-加入SBA\LIB\CLAPACK\X64\RELEASE\DPBSVX.OBJ
D:\MYWORK\LEADOR\ABSOLUTE_ORIENTATION2015\ABSOLUTE_ORIENTATION2015.4.3-加入SBA\LIB\CLAPACK\X64\RELEASE\DPBTF2.OBJ
D:\MYWORK\LEADOR\ABSOLUTE_ORIENTATION2015\ABSOLUTE_ORIENTATION2015.4.3-加入SBA\LIB\CLAPACK\X64\RELEASE\DPBTRF.OBJ
D:\MYWORK\LEADOR\ABSOLUTE_ORIENTATION2015\ABSOLUTE_ORIENTATION2015.4.3-加入SBA\LIB\CLAPACK\X64\RELEASE\DPBTRS.OBJ
D:\MYWORK\LEADOR\ABSOLUTE_ORIENTATION2015\ABSOLUTE_ORIENTATION2015.4.3-加入SBA\LIB\CLAPACK\X64\RELEASE\DPOCON.OBJ
D:\MYWORK\LEADOR\ABSOLUTE_ORIENTATION2015\ABSOLUTE_ORIENTATION2015.4.3-加入SBA\LIB\CLAPACK\X64\RELEASE\DPOEQU.OBJ
D:\MYWORK\LEADOR\ABSOLUTE_ORIENTATION2015\ABSOLUTE_ORIENTATION2015.4.3-加入SBA\LIB\CLAPACK\X64\RELEASE\DPORFS.OBJ
D:\MYWORK\LEADOR\ABSOLUTE_ORIENTATION2015\ABSOLUTE_ORIENTATION2015.4.3-加入SBA\LIB\CLAPACK\X64\RELEASE\DPOSV.OBJ
D:\MYWORK\LEADOR\ABSOLUTE_ORIENTATION2015\ABSOLUTE_ORIENTATION2015.4.3-加入SBA\LIB\CLAPACK\X64\RELEASE\DPOSVX.OBJ
D:\MYWORK\LEADOR\ABSOLUTE_ORIENTATION2015\ABSOLUTE_ORIENTATION2015.4.3-加入SBA\LIB\CLAPACK\X64\RELEASE\DPOTF2.OBJ
D:\MYWORK\LEADOR\ABSOLUTE_ORIENTATION2015\ABSOLUTE_ORIENTATION2015.4.3-加入SBA\LIB\CLAPACK\X64\RELEASE\DPOTRF.OBJ
D:\MYWORK\LEADOR\ABSOLUTE_ORIENTATION2015\ABSOLUTE_ORIENTATION2015.4.3-加入SBA\LIB\CLAPACK\X64\RELEASE\DPOTRI.OBJ
D:\MYWORK\LEADOR\ABSOLUTE_ORIENTATION2015\ABSOLUTE_ORIENTATION2015.4.3-加入SBA\LIB\CLAPACK\X64\RELEASE\DPOTRS.OBJ
D:\MYWORK\LEADOR\ABSOLUTE_ORIENTATION2015\ABSOLUTE_ORIENTATION2015.4.3-加入SBA\LIB\CLAPACK\X64\RELEASE\DPPCON.OBJ
D:\MYWORK\LEADOR\ABSOLUTE_ORIENTATION2015\ABSOLUTE_ORIENTATION2015.4.3-加入SBA\LIB\CLAPACK\X64\RELEASE\DPPEQU.OBJ
D:\MYWORK\LEADOR\ABSOLUTE_ORIENTATION2015\ABSOLUTE_ORIENTATION2015.4.3-加入SBA\LIB\CLAPACK\X64\RELEASE\DPPRFS.OBJ
D:\MYWORK\LEADOR\ABSOLUTE_ORIENTATION2015\ABSOLUTE_ORIENTATION2015.4.3-加入SBA\LIB\CLAPACK\X64\RELEASE\DPPSV.OBJ
D:\MYWORK\LEADOR\ABSOLUTE_ORIENTATION2015\ABSOLUTE_ORIENTATION2015.4.3-加入SBA\LIB\CLAPACK\X64\RELEASE\DPPSVX.OBJ
D:\MYWORK\LEADOR\ABSOLUTE_ORIENTATION2015\ABSOLUTE_ORIENTATION2015.4.3-加入SBA\LIB\CLAPACK\X64\RELEASE\DPPTRF.OBJ
D:\MYWORK\LEADOR\ABSOLUTE_ORIENTATION2015\ABSOLUTE_ORIENTATION2015.4.3-加入SBA\LIB\CLAPACK\X64\RELEASE\DPPTRI.OBJ
D:\MYWORK\LEADOR\ABSOLUTE_ORIENTATION2015\ABSOLUTE_ORIENTATION2015.4.3-加入SBA\LIB\CLAPACK\X64\RELEASE\DPPTRS.OBJ
D:\MYWORK\LEADOR\ABSOLUTE_ORIENTATION2015\ABSOLUTE_ORIENTATION2015.4.3-加入SBA\LIB\CLAPACK\X64\RELEASE\DPTCON.OBJ
D:\MYWORK\LEADOR\ABSOLUTE_ORIENTATION2015\ABSOLUTE_ORIENTATION2015.4.3-加入SBA\LIB\CLAPACK\X64\RELEASE\DPTEQR.OBJ
D:\MYWORK\LEADOR\ABSOLUTE_ORIENTATION2015\ABSOLUTE_ORIENTATION2015.4.3-加入SBA\LIB\CLAPACK\X64\RELEASE\DPTRFS.OBJ
D:\MYWORK\LEADOR\ABSOLUTE_ORIENTATION2015\ABSOLUTE_ORIENTATION2015.4.3-加入SBA\LIB\CLAPACK\X64\RELEASE\DPTSV.OBJ
D:\MYWORK\LEADOR\ABSOLUTE_ORIENTATION2015\ABSOLUTE_ORIENTATION2015.4.3-加入SBA\LIB\CLAPACK\X64\RELEASE\DPTSVX.OBJ
D:\MYWORK\LEADOR\ABSOLUTE_ORIENTATION2015\ABSOLUTE_ORIENTATION2015.4.3-加入SBA\LIB\CLAPACK\X64\RELEASE\DPTTRF.OBJ
D:\MYWORK\LEADOR\ABSOLUTE_ORIENTATION2015\ABSOLUTE_ORIENTATION2015.4.3-加入SBA\LIB\CLAPACK\X64\RELEASE\DPTTRS.OBJ
D:\MYWORK\LEADOR\ABSOLUTE_ORIENTATION2015\ABSOLUTE_ORIENTATION2015.4.3-加入SBA\LIB\CLAPACK\X64\RELEASE\DPTTS2.OBJ
D:\MYWORK\LEADOR\ABSOLUTE_ORIENTATION2015\ABSOLUTE_ORIENTATION2015.4.3-加入SBA\LIB\CLAPACK\X64\RELEASE\DROT.OBJ
D:\MYWORK\LEADOR\ABSOLUTE_ORIENTATION2015\ABSOLUTE_ORIENTATION2015.4.3-加入SBA\LIB\CLAPACK\X64\RELEASE\DROTG.OBJ
D:\MYWORK\LEADOR\ABSOLUTE_ORIENTATION2015\ABSOLUTE_ORIENTATION2015.4.3-加入SBA\LIB\CLAPACK\X64\RELEASE\DROTM.OBJ
D:\MYWORK\LEADOR\ABSOLUTE_ORIENTATION2015\ABSOLUTE_ORIENTATION2015.4.3-加入SBA\LIB\CLAPACK\X64\RELEASE\DROTMG.OBJ
D:\MYWORK\LEADOR\ABSOLUTE_ORIENTATION2015\ABSOLUTE_ORIENTATION2015.4.3-加入SBA\LIB\CLAPACK\X64\RELEASE\DRSCL.OBJ
D:\MYWORK\LEADOR\ABSOLUTE_ORIENTATION2015\ABSOLUTE_ORIENTATION2015.4.3-加入SBA\LIB\CLAPACK\X64\RELEASE\DSBEV.OBJ
D:\MYWORK\LEADOR\ABSOLUTE_ORIENTATION2015\ABSOLUTE_ORIENTATION2015.4.3-加入SBA\LIB\CLAPACK\X64\RELEASE\DSBEVD.OBJ
D:\MYWORK\LEADOR\ABSOLUTE_ORIENTATION2015\ABSOLUTE_ORIENTATION2015.4.3-加入SBA\LIB\CLAPACK\X64\RELEASE\DSBEVX.OBJ
D:\MYWORK\LEADOR\ABSOLUTE_ORIENTATION2015\ABSOLUTE_ORIENTATION2015.4.3-加入SBA\LIB\CLAPACK\X64\RELEASE\DSBGST.OBJ
D:\MYWORK\LEADOR\ABSOLUTE_ORIENTATION2015\ABSOLUTE_ORIENTATION2015.4.3-加入SBA\LIB\CLAPACK\X64\RELEASE\DSBGV.OBJ
D:\MYWORK\LEADOR\ABSOLUTE_ORIENTATION2015\ABSOLUTE_ORIENTATION2015.4.3-加入SBA\LIB\CLAPACK\X64\RELEASE\DSBGVD.OBJ
D:\MYWORK\LEADOR\ABSOLUTE_ORIENTATION2015\ABSOLUTE_ORIENTATION2015.4.3-加入SBA\LIB\CLAPACK\X64\RELEASE\DSBGVX.OBJ
D:\MYWORK\LEADOR\ABSOLUTE_ORIENTATION2015\ABSOLUTE_ORIENTATION2015.4.3-加入SBA\LIB\CLAPACK\X64\RELEASE\DSBMV.OBJ
D:\MYWORK\LEADOR\ABSOLUTE_ORIENTATION2015\ABSOLUTE_ORIENTATION2015.4.3-加入SBA\LIB\CLAPACK\X64\RELEASE\DSBTRD.OBJ
D:\MYWORK\LEADOR\ABSOLUTE_ORIENTATION2015\ABSOLUTE_ORIENTATION2015.4.3-加入SBA\LIB\CLAPACK\X64\RELEASE\DSCAL.OBJ
D:\MYWORK\LEADOR\ABSOLUTE_ORIENTATION2015\ABSOLUTE_ORIENTATION2015.4.3-加入SBA\LIB\CLAPACK\X64\RELEASE\DSDOT.OBJ
D:\MYWORK\LEADOR\ABSOLUTE_ORIENTATION2015\ABSOLUTE_ORIENTATION2015.4.3-加入SBA\LIB\CLAPACK\X64\RELEASE\DSECNDTST.OBJ
D:\MYWORK\LEADOR\ABSOLUTE_ORIENTATION2015\ABSOLUTE_ORIENTATION2015.4.3-加入SBA\LIB\CLAPACK\X64\RELEASE\DSGESV.OBJ
D:\MYWORK\LEADOR\ABSOLUTE_ORIENTATION2015\ABSOLUTE_ORIENTATION2015.4.3-加入SBA\LIB\CLAPACK\X64\RELEASE\DSPCON.OBJ
D:\MYWORK\LEADOR\ABSOLUTE_ORIENTATION2015\ABSOLUTE_ORIENTATION2015.4.3-加入SBA\LIB\CLAPACK\X64\RELEASE\DSPEV.OBJ
D:\MYWORK\LEADOR\ABSOLUTE_ORIENTATION2015\ABSOLUTE_ORIENTATION2015.4.3-加入SBA\LIB\CLAPACK\X64\RELEASE\DSPEVD.OBJ
D:\MYWORK\LEADOR\ABSOLUTE_ORIENTATION2015\ABSOLUTE_ORIENTATION2015.4.3-加入SBA\LIB\CLAPACK\X64\RELEASE\DSPEVX.OBJ
D:\MYWORK\LEADOR\ABSOLUTE_ORIENTATION2015\ABSOLUTE_ORIENTATION2015.4.3-加入SBA\LIB\CLAPACK\X64\RELEASE\DSPGST.OBJ
D:\MYWORK\LEADOR\ABSOLUTE_ORIENTATION2015\ABSOLUTE_ORIENTATION2015.4.3-加入SBA\LIB\CLAPACK\X64\RELEASE\DSPGV.OBJ
D:\MYWORK\LEADOR\ABSOLUTE_ORIENTATION2015\ABSOLUTE_ORIENTATION2015.4.3-加入SBA\LIB\CLAPACK\X64\RELEASE\DSPGVD.OBJ
D:\MYWORK\LEADOR\ABSOLUTE_ORIENTATION2015\ABSOLUTE_ORIENTATION2015.4.3-加入SBA\LIB\CLAPACK\X64\RELEASE\DSPGVX.OBJ
D:\MYWORK\LEADOR\ABSOLUTE_ORIENTATION2015\ABSOLUTE_ORIENTATION2015.4.3-加入SBA\LIB\CLAPACK\X64\RELEASE\DSPMV.OBJ
D:\MYWORK\LEADOR\ABSOLUTE_ORIENTATION2015\ABSOLUTE_ORIENTATION2015.4.3-加入SBA\LIB\CLAPACK\X64\RELEASE\DSPR.OBJ
D:\MYWORK\LEADOR\ABSOLUTE_ORIENTATION2015\ABSOLUTE_ORIENTATION2015.4.3-加入SBA\LIB\CLAPACK\X64\RELEASE\DSPR2.OBJ
D:\MYWORK\LEADOR\ABSOLUTE_ORIENTATION2015\ABSOLUTE_ORIENTATION2015.4.3-加入SBA\LIB\CLAPACK\X64\RELEASE\DSPRFS.OBJ
D:\MYWORK\LEADOR\ABSOLUTE_ORIENTATION2015\ABSOLUTE_ORIENTATION2015.4.3-加入SBA\LIB\CLAPACK\X64\RELEASE\DSPSV.OBJ
D:\MYWORK\LEADOR\ABSOLUTE_ORIENTATION2015\ABSOLUTE_ORIENTATION2015.4.3-加入SBA\LIB\CLAPACK\X64\RELEASE\DSPSVX.OBJ
D:\MYWORK\LEADOR\ABSOLUTE_ORIENTATION2015\ABSOLUTE_ORIENTATION2015.4.3-加入SBA\LIB\CLAPACK\X64\RELEASE\DSPTRD.OBJ
D:\MYWORK\LEADOR\ABSOLUTE_ORIENTATION2015\ABSOLUTE_ORIENTATION2015.4.3-加入SBA\LIB\CLAPACK\X64\RELEASE\DSPTRF.OBJ
D:\MYWORK\LEADOR\ABSOLUTE_ORIENTATION2015\ABSOLUTE_ORIENTATION2015.4.3-加入SBA\LIB\CLAPACK\X64\RELEASE\DSPTRI.OBJ
D:\MYWORK\LEADOR\ABSOLUTE_ORIENTATION2015\ABSOLUTE_ORIENTATION2015.4.3-加入SBA\LIB\CLAPACK\X64\RELEASE\DSPTRS.OBJ
D:\MYWORK\LEADOR\ABSOLUTE_ORIENTATION2015\ABSOLUTE_ORIENTATION2015.4.3-加入SBA\LIB\CLAPACK\X64\RELEASE\DSTEBZ.OBJ
D:\MYWORK\LEADOR\ABSOLUTE_ORIENTATION2015\ABSOLUTE_ORIENTATION2015.4.3-加入SBA\LIB\CLAPACK\X64\RELEASE\DSTEDC.OBJ
D:\MYWORK\LEADOR\ABSOLUTE_ORIENTATION2015\ABSOLUTE_ORIENTATION2015.4.3-加入SBA\LIB\CLAPACK\X64\RELEASE\DSTEGR.OBJ
D:\MYWORK\LEADOR\ABSOLUTE_ORIENTATION2015\ABSOLUTE_ORIENTATION2015.4.3-加入SBA\LIB\CLAPACK\X64\RELEASE\DSTEIN.OBJ
D:\MYWORK\LEADOR\ABSOLUTE_ORIENTATION2015\ABSOLUTE_ORIENTATION2015.4.3-加入SBA\LIB\CLAPACK\X64\RELEASE\DSTEMR.OBJ
D:\MYWORK\LEADOR\ABSOLUTE_ORIENTATION2015\ABSOLUTE_ORIENTATION2015.4.3-加入SBA\LIB\CLAPACK\X64\RELEASE\DSTEQR.OBJ
D:\MYWORK\LEADOR\ABSOLUTE_ORIENTATION2015\ABSOLUTE_ORIENTATION2015.4.3-加入SBA\LIB\CLAPACK\X64\RELEASE\DSTERF.OBJ
D:\MYWORK\LEADOR\ABSOLUTE_ORIENTATION2015\ABSOLUTE_ORIENTATION2015.4.3-加入SBA\LIB\CLAPACK\X64\RELEASE\DSTEV.OBJ
D:\MYWORK\LEADOR\ABSOLUTE_ORIENTATION2015\ABSOLUTE_ORIENTATION2015.4.3-加入SBA\LIB\CLAPACK\X64\RELEASE\DSTEVD.OBJ
D:\MYWORK\LEADOR\ABSOLUTE_ORIENTATION2015\ABSOLUTE_ORIENTATION2015.4.3-加入SBA\LIB\CLAPACK\X64\RELEASE\DSTEVR.OBJ
D:\MYWORK\LEADOR\ABSOLUTE_ORIENTATION2015\ABSOLUTE_ORIENTATION2015.4.3-加入SBA\LIB\CLAPACK\X64\RELEASE\DSTEVX.OBJ
D:\MYWORK\LEADOR\ABSOLUTE_ORIENTATION2015\ABSOLUTE_ORIENTATION2015.4.3-加入SBA\LIB\CLAPACK\X64\RELEASE\DSWAP.OBJ
D:\MYWORK\LEADOR\ABSOLUTE_ORIENTATION2015\ABSOLUTE_ORIENTATION2015.4.3-加入SBA\LIB\CLAPACK\X64\RELEASE\DSYCON.OBJ
D:\MYWORK\LEADOR\ABSOLUTE_ORIENTATION2015\ABSOLUTE_ORIENTATION2015.4.3-加入SBA\LIB\CLAPACK\X64\RELEASE\DSYEV.OBJ
D:\MYWORK\LEADOR\ABSOLUTE_ORIENTATION2015\ABSOLUTE_ORIENTATION2015.4.3-加入SBA\LIB\CLAPACK\X64\RELEASE\DSYEVD.OBJ
D:\MYWORK\LEADOR\ABSOLUTE_ORIENTATION2015\ABSOLUTE_ORIENTATION2015.4.3-加入SBA\LIB\CLAPACK\X64\RELEASE\DSYEVR.OBJ
D:\MYWORK\LEADOR\ABSOLUTE_ORIENTATION2015\ABSOLUTE_ORIENTATION2015.4.3-加入SBA\LIB\CLAPACK\X64\RELEASE\DSYEVX.OBJ
D:\MYWORK\LEADOR\ABSOLUTE_ORIENTATION2015\ABSOLUTE_ORIENTATION2015.4.3-加入SBA\LIB\CLAPACK\X64\RELEASE\DSYGS2.OBJ
D:\MYWORK\LEADOR\ABSOLUTE_ORIENTATION2015\ABSOLUTE_ORIENTATION2015.4.3-加入SBA\LIB\CLAPACK\X64\RELEASE\DSYGST.OBJ
D:\MYWORK\LEADOR\ABSOLUTE_ORIENTATION2015\ABSOLUTE_ORIENTATION2015.4.3-加入SBA\LIB\CLAPACK\X64\RELEASE\DSYGV.OBJ
D:\MYWORK\LEADOR\ABSOLUTE_ORIENTATION2015\ABSOLUTE_ORIENTATION2015.4.3-加入SBA\LIB\CLAPACK\X64\RELEASE\DSYGVD.OBJ
D:\MYWORK\LEADOR\ABSOLUTE_ORIENTATION2015\ABSOLUTE_ORIENTATION2015.4.3-加入SBA\LIB\CLAPACK\X64\RELEASE\DSYGVX.OBJ
D:\MYWORK\LEADOR\ABSOLUTE_ORIENTATION2015\ABSOLUTE_ORIENTATION2015.4.3-加入SBA\LIB\CLAPACK\X64\RELEASE\DSYMM.OBJ
D:\MYWORK\LEADOR\ABSOLUTE_ORIENTATION2015\ABSOLUTE_ORIENTATION2015.4.3-加入SBA\LIB\CLAPACK\X64\RELEASE\DSYMV.OBJ
D:\MYWORK\LEADOR\ABSOLUTE_ORIENTATION2015\ABSOLUTE_ORIENTATION2015.4.3-加入SBA\LIB\CLAPACK\X64\RELEASE\DSYR.OBJ
D:\MYWORK\LEADOR\ABSOLUTE_ORIENTATION2015\ABSOLUTE_ORIENTATION2015.4.3-加入SBA\LIB\CLAPACK\X64\RELEASE\DSYR2.OBJ
D:\MYWORK\LEADOR\ABSOLUTE_ORIENTATION2015\ABSOLUTE_ORIENTATION2015.4.3-加入SBA\LIB\CLAPACK\X64\RELEASE\DSYR2K.OBJ
D:\MYWORK\LEADOR\ABSOLUTE_ORIENTATION2015\ABSOLUTE_ORIENTATION2015.4.3-加入SBA\LIB\CLAPACK\X64\RELEASE\DSYRFS.OBJ
D:\MYWORK\LEADOR\ABSOLUTE_ORIENTATION2015\ABSOLUTE_ORIENTATION2015.4.3-加入SBA\LIB\CLAPACK\X64\RELEASE\DSYRK.OBJ
D:\MYWORK\LEADOR\ABSOLUTE_ORIENTATION2015\ABSOLUTE_ORIENTATION2015.4.3-加入SBA\LIB\CLAPACK\X64\RELEASE\DSYSV.OBJ
D:\MYWORK\LEADOR\ABSOLUTE_ORIENTATION2015\ABSOLUTE_ORIENTATION2015.4.3-加入SBA\LIB\CLAPACK\X64\RELEASE\DSYSVX.OBJ
D:\MYWORK\LEADOR\ABSOLUTE_ORIENTATION2015\ABSOLUTE_ORIENTATION2015.4.3-加入SBA\LIB\CLAPACK\X64\RELEASE\DSYTD2.OBJ
D:\MYWORK\LEADOR\ABSOLUTE_ORIENTATION2015\ABSOLUTE_ORIENTATION2015.4.3-加入SBA\LIB\CLAPACK\X64\RELEASE\DSYTF2.OBJ
D:\MYWORK\LEADOR\ABSOLUTE_ORIENTATION2015\ABSOLUTE_ORIENTATION2015.4.3-加入SBA\LIB\CLAPACK\X64\RELEASE\DSYTRD.OBJ
D:\MYWORK\LEADOR\ABSOLUTE_ORIENTATION2015\ABSOLUTE_ORIENTATION2015.4.3-加入SBA\LIB\CLAPACK\X64\RELEASE\DSYTRF.OBJ
D:\MYWORK\LEADOR\ABSOLUTE_ORIENTATION2015\ABSOLUTE_ORIENTATION2015.4.3-加入SBA\LIB\CLAPACK\X64\RELEASE\DSYTRI.OBJ
D:\MYWORK\LEADOR\ABSOLUTE_ORIENTATION2015\ABSOLUTE_ORIENTATION2015.4.3-加入SBA\LIB\CLAPACK\X64\RELEASE\DSYTRS.OBJ
D:\MYWORK\LEADOR\ABSOLUTE_ORIENTATION2015\ABSOLUTE_ORIENTATION2015.4.3-加入SBA\LIB\CLAPACK\X64\RELEASE\DTBCON.OBJ
D:\MYWORK\LEADOR\ABSOLUTE_ORIENTATION2015\ABSOLUTE_ORIENTATION2015.4.3-加入SBA\LIB\CLAPACK\X64\RELEASE\DTBMV.OBJ
D:\MYWORK\LEADOR\ABSOLUTE_ORIENTATION2015\ABSOLUTE_ORIENTATION2015.4.3-加入SBA\LIB\CLAPACK\X64\RELEASE\DTBRFS.OBJ
D:\MYWORK\LEADOR\ABSOLUTE_ORIENTATION2015\ABSOLUTE_ORIENTATION2015.4.3-加入SBA\LIB\CLAPACK\X64\RELEASE\DTBSV.OBJ
D:\MYWORK\LEADOR\ABSOLUTE_ORIENTATION2015\ABSOLUTE_ORIENTATION2015.4.3-加入SBA\LIB\CLAPACK\X64\RELEASE\DTBTRS.OBJ
D:\MYWORK\LEADOR\ABSOLUTE_ORIENTATION2015\ABSOLUTE_ORIENTATION2015.4.3-加入SBA\LIB\CLAPACK\X64\RELEASE\DTGEVC.OBJ
D:\MYWORK\LEADOR\ABSOLUTE_ORIENTATION2015\ABSOLUTE_ORIENTATION2015.4.3-加入SBA\LIB\CLAPACK\X64\RELEASE\DTGEX2.OBJ
D:\MYWORK\LEADOR\ABSOLUTE_ORIENTATION2015\ABSOLUTE_ORIENTATION2015.4.3-加入SBA\LIB\CLAPACK\X64\RELEASE\DTGEXC.OBJ
D:\MYWORK\LEADOR\ABSOLUTE_ORIENTATION2015\ABSOLUTE_ORIENTATION2015.4.3-加入SBA\LIB\CLAPACK\X64\RELEASE\DTGSEN.OBJ
D:\MYWORK\LEADOR\ABSOLUTE_ORIENTATION2015\ABSOLUTE_ORIENTATION2015.4.3-加入SBA\LIB\CLAPACK\X64\RELEASE\DTGSJA.OBJ
D:\MYWORK\LEADOR\ABSOLUTE_ORIENTATION2015\ABSOLUTE_ORIENTATION2015.4.3-加入SBA\LIB\CLAPACK\X64\RELEASE\DTGSNA.OBJ
D:\MYWORK\LEADOR\ABSOLUTE_ORIENTATION2015\ABSOLUTE_ORIENTATION2015.4.3-加入SBA\LIB\CLAPACK\X64\RELEASE\DTGSY2.OBJ
D:\MYWORK\LEADOR\ABSOLUTE_ORIENTATION2015\ABSOLUTE_ORIENTATION2015.4.3-加入SBA\LIB\CLAPACK\X64\RELEASE\DTGSYL.OBJ
D:\MYWORK\LEADOR\ABSOLUTE_ORIENTATION2015\ABSOLUTE_ORIENTATION2015.4.3-加入SBA\LIB\CLAPACK\X64\RELEASE\DTPCON.OBJ
D:\MYWORK\LEADOR\ABSOLUTE_ORIENTATION2015\ABSOLUTE_ORIENTATION2015.4.3-加入SBA\LIB\CLAPACK\X64\RELEASE\DTPMV.OBJ
D:\MYWORK\LEADOR\ABSOLUTE_ORIENTATION2015\ABSOLUTE_ORIENTATION2015.4.3-加入SBA\LIB\CLAPACK\X64\RELEASE\DTPRFS.OBJ
D:\MYWORK\LEADOR\ABSOLUTE_ORIENTATION2015\ABSOLUTE_ORIENTATION2015.4.3-加入SBA\LIB\CLAPACK\X64\RELEASE\DTPSV.OBJ
D:\MYWORK\LEADOR\ABSOLUTE_ORIENTATION2015\ABSOLUTE_ORIENTATION2015.4.3-加入SBA\LIB\CLAPACK\X64\RELEASE\DTPTRI.OBJ
D:\MYWORK\LEADOR\ABSOLUTE_ORIENTATION2015\ABSOLUTE_ORIENTATION2015.4.3-加入SBA\LIB\CLAPACK\X64\RELEASE\DTPTRS.OBJ
D:\MYWORK\LEADOR\ABSOLUTE_ORIENTATION2015\ABSOLUTE_ORIENTATION2015.4.3-加入SBA\LIB\CLAPACK\X64\RELEASE\DTRCON.OBJ
D:\MYWORK\LEADOR\ABSOLUTE_ORIENTATION2015\ABSOLUTE_ORIENTATION2015.4.3-加入SBA\LIB\CLAPACK\X64\RELEASE\DTREVC.OBJ
D:\MYWORK\LEADOR\ABSOLUTE_ORIENTATION2015\ABSOLUTE_ORIENTATION2015.4.3-加入SBA\LIB\CLAPACK\X64\RELEASE\DTREXC.OBJ
D:\MYWORK\LEADOR\ABSOLUTE_ORIENTATION2015\ABSOLUTE_ORIENTATION2015.4.3-加入SBA\LIB\CLAPACK\X64\RELEASE\DTRMM.OBJ
D:\MYWORK\LEADOR\ABSOLUTE_ORIENTATION2015\ABSOLUTE_ORIENTATION2015.4.3-加入SBA\LIB\CLAPACK\X64\RELEASE\DTRMV.OBJ
D:\MYWORK\LEADOR\ABSOLUTE_ORIENTATION2015\ABSOLUTE_ORIENTATION2015.4.3-加入SBA\LIB\CLAPACK\X64\RELEASE\DTRRFS.OBJ
D:\MYWORK\LEADOR\ABSOLUTE_ORIENTATION2015\ABSOLUTE_ORIENTATION2015.4.3-加入SBA\LIB\CLAPACK\X64\RELEASE\DTRSEN.OBJ
D:\MYWORK\LEADOR\ABSOLUTE_ORIENTATION2015\ABSOLUTE_ORIENTATION2015.4.3-加入SBA\LIB\CLAPACK\X64\RELEASE\DTRSM.OBJ
D:\MYWORK\LEADOR\ABSOLUTE_ORIENTATION2015\ABSOLUTE_ORIENTATION2015.4.3-加入SBA\LIB\CLAPACK\X64\RELEASE\DTRSNA.OBJ
D:\MYWORK\LEADOR\ABSOLUTE_ORIENTATION2015\ABSOLUTE_ORIENTATION2015.4.3-加入SBA\LIB\CLAPACK\X64\RELEASE\DTRSV.OBJ
D:\MYWORK\LEADOR\ABSOLUTE_ORIENTATION2015\ABSOLUTE_ORIENTATION2015.4.3-加入SBA\LIB\CLAPACK\X64\RELEASE\DTRSYL.OBJ
D:\MYWORK\LEADOR\ABSOLUTE_ORIENTATION2015\ABSOLUTE_ORIENTATION2015.4.3-加入SBA\LIB\CLAPACK\X64\RELEASE\DTRTI2.OBJ
D:\MYWORK\LEADOR\ABSOLUTE_ORIENTATION2015\ABSOLUTE_ORIENTATION2015.4.3-加入SBA\LIB\CLAPACK\X64\RELEASE\DTRTRI.OBJ
D:\MYWORK\LEADOR\ABSOLUTE_ORIENTATION2015\ABSOLUTE_ORIENTATION2015.4.3-加入SBA\LIB\CLAPACK\X64\RELEASE\DTRTRS.OBJ
D:\MYWORK\LEADOR\ABSOLUTE_ORIENTATION2015\ABSOLUTE_ORIENTATION2015.4.3-加入SBA\LIB\CLAPACK\X64\RELEASE\DTZRQF.OBJ
D:\MYWORK\LEADOR\ABSOLUTE_ORIENTATION2015\ABSOLUTE_ORIENTATION2015.4.3-加入SBA\LIB\CLAPACK\X64\RELEASE\DTZRZF.OBJ
D:\MYWORK\LEADOR\ABSOLUTE_ORIENTATION2015\ABSOLUTE_ORIENTATION2015.4.3-加入SBA\LIB\CLAPACK\X64\RELEASE\DZASUM.OBJ
D:\MYWORK\LEADOR\ABSOLUTE_ORIENTATION2015\ABSOLUTE_ORIENTATION2015.4.3-加入SBA\LIB\CLAPACK\X64\RELEASE\DZNRM2.OBJ
D:\MYWORK\LEADOR\ABSOLUTE_ORIENTATION2015\ABSOLUTE_ORIENTATION2015.4.3-加入SBA\LIB\CLAPACK\X64\RELEASE\DZSUM1.OBJ
D:\MYWORK\LEADOR\ABSOLUTE_ORIENTATION2015\ABSOLUTE_ORIENTATION2015.4.3-加入SBA\LIB\CLAPACK\X64\RELEASE\ICAMAX.OBJ
D:\MYWORK\LEADOR\ABSOLUTE_ORIENTATION2015\ABSOLUTE_ORIENTATION2015.4.3-加入SBA\LIB\CLAPACK\X64\RELEASE\ICMAX1.OBJ
D:\MYWORK\LEADOR\ABSOLUTE_ORIENTATION2015\ABSOLUTE_ORIENTATION2015.4.3-加入SBA\LIB\CLAPACK\X64\RELEASE\IDAMAX.OBJ
D:\MYWORK\LEADOR\ABSOLUTE_ORIENTATION2015\ABSOLUTE_ORIENTATION2015.4.3-加入SBA\LIB\CLAPACK\X64\RELEASE\IEEECK.OBJ
D:\MYWORK\LEADOR\ABSOLUTE_ORIENTATION2015\ABSOLUTE_ORIENTATION2015.4.3-加入SBA\LIB\CLAPACK\X64\RELEASE\ILAENV.OBJ
D:\MYWORK\LEADOR\ABSOLUTE_ORIENTATION2015\ABSOLUTE_ORIENTATION2015.4.3-加入SBA\LIB\CLAPACK\X64\RELEASE\ILAVER.OBJ
D:\MYWORK\LEADOR\ABSOLUTE_ORIENTATION2015\ABSOLUTE_ORIENTATION2015.4.3-加入SBA\LIB\CLAPACK\X64\RELEASE\ILAVER1.OBJ
D:\MYWORK\LEADOR\ABSOLUTE_ORIENTATION2015\ABSOLUTE_ORIENTATION2015.4.3-加入SBA\LIB\CLAPACK\X64\RELEASE\IPARMQ.OBJ
D:\MYWORK\LEADOR\ABSOLUTE_ORIENTATION2015\ABSOLUTE_ORIENTATION2015.4.3-加入SBA\LIB\CLAPACK\X64\RELEASE\ISAMAX.OBJ
D:\MYWORK\LEADOR\ABSOLUTE_ORIENTATION2015\ABSOLUTE_ORIENTATION2015.4.3-加入SBA\LIB\CLAPACK\X64\RELEASE\IZAMAX.OBJ
D:\MYWORK\LEADOR\ABSOLUTE_ORIENTATION2015\ABSOLUTE_ORIENTATION2015.4.3-加入SBA\LIB\CLAPACK\X64\RELEASE\IZMAX1.OBJ
D:\MYWORK\LEADOR\ABSOLUTE_ORIENTATION2015\ABSOLUTE_ORIENTATION2015.4.3-加入SBA\LIB\CLAPACK\X64\RELEASE\LAPACK_VERSION.OBJ
D:\MyWork\Leador\absolute_orientation2015\absolute_orientation2015.4.3-加入sba\lib\clapack\x64\Release\lib.command.1.tlog
D:\MyWork\Leador\absolute_orientation2015\absolute_orientation2015.4.3-加入sba\lib\clapack\x64\Release\Lib-link.read.1.tlog
D:\MyWork\Leador\absolute_orientation2015\absolute_orientation2015.4.3-加入sba\lib\clapack\x64\Release\Lib-link.write.1.tlog
D:\MYWORK\LEADOR\ABSOLUTE_ORIENTATION2015\ABSOLUTE_ORIENTATION2015.4.3-加入SBA\LIB\CLAPACK\X64\RELEASE\LSAME.OBJ
D:\MYWORK\LEADOR\ABSOLUTE_ORIENTATION2015\ABSOLUTE_ORIENTATION2015.4.3-加入SBA\LIB\CLAPACK\X64\RELEASE\LSAME1.OBJ
D:\MYWORK\LEADOR\ABSOLUTE_ORIENTATION2015\ABSOLUTE_ORIENTATION2015.4.3-加入SBA\LIB\CLAPACK\X64\RELEASE\LSAMEN.OBJ
D:\MYWORK\LEADOR\ABSOLUTE_ORIENTATION2015\ABSOLUTE_ORIENTATION2015.4.3-加入SBA\LIB\CLAPACK\X64\RELEASE\LSAMETST.OBJ
D:\MYWORK\LEADOR\ABSOLUTE_ORIENTATION2015\ABSOLUTE_ORIENTATION2015.4.3-加入SBA\LIB\CLAPACK\X64\RELEASE\TSTIEE.OBJ
D:\MYWORK\LEADOR\ABSOLUTE_ORIENTATION2015\ABSOLUTE_ORIENTATION2015.4.3-加入SBA\LIB\CLAPACK\X64\RELEASE\VC100.PDB
D:\MYWORK\LEADOR\ABSOLUTE_ORIENTATION2015\ABSOLUTE_ORIENTATION2015.4.3-加入SBA\LIB\CLAPACK\X64\RELEASE\XERBLA.OBJ
D:\MYWORK\LEADOR\ABSOLUTE_ORIENTATION2015\ABSOLUTE_ORIENTATION2015.4.3-加入SBA\LIB\CLAPACK\X64\RELEASE\XERBLA1.OBJ
D:\MYWORK\LEADOR\ABSOLUTE_ORIENTATION2015\ABSOLUTE_ORIENTATION2015.4.3-加入SBA\X64\RELEASE\CLAPACK.LIB
