生成启动时间为 2016/1/4 11:19:42。
     1>项目“D:\1-zengWorkspace\1-bundler_streetViewCode\absolute_orientation2015.4.3-加入sba\absolute_orientation2015.4.3-加入sba\lib\sba-1.5\sba-1.5.vcxproj”在节点 5 上(build 个目标)。
     1>InitializeBuildStatus:
         正在创建“x64\Debug\sba-1.5.unsuccessfulbuild”，因为已指定“AlwaysCreate”。
       ClCompile:
         C:\Program Files (x86)\Microsoft Visual Studio 10.0\VC\bin\x86_amd64\CL.exe /c /I..\matrix /Zi /nologo /W3 /WX- /Od /D WIN32 /D _DEBUG /D _LIB /D _UNICODE /D UNICODE /Gm /EHsc /RTC1 /MDd /GS /fp:precise /Zc:wchar_t /Zc:forScope /Fo"x64\Debug\\" /Fd"x64\Debug\vc100.pdb" /Gd /TC /errorReport:prompt sba_chkjac.c sba_crsm.c sba_lapack.c sba_levmar.c sba_levmar_wrap.c
         sba_levmar_wrap.c
         sba_levmar.c
         sba_lapack.c
     1>sba_lapack.c(1079): warning C4133: “函数”: 从“double *”到“int *”的类型不兼容
         sba_crsm.c
         sba_chkjac.c
         Generating Code...
       Lib:
         C:\Program Files (x86)\Microsoft Visual Studio 10.0\VC\bin\x86_amd64\Lib.exe /OUT:"D:\1-zengWorkspace\1-bundler_streetViewCode\absolute_orientation2015.4.3-加入sba\absolute_orientation2015.4.3-加入sba\x64\Debug\sba-1.5.lib" /NOLOGO x64\Debug\sba_chkjac.obj
         x64\Debug\sba_crsm.obj
         x64\Debug\sba_lapack.obj
         x64\Debug\sba_levmar.obj
         x64\Debug\sba_levmar_wrap.obj
         sba-1.5.vcxproj -> D:\1-zengWorkspace\1-bundler_streetViewCode\absolute_orientation2015.4.3-加入sba\absolute_orientation2015.4.3-加入sba\x64\Debug\sba-1.5.lib
       FinalizeBuildStatus:
         正在删除文件“x64\Debug\sba-1.5.unsuccessfulbuild”。
         正在对“x64\Debug\sba-1.5.lastbuildstate”执行 Touch 任务。
     1>已完成生成项目“D:\1-zengWorkspace\1-bundler_streetViewCode\absolute_orientation2015.4.3-加入sba\absolute_orientation2015.4.3-加入sba\lib\sba-1.5\sba-1.5.vcxproj”(build 个目标)的操作。

生成成功。

已用时间 00:00:02.31
