生成启动时间为 2016/1/4 11:19:42。
     1>项目“D:\1-zengWorkspace\1-bundler_streetViewCode\absolute_orientation2015.4.3-加入sba\absolute_orientation2015.4.3-加入sba\lib\cblas\cblas.vcxproj”在节点 4 上(build 个目标)。
     1>InitializeBuildStatus:
         正在创建“x64\Debug\cblas.unsuccessfulbuild”，因为已指定“AlwaysCreate”。
       ClCompile:
         C:\Program Files (x86)\Microsoft Visual Studio 10.0\VC\bin\x86_amd64\CL.exe /c /Zi /nologo /W3 /WX- /Od /D WIN32 /D _DEBUG /D _LIB /D NO_BLAS_WRAP /D _UNICODE /D UNICODE /Gm /EHsc /RTC1 /MDd /GS /fp:precise /Zc:wchar_t /Zc:forScope /Fo"x64\Debug\\" /Fd"x64\Debug\vc100.pdb" /Gd /TC /errorReport:prompt cblas_dgemm.c cblas_globals.c cblas_xerbla.c
         cblas_xerbla.c
         cblas_globals.c
         cblas_dgemm.c
         Generating Code...
       Lib:
         C:\Program Files (x86)\Microsoft Visual Studio 10.0\VC\bin\x86_amd64\Lib.exe /OUT:"D:\1-zengWorkspace\1-bundler_streetViewCode\absolute_orientation2015.4.3-加入sba\absolute_orientation2015.4.3-加入sba\x64\Debug\cblas.lib" /NOLOGO x64\Debug\cblas_dgemm.obj
         x64\Debug\cblas_globals.obj
         x64\Debug\cblas_xerbla.obj
         cblas.vcxproj -> D:\1-zengWorkspace\1-bundler_streetViewCode\absolute_orientation2015.4.3-加入sba\absolute_orientation2015.4.3-加入sba\x64\Debug\cblas.lib
       FinalizeBuildStatus:
         正在删除文件“x64\Debug\cblas.unsuccessfulbuild”。
         正在对“x64\Debug\cblas.lastbuildstate”执行 Touch 任务。
     1>已完成生成项目“D:\1-zengWorkspace\1-bundler_streetViewCode\absolute_orientation2015.4.3-加入sba\absolute_orientation2015.4.3-加入sba\lib\cblas\cblas.vcxproj”(build 个目标)的操作。

生成成功。

已用时间 00:00:02.45
