D:\MYWORK\LEADOR\ABSOLUTE_ORIENTATION2015\ABSOLUTE_ORIENTATION2015.4.3-加入SBA\LIB\IMAGELIB\X64\RELEASE\AFFINE.OBJ
D:\MYWORK\LEADOR\ABSOLUTE_ORIENTATION2015\ABSOLUTE_ORIENTATION2015.4.3-加入SBA\LIB\IMAGELIB\X64\RELEASE\BINIMAGE.OBJ
D:\MYWORK\LEADOR\ABSOLUTE_ORIENTATION2015\ABSOLUTE_ORIENTATION2015.4.3-加入SBA\LIB\IMAGELIB\X64\RELEASE\BINVOLUME.OBJ
D:\MYWORK\LEADOR\ABSOLUTE_ORIENTATION2015\ABSOLUTE_ORIENTATION2015.4.3-加入SBA\LIB\IMAGELIB\X64\RELEASE\BMP.OBJ
D:\MYWORK\LEADOR\ABSOLUTE_ORIENTATION2015\ABSOLUTE_ORIENTATION2015.4.3-加入SBA\LIB\IMAGELIB\X64\RELEASE\CANNY.OBJ
D:\MyWork\Leador\absolute_orientation2015\absolute_orientation2015.4.3-加入sba\lib\imagelib\x64\Release\cl.command.1.tlog
D:\MyWork\Leador\absolute_orientation2015\absolute_orientation2015.4.3-加入sba\lib\imagelib\x64\Release\CL.read.1.tlog
D:\MyWork\Leador\absolute_orientation2015\absolute_orientation2015.4.3-加入sba\lib\imagelib\x64\Release\CL.write.1.tlog
D:\MYWORK\LEADOR\ABSOLUTE_ORIENTATION2015\ABSOLUTE_ORIENTATION2015.4.3-加入SBA\LIB\IMAGELIB\X64\RELEASE\COLOR.OBJ
D:\MYWORK\LEADOR\ABSOLUTE_ORIENTATION2015\ABSOLUTE_ORIENTATION2015.4.3-加入SBA\LIB\IMAGELIB\X64\RELEASE\FILEIO.OBJ
D:\MYWORK\LEADOR\ABSOLUTE_ORIENTATION2015\ABSOLUTE_ORIENTATION2015.4.3-加入SBA\LIB\IMAGELIB\X64\RELEASE\FILTER.OBJ
D:\MYWORK\LEADOR\ABSOLUTE_ORIENTATION2015\ABSOLUTE_ORIENTATION2015.4.3-加入SBA\LIB\IMAGELIB\X64\RELEASE\FIT.OBJ
D:\MYWORK\LEADOR\ABSOLUTE_ORIENTATION2015\ABSOLUTE_ORIENTATION2015.4.3-加入SBA\LIB\IMAGELIB\X64\RELEASE\FMATRIX.OBJ
D:\MYWORK\LEADOR\ABSOLUTE_ORIENTATION2015\ABSOLUTE_ORIENTATION2015.4.3-加入SBA\LIB\IMAGELIB\X64\RELEASE\HOMOGRAPHY.OBJ
D:\MYWORK\LEADOR\ABSOLUTE_ORIENTATION2015\ABSOLUTE_ORIENTATION2015.4.3-加入SBA\LIB\IMAGELIB\X64\RELEASE\HORN.OBJ
D:\MYWORK\LEADOR\ABSOLUTE_ORIENTATION2015\ABSOLUTE_ORIENTATION2015.4.3-加入SBA\LIB\IMAGELIB\X64\RELEASE\IMAGE.OBJ
D:\MyWork\Leador\absolute_orientation2015\absolute_orientation2015.4.3-加入sba\lib\imagelib\x64\Release\imagelib.write.1.tlog
D:\MYWORK\LEADOR\ABSOLUTE_ORIENTATION2015\ABSOLUTE_ORIENTATION2015.4.3-加入SBA\LIB\IMAGELIB\X64\RELEASE\LERP.OBJ
D:\MyWork\Leador\absolute_orientation2015\absolute_orientation2015.4.3-加入sba\lib\imagelib\x64\Release\lib.command.1.tlog
D:\MyWork\Leador\absolute_orientation2015\absolute_orientation2015.4.3-加入sba\lib\imagelib\x64\Release\Lib-link.read.1.tlog
D:\MyWork\Leador\absolute_orientation2015\absolute_orientation2015.4.3-加入sba\lib\imagelib\x64\Release\Lib-link.write.1.tlog
D:\MYWORK\LEADOR\ABSOLUTE_ORIENTATION2015\ABSOLUTE_ORIENTATION2015.4.3-加入SBA\LIB\IMAGELIB\X64\RELEASE\MORPHOLOGY.OBJ
D:\MYWORK\LEADOR\ABSOLUTE_ORIENTATION2015\ABSOLUTE_ORIENTATION2015.4.3-加入SBA\LIB\IMAGELIB\X64\RELEASE\PGM.OBJ
D:\MYWORK\LEADOR\ABSOLUTE_ORIENTATION2015\ABSOLUTE_ORIENTATION2015.4.3-加入SBA\LIB\IMAGELIB\X64\RELEASE\POLY.OBJ
D:\MYWORK\LEADOR\ABSOLUTE_ORIENTATION2015\ABSOLUTE_ORIENTATION2015.4.3-加入SBA\LIB\IMAGELIB\X64\RELEASE\QSORT.OBJ
D:\MYWORK\LEADOR\ABSOLUTE_ORIENTATION2015\ABSOLUTE_ORIENTATION2015.4.3-加入SBA\LIB\IMAGELIB\X64\RELEASE\RESAMPLE.OBJ
D:\MYWORK\LEADOR\ABSOLUTE_ORIENTATION2015\ABSOLUTE_ORIENTATION2015.4.3-加入SBA\LIB\IMAGELIB\X64\RELEASE\TPS.OBJ
D:\MYWORK\LEADOR\ABSOLUTE_ORIENTATION2015\ABSOLUTE_ORIENTATION2015.4.3-加入SBA\LIB\IMAGELIB\X64\RELEASE\TRANSFORM.OBJ
D:\MYWORK\LEADOR\ABSOLUTE_ORIENTATION2015\ABSOLUTE_ORIENTATION2015.4.3-加入SBA\LIB\IMAGELIB\X64\RELEASE\TRIANGLE.OBJ
D:\MYWORK\LEADOR\ABSOLUTE_ORIENTATION2015\ABSOLUTE_ORIENTATION2015.4.3-加入SBA\LIB\IMAGELIB\X64\RELEASE\TRIANGULATE.OBJ
D:\MYWORK\LEADOR\ABSOLUTE_ORIENTATION2015\ABSOLUTE_ORIENTATION2015.4.3-加入SBA\LIB\IMAGELIB\X64\RELEASE\UTIL.OBJ
D:\MYWORK\LEADOR\ABSOLUTE_ORIENTATION2015\ABSOLUTE_ORIENTATION2015.4.3-加入SBA\LIB\IMAGELIB\X64\RELEASE\VANISH.OBJ
D:\MYWORK\LEADOR\ABSOLUTE_ORIENTATION2015\ABSOLUTE_ORIENTATION2015.4.3-加入SBA\LIB\IMAGELIB\X64\RELEASE\VC100.PDB
D:\MYWORK\LEADOR\ABSOLUTE_ORIENTATION2015\ABSOLUTE_ORIENTATION2015.4.3-加入SBA\X64\RELEASE\IMAGELIB.LIB
